27-Oct-2020 05:12:17.095 信息 [Thread-4] org.apache.coyote.AbstractProtocol.pause Pausing ProtocolHandler ["http-nio-8080"]
27-Oct-2020 05:12:18.347 信息 [Thread-4] org.apache.catalina.core.StandardService.stopInternal Stopping service [Catalina]
27-Oct-2020 05:12:18.394 信息 [Thread-4] org.apache.coyote.AbstractProtocol.stop Stopping ProtocolHandler ["http-nio-8080"]
27-Oct-2020 05:12:19.571 信息 [Thread-4] org.apache.coyote.AbstractProtocol.destroy Destroying ProtocolHandler ["http-nio-8080"]
27-Oct-2020 06:58:39.791 警告 [main] org.apache.catalina.startup.ClassLoaderFactory.validateFile Problem with directory [/Users/wangyahao/Desktop/code/apache-tomcat-8.5.58-src-wyh/source/lib], exists: [false], isDirectory: [false], canRead: [false]
27-Oct-2020 06:58:39.798 警告 [main] org.apache.catalina.startup.ClassLoaderFactory.validateFile Problem with directory [/Users/wangyahao/Desktop/code/apache-tomcat-8.5.58-src-wyh/source/lib], exists: [false], isDirectory: [false], canRead: [false]
27-Oct-2020 06:58:39.798 警告 [main] org.apache.catalina.startup.ClassLoaderFactory.validateFile Problem with directory [/Users/wangyahao/Desktop/code/apache-tomcat-8.5.58-src-wyh/source/lib], exists: [false], isDirectory: [false], canRead: [false]
27-Oct-2020 06:58:39.798 警告 [main] org.apache.catalina.startup.ClassLoaderFactory.validateFile Problem with directory [/Users/wangyahao/Desktop/code/apache-tomcat-8.5.58-src-wyh/source/lib], exists: [false], isDirectory: [false], canRead: [false]
27-Oct-2020 06:58:40.497 信息 [main] org.apache.catalina.startup.VersionLoggerListener.log Server version name:   Apache Tomcat/@VERSION@
27-Oct-2020 06:58:40.497 信息 [main] org.apache.catalina.startup.VersionLoggerListener.log Server built:          @VERSION_BUILT@
27-Oct-2020 06:58:40.497 信息 [main] org.apache.catalina.startup.VersionLoggerListener.log Server version number: @VERSION_NUMBER@
27-Oct-2020 06:58:40.497 信息 [main] org.apache.catalina.startup.VersionLoggerListener.log OS Name:               Mac OS X
27-Oct-2020 06:58:40.497 信息 [main] org.apache.catalina.startup.VersionLoggerListener.log OS Version:            10.15.5
27-Oct-2020 06:58:40.497 信息 [main] org.apache.catalina.startup.VersionLoggerListener.log Architecture:          x86_64
27-Oct-2020 06:58:40.497 信息 [main] org.apache.catalina.startup.VersionLoggerListener.log Java Home:             /Library/Java/JavaVirtualMachines/jdk1.8.0_211.jdk/Contents/Home/jre
27-Oct-2020 06:58:40.498 信息 [main] org.apache.catalina.startup.VersionLoggerListener.log JVM Version:           1.8.0_211-b12
27-Oct-2020 06:58:40.498 信息 [main] org.apache.catalina.startup.VersionLoggerListener.log JVM Vendor:            Oracle Corporation
27-Oct-2020 06:58:40.498 信息 [main] org.apache.catalina.startup.VersionLoggerListener.log CATALINA_BASE:         /Users/wangyahao/Desktop/code/apache-tomcat-8.5.58-src-wyh/source
27-Oct-2020 06:58:40.498 信息 [main] org.apache.catalina.startup.VersionLoggerListener.log CATALINA_HOME:         /Users/wangyahao/Desktop/code/apache-tomcat-8.5.58-src-wyh/source
27-Oct-2020 06:58:40.499 信息 [main] org.apache.catalina.startup.VersionLoggerListener.log Command line argument: -agentlib:jdwp=transport=dt_socket,address=127.0.0.1:64629,suspend=y,server=n
27-Oct-2020 06:58:40.499 信息 [main] org.apache.catalina.startup.VersionLoggerListener.log Command line argument: -Dcatalina.home=/Users/wangyahao/Desktop/code/apache-tomcat-8.5.58-src-wyh/source
27-Oct-2020 06:58:40.499 信息 [main] org.apache.catalina.startup.VersionLoggerListener.log Command line argument: -Dcatalina.base=/Users/wangyahao/Desktop/code/apache-tomcat-8.5.58-src-wyh/source
27-Oct-2020 06:58:40.499 信息 [main] org.apache.catalina.startup.VersionLoggerListener.log Command line argument: -Djava.util.logging.manager=org.apache.juli.ClassLoaderLogManager
27-Oct-2020 06:58:40.499 信息 [main] org.apache.catalina.startup.VersionLoggerListener.log Command line argument: -Djava.util.logging.config.file=/Users/wangyahao/Desktop/code/apache-tomcat-8.5.58-src-wyh/source/conf/logging.properties
27-Oct-2020 06:58:40.499 信息 [main] org.apache.catalina.startup.VersionLoggerListener.log Command line argument: -javaagent:/Users/wangyahao/Library/Caches/IntelliJIdea2019.2/captureAgent/debugger-agent.jar
27-Oct-2020 06:58:40.499 信息 [main] org.apache.catalina.startup.VersionLoggerListener.log Command line argument: -Dfile.encoding=UTF-8
27-Oct-2020 06:58:40.500 信息 [main] org.apache.catalina.core.AprLifecycleListener.lifecycleEvent The Apache Tomcat Native library which allows using OpenSSL was not found on the java.library.path: [/Users/wangyahao/Library/Java/Extensions:/Library/Java/Extensions:/Network/Library/Java/Extensions:/System/Library/Java/Extensions:/usr/lib/java:.]
27-Oct-2020 06:59:05.972 信息 [main] org.apache.coyote.AbstractProtocol.init Initializing ProtocolHandler ["http-nio-8080"]
27-Oct-2020 06:59:06.005 信息 [main] org.apache.tomcat.util.net.NioSelectorPool.getSharedSelector Using a shared selector for servlet write/read
27-Oct-2020 06:59:06.026 信息 [main] org.apache.catalina.startup.Catalina.load Initialization processed in 26201 ms
27-Oct-2020 06:59:06.084 信息 [main] org.apache.catalina.core.StandardService.startInternal Starting service [Catalina]
27-Oct-2020 06:59:06.084 信息 [main] org.apache.catalina.core.StandardEngine.startInternal Starting Servlet Engine: Apache Tomcat/@VERSION@
27-Oct-2020 06:59:06.134 信息 [localhost-startStop-1] org.apache.catalina.startup.HostConfig.deployDirectory Deploying web application directory [/Users/wangyahao/Desktop/code/apache-tomcat-8.5.58-src-wyh/source/webapps/web_demo]
27-Oct-2020 06:59:06.350 警告 [localhost-startStop-1] org.apache.tomcat.util.descriptor.web.WebXml.setVersion Unknown version string [4.0]. Default version will be used.
27-Oct-2020 06:59:08.594 信息 [localhost-startStop-1] org.apache.jasper.servlet.TldScanner.scanJars At least one JAR was scanned for TLDs yet contained no TLDs. Enable debug logging for this logger for a complete list of JARs that were scanned but no TLDs were found in them. Skipping unneeded JARs during scanning can improve startup time and JSP compilation time.
27-Oct-2020 06:59:08.629 信息 [localhost-startStop-1] org.apache.catalina.startup.HostConfig.deployDirectory Deployment of web application directory [/Users/wangyahao/Desktop/code/apache-tomcat-8.5.58-src-wyh/source/webapps/web_demo] has finished in [2,494] ms
27-Oct-2020 06:59:08.629 信息 [localhost-startStop-1] org.apache.catalina.startup.HostConfig.deployDirectory Deploying web application directory [/Users/wangyahao/Desktop/code/apache-tomcat-8.5.58-src-wyh/source/webapps/docs]
27-Oct-2020 06:59:08.711 信息 [localhost-startStop-1] org.apache.jasper.servlet.TldScanner.scanJars At least one JAR was scanned for TLDs yet contained no TLDs. Enable debug logging for this logger for a complete list of JARs that were scanned but no TLDs were found in them. Skipping unneeded JARs during scanning can improve startup time and JSP compilation time.
27-Oct-2020 06:59:08.712 信息 [localhost-startStop-1] org.apache.catalina.startup.HostConfig.deployDirectory Deployment of web application directory [/Users/wangyahao/Desktop/code/apache-tomcat-8.5.58-src-wyh/source/webapps/docs] has finished in [83] ms
27-Oct-2020 06:59:08.713 信息 [localhost-startStop-1] org.apache.catalina.startup.HostConfig.deployDirectory Deploying web application directory [/Users/wangyahao/Desktop/code/apache-tomcat-8.5.58-src-wyh/source/webapps/manager]
27-Oct-2020 06:59:08.796 信息 [localhost-startStop-1] org.apache.jasper.servlet.TldScanner.scanJars At least one JAR was scanned for TLDs yet contained no TLDs. Enable debug logging for this logger for a complete list of JARs that were scanned but no TLDs were found in them. Skipping unneeded JARs during scanning can improve startup time and JSP compilation time.
27-Oct-2020 06:59:08.803 信息 [localhost-startStop-1] org.apache.catalina.startup.HostConfig.deployDirectory Deployment of web application directory [/Users/wangyahao/Desktop/code/apache-tomcat-8.5.58-src-wyh/source/webapps/manager] has finished in [91] ms
27-Oct-2020 06:59:08.803 信息 [localhost-startStop-1] org.apache.catalina.startup.HostConfig.deployDirectory Deploying web application directory [/Users/wangyahao/Desktop/code/apache-tomcat-8.5.58-src-wyh/source/webapps/examples]
27-Oct-2020 06:59:08.969 信息 [localhost-startStop-1] org.apache.jasper.servlet.TldScanner.scanJars At least one JAR was scanned for TLDs yet contained no TLDs. Enable debug logging for this logger for a complete list of JARs that were scanned but no TLDs were found in them. Skipping unneeded JARs during scanning can improve startup time and JSP compilation time.
27-Oct-2020 06:59:08.979 严重 [localhost-startStop-1] org.apache.catalina.core.StandardContext.startInternal One or more listeners failed to start. Full details will be found in the appropriate container log file
27-Oct-2020 06:59:08.980 严重 [localhost-startStop-1] org.apache.catalina.core.StandardContext.startInternal Context [/examples] startup failed due to previous errors
27-Oct-2020 06:59:08.987 信息 [localhost-startStop-1] org.apache.catalina.startup.HostConfig.deployDirectory Deployment of web application directory [/Users/wangyahao/Desktop/code/apache-tomcat-8.5.58-src-wyh/source/webapps/examples] has finished in [184] ms
27-Oct-2020 06:59:08.987 信息 [localhost-startStop-1] org.apache.catalina.startup.HostConfig.deployDirectory Deploying web application directory [/Users/wangyahao/Desktop/code/apache-tomcat-8.5.58-src-wyh/source/webapps/ROOT]
27-Oct-2020 06:59:09.065 信息 [localhost-startStop-1] org.apache.jasper.servlet.TldScanner.scanJars At least one JAR was scanned for TLDs yet contained no TLDs. Enable debug logging for this logger for a complete list of JARs that were scanned but no TLDs were found in them. Skipping unneeded JARs during scanning can improve startup time and JSP compilation time.
27-Oct-2020 06:59:09.067 信息 [localhost-startStop-1] org.apache.catalina.startup.HostConfig.deployDirectory Deployment of web application directory [/Users/wangyahao/Desktop/code/apache-tomcat-8.5.58-src-wyh/source/webapps/ROOT] has finished in [80] ms
27-Oct-2020 06:59:09.067 信息 [localhost-startStop-1] org.apache.catalina.startup.HostConfig.deployDirectory Deploying web application directory [/Users/wangyahao/Desktop/code/apache-tomcat-8.5.58-src-wyh/source/webapps/host-manager]
27-Oct-2020 06:59:09.158 信息 [localhost-startStop-1] org.apache.jasper.servlet.TldScanner.scanJars At least one JAR was scanned for TLDs yet contained no TLDs. Enable debug logging for this logger for a complete list of JARs that were scanned but no TLDs were found in them. Skipping unneeded JARs during scanning can improve startup time and JSP compilation time.
27-Oct-2020 06:59:09.159 信息 [localhost-startStop-1] org.apache.catalina.startup.HostConfig.deployDirectory Deployment of web application directory [/Users/wangyahao/Desktop/code/apache-tomcat-8.5.58-src-wyh/source/webapps/host-manager] has finished in [92] ms
27-Oct-2020 06:59:09.164 信息 [main] org.apache.coyote.AbstractProtocol.start Starting ProtocolHandler ["http-nio-8080"]
27-Oct-2020 06:59:09.173 信息 [main] org.apache.catalina.startup.Catalina.start Server startup in 3146 ms
27-Oct-2020 07:03:37.551 信息 [Thread-4] org.apache.coyote.AbstractProtocol.pause Pausing ProtocolHandler ["http-nio-8080"]
27-Oct-2020 07:03:38.758 信息 [Thread-4] org.apache.catalina.core.StandardService.stopInternal Stopping service [Catalina]
27-Oct-2020 07:03:38.790 信息 [Thread-4] org.apache.coyote.AbstractProtocol.stop Stopping ProtocolHandler ["http-nio-8080"]
27-Oct-2020 07:03:40.021 信息 [Thread-4] org.apache.coyote.AbstractProtocol.destroy Destroying ProtocolHandler ["http-nio-8080"]
27-Oct-2020 07:03:40.023 警告 [Thread-4] org.apache.tomcat.util.net.NioEndpoint.unbind Failed to close server socket for [http-nio-8080]
	java.io.IOException: Unknown error: 316
		at sun.nio.ch.NativeThread.signal(Native Method)
		at sun.nio.ch.ServerSocketChannelImpl.implCloseSelectableChannel(ServerSocketChannelImpl.java:292)
		at java.nio.channels.spi.AbstractSelectableChannel.implCloseChannel(AbstractSelectableChannel.java:234)
		at java.nio.channels.spi.AbstractInterruptibleChannel.close(AbstractInterruptibleChannel.java:115)
		at sun.nio.ch.ServerSocketAdaptor.close(ServerSocketAdaptor.java:137)
		at org.apache.tomcat.util.net.NioEndpoint.doCloseServerSocket(NioEndpoint.java:354)
		at org.apache.tomcat.util.net.NioEndpoint.unbind(NioEndpoint.java:334)
		at org.apache.tomcat.util.net.AbstractEndpoint.destroy(AbstractEndpoint.java:1251)
		at org.apache.coyote.AbstractProtocol.destroy(AbstractProtocol.java:653)
		at org.apache.catalina.connector.Connector.destroyInternal(Connector.java:1130)
		at org.apache.catalina.util.LifecycleBase.destroy(LifecycleBase.java:321)
		at org.apache.catalina.core.StandardService.destroyInternal(StandardService.java:577)
		at org.apache.catalina.util.LifecycleBase.destroy(LifecycleBase.java:321)
		at org.apache.catalina.core.StandardServer.destroyInternal(StandardServer.java:858)
		at org.apache.catalina.util.LifecycleBase.destroy(LifecycleBase.java:321)
		at org.apache.catalina.startup.Catalina.stop(Catalina.java:764)
		at org.apache.catalina.startup.Catalina$CatalinaShutdownHook.run(Catalina.java:864)
27-Oct-2020 07:03:43.461 警告 [main] org.apache.catalina.startup.ClassLoaderFactory.validateFile Problem with directory [/Users/wangyahao/Desktop/code/apache-tomcat-8.5.58-src-wyh/source/lib], exists: [false], isDirectory: [false], canRead: [false]
27-Oct-2020 07:03:43.470 警告 [main] org.apache.catalina.startup.ClassLoaderFactory.validateFile Problem with directory [/Users/wangyahao/Desktop/code/apache-tomcat-8.5.58-src-wyh/source/lib], exists: [false], isDirectory: [false], canRead: [false]
27-Oct-2020 07:03:43.470 警告 [main] org.apache.catalina.startup.ClassLoaderFactory.validateFile Problem with directory [/Users/wangyahao/Desktop/code/apache-tomcat-8.5.58-src-wyh/source/lib], exists: [false], isDirectory: [false], canRead: [false]
27-Oct-2020 07:03:43.471 警告 [main] org.apache.catalina.startup.ClassLoaderFactory.validateFile Problem with directory [/Users/wangyahao/Desktop/code/apache-tomcat-8.5.58-src-wyh/source/lib], exists: [false], isDirectory: [false], canRead: [false]
27-Oct-2020 07:03:44.376 信息 [main] org.apache.catalina.startup.VersionLoggerListener.log Server version name:   Apache Tomcat/@VERSION@
27-Oct-2020 07:03:44.377 信息 [main] org.apache.catalina.startup.VersionLoggerListener.log Server built:          @VERSION_BUILT@
27-Oct-2020 07:03:44.377 信息 [main] org.apache.catalina.startup.VersionLoggerListener.log Server version number: @VERSION_NUMBER@
27-Oct-2020 07:03:44.377 信息 [main] org.apache.catalina.startup.VersionLoggerListener.log OS Name:               Mac OS X
27-Oct-2020 07:03:44.377 信息 [main] org.apache.catalina.startup.VersionLoggerListener.log OS Version:            10.15.5
27-Oct-2020 07:03:44.377 信息 [main] org.apache.catalina.startup.VersionLoggerListener.log Architecture:          x86_64
27-Oct-2020 07:03:44.377 信息 [main] org.apache.catalina.startup.VersionLoggerListener.log Java Home:             /Library/Java/JavaVirtualMachines/jdk1.8.0_211.jdk/Contents/Home/jre
27-Oct-2020 07:03:44.378 信息 [main] org.apache.catalina.startup.VersionLoggerListener.log JVM Version:           1.8.0_211-b12
27-Oct-2020 07:03:44.378 信息 [main] org.apache.catalina.startup.VersionLoggerListener.log JVM Vendor:            Oracle Corporation
27-Oct-2020 07:03:44.379 信息 [main] org.apache.catalina.startup.VersionLoggerListener.log CATALINA_BASE:         /Users/wangyahao/Desktop/code/apache-tomcat-8.5.58-src-wyh/source
27-Oct-2020 07:03:44.379 信息 [main] org.apache.catalina.startup.VersionLoggerListener.log CATALINA_HOME:         /Users/wangyahao/Desktop/code/apache-tomcat-8.5.58-src-wyh/source
27-Oct-2020 07:03:44.381 信息 [main] org.apache.catalina.startup.VersionLoggerListener.log Command line argument: -agentlib:jdwp=transport=dt_socket,address=127.0.0.1:65063,suspend=y,server=n
27-Oct-2020 07:03:44.381 信息 [main] org.apache.catalina.startup.VersionLoggerListener.log Command line argument: -Dcatalina.home=/Users/wangyahao/Desktop/code/apache-tomcat-8.5.58-src-wyh/source
27-Oct-2020 07:03:44.381 信息 [main] org.apache.catalina.startup.VersionLoggerListener.log Command line argument: -Dcatalina.base=/Users/wangyahao/Desktop/code/apache-tomcat-8.5.58-src-wyh/source
27-Oct-2020 07:03:44.381 信息 [main] org.apache.catalina.startup.VersionLoggerListener.log Command line argument: -Djava.util.logging.manager=org.apache.juli.ClassLoaderLogManager
27-Oct-2020 07:03:44.381 信息 [main] org.apache.catalina.startup.VersionLoggerListener.log Command line argument: -Djava.util.logging.config.file=/Users/wangyahao/Desktop/code/apache-tomcat-8.5.58-src-wyh/source/conf/logging.properties
27-Oct-2020 07:03:44.382 信息 [main] org.apache.catalina.startup.VersionLoggerListener.log Command line argument: -javaagent:/Users/wangyahao/Library/Caches/IntelliJIdea2019.2/captureAgent/debugger-agent.jar
27-Oct-2020 07:03:44.382 信息 [main] org.apache.catalina.startup.VersionLoggerListener.log Command line argument: -Dfile.encoding=UTF-8
27-Oct-2020 07:03:44.382 信息 [main] org.apache.catalina.core.AprLifecycleListener.lifecycleEvent The Apache Tomcat Native library which allows using OpenSSL was not found on the java.library.path: [/Users/wangyahao/Library/Java/Extensions:/Library/Java/Extensions:/Network/Library/Java/Extensions:/System/Library/Java/Extensions:/usr/lib/java:.]
27-Oct-2020 07:05:36.354 信息 [main] org.apache.coyote.AbstractProtocol.init Initializing ProtocolHandler ["http-nio-8080"]
27-Oct-2020 07:05:36.380 信息 [main] org.apache.tomcat.util.net.NioSelectorPool.getSharedSelector Using a shared selector for servlet write/read
27-Oct-2020 07:05:36.394 信息 [main] org.apache.catalina.startup.Catalina.load Initialization processed in 112888 ms
27-Oct-2020 07:05:36.439 信息 [main] org.apache.catalina.core.StandardService.startInternal Starting service [Catalina]
27-Oct-2020 07:05:36.440 信息 [main] org.apache.catalina.core.StandardEngine.startInternal Starting Servlet Engine: Apache Tomcat/@VERSION@
27-Oct-2020 07:05:36.475 信息 [localhost-startStop-1] org.apache.catalina.startup.HostConfig.deployDirectory Deploying web application directory [/Users/wangyahao/Desktop/code/apache-tomcat-8.5.58-src-wyh/source/webapps/web_demo]
27-Oct-2020 07:06:19.818 警告 [localhost-startStop-1] org.apache.tomcat.util.descriptor.web.WebXml.setVersion Unknown version string [4.0]. Default version will be used.
27-Oct-2020 07:07:12.227 信息 [localhost-startStop-1] org.apache.jasper.servlet.TldScanner.scanJars At least one JAR was scanned for TLDs yet contained no TLDs. Enable debug logging for this logger for a complete list of JARs that were scanned but no TLDs were found in them. Skipping unneeded JARs during scanning can improve startup time and JSP compilation time.
27-Oct-2020 07:26:18.747 信息 [localhost-startStop-1] org.apache.catalina.startup.HostConfig.deployDirectory Deployment of web application directory [/Users/wangyahao/Desktop/code/apache-tomcat-8.5.58-src-wyh/source/webapps/web_demo] has finished in [1,242,272] ms
27-Oct-2020 07:26:18.750 信息 [localhost-startStop-1] org.apache.catalina.startup.HostConfig.deployDirectory Deploying web application directory [/Users/wangyahao/Desktop/code/apache-tomcat-8.5.58-src-wyh/source/webapps/docs]
27-Oct-2020 07:26:22.187 信息 [localhost-startStop-1] org.apache.jasper.servlet.TldScanner.scanJars At least one JAR was scanned for TLDs yet contained no TLDs. Enable debug logging for this logger for a complete list of JARs that were scanned but no TLDs were found in them. Skipping unneeded JARs during scanning can improve startup time and JSP compilation time.
27-Oct-2020 07:26:22.188 信息 [localhost-startStop-1] org.apache.catalina.startup.HostConfig.deployDirectory Deployment of web application directory [/Users/wangyahao/Desktop/code/apache-tomcat-8.5.58-src-wyh/source/webapps/docs] has finished in [3,438] ms
27-Oct-2020 07:26:22.188 信息 [localhost-startStop-1] org.apache.catalina.startup.HostConfig.deployDirectory Deploying web application directory [/Users/wangyahao/Desktop/code/apache-tomcat-8.5.58-src-wyh/source/webapps/manager]
27-Oct-2020 07:26:22.295 信息 [localhost-startStop-1] org.apache.jasper.servlet.TldScanner.scanJars At least one JAR was scanned for TLDs yet contained no TLDs. Enable debug logging for this logger for a complete list of JARs that were scanned but no TLDs were found in them. Skipping unneeded JARs during scanning can improve startup time and JSP compilation time.
27-Oct-2020 07:26:22.307 信息 [localhost-startStop-1] org.apache.catalina.startup.HostConfig.deployDirectory Deployment of web application directory [/Users/wangyahao/Desktop/code/apache-tomcat-8.5.58-src-wyh/source/webapps/manager] has finished in [119] ms
27-Oct-2020 07:26:22.307 信息 [localhost-startStop-1] org.apache.catalina.startup.HostConfig.deployDirectory Deploying web application directory [/Users/wangyahao/Desktop/code/apache-tomcat-8.5.58-src-wyh/source/webapps/examples]
27-Oct-2020 07:26:22.517 信息 [localhost-startStop-1] org.apache.jasper.servlet.TldScanner.scanJars At least one JAR was scanned for TLDs yet contained no TLDs. Enable debug logging for this logger for a complete list of JARs that were scanned but no TLDs were found in them. Skipping unneeded JARs during scanning can improve startup time and JSP compilation time.
27-Oct-2020 07:26:22.532 严重 [localhost-startStop-1] org.apache.catalina.core.StandardContext.startInternal One or more listeners failed to start. Full details will be found in the appropriate container log file
27-Oct-2020 07:26:22.532 严重 [localhost-startStop-1] org.apache.catalina.core.StandardContext.startInternal Context [/examples] startup failed due to previous errors
27-Oct-2020 07:26:22.540 信息 [localhost-startStop-1] org.apache.catalina.startup.HostConfig.deployDirectory Deployment of web application directory [/Users/wangyahao/Desktop/code/apache-tomcat-8.5.58-src-wyh/source/webapps/examples] has finished in [233] ms
27-Oct-2020 07:26:22.541 信息 [localhost-startStop-1] org.apache.catalina.startup.HostConfig.deployDirectory Deploying web application directory [/Users/wangyahao/Desktop/code/apache-tomcat-8.5.58-src-wyh/source/webapps/ROOT]
27-Oct-2020 07:26:22.622 信息 [localhost-startStop-1] org.apache.jasper.servlet.TldScanner.scanJars At least one JAR was scanned for TLDs yet contained no TLDs. Enable debug logging for this logger for a complete list of JARs that were scanned but no TLDs were found in them. Skipping unneeded JARs during scanning can improve startup time and JSP compilation time.
27-Oct-2020 07:26:22.623 信息 [localhost-startStop-1] org.apache.catalina.startup.HostConfig.deployDirectory Deployment of web application directory [/Users/wangyahao/Desktop/code/apache-tomcat-8.5.58-src-wyh/source/webapps/ROOT] has finished in [82] ms
27-Oct-2020 07:26:22.624 信息 [localhost-startStop-1] org.apache.catalina.startup.HostConfig.deployDirectory Deploying web application directory [/Users/wangyahao/Desktop/code/apache-tomcat-8.5.58-src-wyh/source/webapps/host-manager]
27-Oct-2020 07:26:22.703 信息 [localhost-startStop-1] org.apache.jasper.servlet.TldScanner.scanJars At least one JAR was scanned for TLDs yet contained no TLDs. Enable debug logging for this logger for a complete list of JARs that were scanned but no TLDs were found in them. Skipping unneeded JARs during scanning can improve startup time and JSP compilation time.
27-Oct-2020 07:26:22.704 信息 [localhost-startStop-1] org.apache.catalina.startup.HostConfig.deployDirectory Deployment of web application directory [/Users/wangyahao/Desktop/code/apache-tomcat-8.5.58-src-wyh/source/webapps/host-manager] has finished in [80] ms
27-Oct-2020 07:26:22.711 信息 [main] org.apache.coyote.AbstractProtocol.start Starting ProtocolHandler ["http-nio-8080"]
27-Oct-2020 07:26:22.728 信息 [main] org.apache.catalina.startup.Catalina.start Server startup in 1246332 ms
27-Oct-2020 07:28:23.853 信息 [Thread-4] org.apache.coyote.AbstractProtocol.pause Pausing ProtocolHandler ["http-nio-8080"]
27-Oct-2020 07:28:25.055 信息 [Thread-4] org.apache.catalina.core.StandardService.stopInternal Stopping service [Catalina]
27-Oct-2020 07:28:25.079 信息 [Thread-4] org.apache.coyote.AbstractProtocol.stop Stopping ProtocolHandler ["http-nio-8080"]
27-Oct-2020 07:28:26.275 信息 [Thread-4] org.apache.coyote.AbstractProtocol.destroy Destroying ProtocolHandler ["http-nio-8080"]
27-Oct-2020 07:28:26.276 警告 [Thread-4] org.apache.tomcat.util.net.NioEndpoint.unbind Failed to close server socket for [http-nio-8080]
	java.io.IOException: Unknown error: 316
		at sun.nio.ch.NativeThread.signal(Native Method)
		at sun.nio.ch.ServerSocketChannelImpl.implCloseSelectableChannel(ServerSocketChannelImpl.java:292)
		at java.nio.channels.spi.AbstractSelectableChannel.implCloseChannel(AbstractSelectableChannel.java:234)
		at java.nio.channels.spi.AbstractInterruptibleChannel.close(AbstractInterruptibleChannel.java:115)
		at sun.nio.ch.ServerSocketAdaptor.close(ServerSocketAdaptor.java:137)
		at org.apache.tomcat.util.net.NioEndpoint.doCloseServerSocket(NioEndpoint.java:354)
		at org.apache.tomcat.util.net.NioEndpoint.unbind(NioEndpoint.java:334)
		at org.apache.tomcat.util.net.AbstractEndpoint.destroy(AbstractEndpoint.java:1251)
		at org.apache.coyote.AbstractProtocol.destroy(AbstractProtocol.java:653)
		at org.apache.catalina.connector.Connector.destroyInternal(Connector.java:1130)
		at org.apache.catalina.util.LifecycleBase.destroy(LifecycleBase.java:321)
		at org.apache.catalina.core.StandardService.destroyInternal(StandardService.java:577)
		at org.apache.catalina.util.LifecycleBase.destroy(LifecycleBase.java:321)
		at org.apache.catalina.core.StandardServer.destroyInternal(StandardServer.java:858)
		at org.apache.catalina.util.LifecycleBase.destroy(LifecycleBase.java:321)
		at org.apache.catalina.startup.Catalina.stop(Catalina.java:764)
		at org.apache.catalina.startup.Catalina$CatalinaShutdownHook.run(Catalina.java:864)
27-Oct-2020 07:28:26.875 警告 [main] org.apache.catalina.startup.ClassLoaderFactory.validateFile Problem with directory [/Users/wangyahao/Desktop/code/apache-tomcat-8.5.58-src-wyh/source/lib], exists: [false], isDirectory: [false], canRead: [false]
27-Oct-2020 07:28:26.880 警告 [main] org.apache.catalina.startup.ClassLoaderFactory.validateFile Problem with directory [/Users/wangyahao/Desktop/code/apache-tomcat-8.5.58-src-wyh/source/lib], exists: [false], isDirectory: [false], canRead: [false]
27-Oct-2020 07:28:26.880 警告 [main] org.apache.catalina.startup.ClassLoaderFactory.validateFile Problem with directory [/Users/wangyahao/Desktop/code/apache-tomcat-8.5.58-src-wyh/source/lib], exists: [false], isDirectory: [false], canRead: [false]
27-Oct-2020 07:28:26.880 警告 [main] org.apache.catalina.startup.ClassLoaderFactory.validateFile Problem with directory [/Users/wangyahao/Desktop/code/apache-tomcat-8.5.58-src-wyh/source/lib], exists: [false], isDirectory: [false], canRead: [false]
27-Oct-2020 07:28:27.841 信息 [main] org.apache.catalina.startup.VersionLoggerListener.log Server version name:   Apache Tomcat/@VERSION@
27-Oct-2020 07:28:27.841 信息 [main] org.apache.catalina.startup.VersionLoggerListener.log Server built:          @VERSION_BUILT@
27-Oct-2020 07:28:27.841 信息 [main] org.apache.catalina.startup.VersionLoggerListener.log Server version number: @VERSION_NUMBER@
27-Oct-2020 07:28:27.841 信息 [main] org.apache.catalina.startup.VersionLoggerListener.log OS Name:               Mac OS X
27-Oct-2020 07:28:27.842 信息 [main] org.apache.catalina.startup.VersionLoggerListener.log OS Version:            10.15.5
27-Oct-2020 07:28:27.842 信息 [main] org.apache.catalina.startup.VersionLoggerListener.log Architecture:          x86_64
27-Oct-2020 07:28:27.842 信息 [main] org.apache.catalina.startup.VersionLoggerListener.log Java Home:             /Library/Java/JavaVirtualMachines/jdk1.8.0_211.jdk/Contents/Home/jre
27-Oct-2020 07:28:27.842 信息 [main] org.apache.catalina.startup.VersionLoggerListener.log JVM Version:           1.8.0_211-b12
27-Oct-2020 07:28:27.842 信息 [main] org.apache.catalina.startup.VersionLoggerListener.log JVM Vendor:            Oracle Corporation
27-Oct-2020 07:28:27.843 信息 [main] org.apache.catalina.startup.VersionLoggerListener.log CATALINA_BASE:         /Users/wangyahao/Desktop/code/apache-tomcat-8.5.58-src-wyh/source
27-Oct-2020 07:28:27.843 信息 [main] org.apache.catalina.startup.VersionLoggerListener.log CATALINA_HOME:         /Users/wangyahao/Desktop/code/apache-tomcat-8.5.58-src-wyh/source
27-Oct-2020 07:28:27.844 信息 [main] org.apache.catalina.startup.VersionLoggerListener.log Command line argument: -agentlib:jdwp=transport=dt_socket,address=127.0.0.1:65516,suspend=y,server=n
27-Oct-2020 07:28:27.844 信息 [main] org.apache.catalina.startup.VersionLoggerListener.log Command line argument: -Dcatalina.home=/Users/wangyahao/Desktop/code/apache-tomcat-8.5.58-src-wyh/source
27-Oct-2020 07:28:27.845 信息 [main] org.apache.catalina.startup.VersionLoggerListener.log Command line argument: -Dcatalina.base=/Users/wangyahao/Desktop/code/apache-tomcat-8.5.58-src-wyh/source
27-Oct-2020 07:28:27.845 信息 [main] org.apache.catalina.startup.VersionLoggerListener.log Command line argument: -Djava.util.logging.manager=org.apache.juli.ClassLoaderLogManager
27-Oct-2020 07:28:27.845 信息 [main] org.apache.catalina.startup.VersionLoggerListener.log Command line argument: -Djava.util.logging.config.file=/Users/wangyahao/Desktop/code/apache-tomcat-8.5.58-src-wyh/source/conf/logging.properties
27-Oct-2020 07:28:27.845 信息 [main] org.apache.catalina.startup.VersionLoggerListener.log Command line argument: -javaagent:/Users/wangyahao/Library/Caches/IntelliJIdea2019.2/captureAgent/debugger-agent.jar
27-Oct-2020 07:28:27.845 信息 [main] org.apache.catalina.startup.VersionLoggerListener.log Command line argument: -Dfile.encoding=UTF-8
27-Oct-2020 07:28:27.845 信息 [main] org.apache.catalina.core.AprLifecycleListener.lifecycleEvent The Apache Tomcat Native library which allows using OpenSSL was not found on the java.library.path: [/Users/wangyahao/Library/Java/Extensions:/Library/Java/Extensions:/Network/Library/Java/Extensions:/System/Library/Java/Extensions:/usr/lib/java:.]
27-Oct-2020 07:29:21.365 信息 [main] org.apache.coyote.AbstractProtocol.init Initializing ProtocolHandler ["http-nio-8080"]
27-Oct-2020 07:29:21.395 信息 [main] org.apache.tomcat.util.net.NioSelectorPool.getSharedSelector Using a shared selector for servlet write/read
27-Oct-2020 07:29:21.413 信息 [main] org.apache.catalina.startup.Catalina.load Initialization processed in 54505 ms
27-Oct-2020 07:29:21.461 信息 [main] org.apache.catalina.core.StandardService.startInternal Starting service [Catalina]
27-Oct-2020 07:29:21.461 信息 [main] org.apache.catalina.core.StandardEngine.startInternal Starting Servlet Engine: Apache Tomcat/@VERSION@
27-Oct-2020 07:29:21.499 信息 [localhost-startStop-1] org.apache.catalina.startup.HostConfig.deployDirectory Deploying web application directory [/Users/wangyahao/Desktop/code/apache-tomcat-8.5.58-src-wyh/source/webapps/web_demo]
27-Oct-2020 07:29:21.697 警告 [localhost-startStop-1] org.apache.tomcat.util.descriptor.web.WebXml.setVersion Unknown version string [4.0]. Default version will be used.
27-Oct-2020 07:29:23.975 信息 [localhost-startStop-1] org.apache.jasper.servlet.TldScanner.scanJars At least one JAR was scanned for TLDs yet contained no TLDs. Enable debug logging for this logger for a complete list of JARs that were scanned but no TLDs were found in them. Skipping unneeded JARs during scanning can improve startup time and JSP compilation time.
27-Oct-2020 07:29:24.008 信息 [localhost-startStop-1] org.apache.catalina.startup.HostConfig.deployDirectory Deployment of web application directory [/Users/wangyahao/Desktop/code/apache-tomcat-8.5.58-src-wyh/source/webapps/web_demo] has finished in [2,509] ms
27-Oct-2020 07:29:24.009 信息 [localhost-startStop-1] org.apache.catalina.startup.HostConfig.deployDirectory Deploying web application directory [/Users/wangyahao/Desktop/code/apache-tomcat-8.5.58-src-wyh/source/webapps/docs]
27-Oct-2020 07:29:24.083 信息 [localhost-startStop-1] org.apache.jasper.servlet.TldScanner.scanJars At least one JAR was scanned for TLDs yet contained no TLDs. Enable debug logging for this logger for a complete list of JARs that were scanned but no TLDs were found in them. Skipping unneeded JARs during scanning can improve startup time and JSP compilation time.
27-Oct-2020 07:29:24.084 信息 [localhost-startStop-1] org.apache.catalina.startup.HostConfig.deployDirectory Deployment of web application directory [/Users/wangyahao/Desktop/code/apache-tomcat-8.5.58-src-wyh/source/webapps/docs] has finished in [75] ms
27-Oct-2020 07:29:24.084 信息 [localhost-startStop-1] org.apache.catalina.startup.HostConfig.deployDirectory Deploying web application directory [/Users/wangyahao/Desktop/code/apache-tomcat-8.5.58-src-wyh/source/webapps/manager]
27-Oct-2020 07:29:24.170 信息 [localhost-startStop-1] org.apache.jasper.servlet.TldScanner.scanJars At least one JAR was scanned for TLDs yet contained no TLDs. Enable debug logging for this logger for a complete list of JARs that were scanned but no TLDs were found in them. Skipping unneeded JARs during scanning can improve startup time and JSP compilation time.
27-Oct-2020 07:29:24.177 信息 [localhost-startStop-1] org.apache.catalina.startup.HostConfig.deployDirectory Deployment of web application directory [/Users/wangyahao/Desktop/code/apache-tomcat-8.5.58-src-wyh/source/webapps/manager] has finished in [93] ms
27-Oct-2020 07:29:24.178 信息 [localhost-startStop-1] org.apache.catalina.startup.HostConfig.deployDirectory Deploying web application directory [/Users/wangyahao/Desktop/code/apache-tomcat-8.5.58-src-wyh/source/webapps/examples]
27-Oct-2020 07:29:24.363 信息 [localhost-startStop-1] org.apache.jasper.servlet.TldScanner.scanJars At least one JAR was scanned for TLDs yet contained no TLDs. Enable debug logging for this logger for a complete list of JARs that were scanned but no TLDs were found in them. Skipping unneeded JARs during scanning can improve startup time and JSP compilation time.
27-Oct-2020 07:29:24.374 严重 [localhost-startStop-1] org.apache.catalina.core.StandardContext.startInternal One or more listeners failed to start. Full details will be found in the appropriate container log file
27-Oct-2020 07:29:24.374 严重 [localhost-startStop-1] org.apache.catalina.core.StandardContext.startInternal Context [/examples] startup failed due to previous errors
27-Oct-2020 07:29:24.384 信息 [localhost-startStop-1] org.apache.catalina.startup.HostConfig.deployDirectory Deployment of web application directory [/Users/wangyahao/Desktop/code/apache-tomcat-8.5.58-src-wyh/source/webapps/examples] has finished in [206] ms
27-Oct-2020 07:29:24.384 信息 [localhost-startStop-1] org.apache.catalina.startup.HostConfig.deployDirectory Deploying web application directory [/Users/wangyahao/Desktop/code/apache-tomcat-8.5.58-src-wyh/source/webapps/ROOT]
27-Oct-2020 07:29:24.478 信息 [localhost-startStop-1] org.apache.jasper.servlet.TldScanner.scanJars At least one JAR was scanned for TLDs yet contained no TLDs. Enable debug logging for this logger for a complete list of JARs that were scanned but no TLDs were found in them. Skipping unneeded JARs during scanning can improve startup time and JSP compilation time.
27-Oct-2020 07:29:24.480 信息 [localhost-startStop-1] org.apache.catalina.startup.HostConfig.deployDirectory Deployment of web application directory [/Users/wangyahao/Desktop/code/apache-tomcat-8.5.58-src-wyh/source/webapps/ROOT] has finished in [95] ms
27-Oct-2020 07:29:24.480 信息 [localhost-startStop-1] org.apache.catalina.startup.HostConfig.deployDirectory Deploying web application directory [/Users/wangyahao/Desktop/code/apache-tomcat-8.5.58-src-wyh/source/webapps/host-manager]
27-Oct-2020 07:29:24.576 信息 [localhost-startStop-1] org.apache.jasper.servlet.TldScanner.scanJars At least one JAR was scanned for TLDs yet contained no TLDs. Enable debug logging for this logger for a complete list of JARs that were scanned but no TLDs were found in them. Skipping unneeded JARs during scanning can improve startup time and JSP compilation time.
27-Oct-2020 07:29:24.578 信息 [localhost-startStop-1] org.apache.catalina.startup.HostConfig.deployDirectory Deployment of web application directory [/Users/wangyahao/Desktop/code/apache-tomcat-8.5.58-src-wyh/source/webapps/host-manager] has finished in [97] ms
27-Oct-2020 07:29:24.582 信息 [main] org.apache.coyote.AbstractProtocol.start Starting ProtocolHandler ["http-nio-8080"]
27-Oct-2020 07:29:24.593 信息 [main] org.apache.catalina.startup.Catalina.start Server startup in 3179 ms
27-Oct-2020 07:29:43.814 信息 [Thread-4] org.apache.coyote.AbstractProtocol.pause Pausing ProtocolHandler ["http-nio-8080"]
27-Oct-2020 07:29:45.025 信息 [Thread-4] org.apache.catalina.core.StandardService.stopInternal Stopping service [Catalina]
27-Oct-2020 07:29:45.046 信息 [Thread-4] org.apache.coyote.AbstractProtocol.stop Stopping ProtocolHandler ["http-nio-8080"]
27-Oct-2020 07:29:46.279 信息 [Thread-4] org.apache.coyote.AbstractProtocol.destroy Destroying ProtocolHandler ["http-nio-8080"]
27-Oct-2020 07:29:46.281 警告 [Thread-4] org.apache.tomcat.util.net.NioEndpoint.unbind Failed to close server socket for [http-nio-8080]
	java.io.IOException: Unknown error: 316
		at sun.nio.ch.NativeThread.signal(Native Method)
		at sun.nio.ch.ServerSocketChannelImpl.implCloseSelectableChannel(ServerSocketChannelImpl.java:292)
		at java.nio.channels.spi.AbstractSelectableChannel.implCloseChannel(AbstractSelectableChannel.java:234)
		at java.nio.channels.spi.AbstractInterruptibleChannel.close(AbstractInterruptibleChannel.java:115)
		at sun.nio.ch.ServerSocketAdaptor.close(ServerSocketAdaptor.java:137)
		at org.apache.tomcat.util.net.NioEndpoint.doCloseServerSocket(NioEndpoint.java:354)
		at org.apache.tomcat.util.net.NioEndpoint.unbind(NioEndpoint.java:334)
		at org.apache.tomcat.util.net.AbstractEndpoint.destroy(AbstractEndpoint.java:1251)
		at org.apache.coyote.AbstractProtocol.destroy(AbstractProtocol.java:653)
		at org.apache.catalina.connector.Connector.destroyInternal(Connector.java:1130)
		at org.apache.catalina.util.LifecycleBase.destroy(LifecycleBase.java:321)
		at org.apache.catalina.core.StandardService.destroyInternal(StandardService.java:577)
		at org.apache.catalina.util.LifecycleBase.destroy(LifecycleBase.java:321)
		at org.apache.catalina.core.StandardServer.destroyInternal(StandardServer.java:858)
		at org.apache.catalina.util.LifecycleBase.destroy(LifecycleBase.java:321)
		at org.apache.catalina.startup.Catalina.stop(Catalina.java:764)
		at org.apache.catalina.startup.Catalina$CatalinaShutdownHook.run(Catalina.java:864)
27-Oct-2020 07:29:47.898 警告 [main] org.apache.catalina.startup.ClassLoaderFactory.validateFile Problem with directory [/Users/wangyahao/Desktop/code/apache-tomcat-8.5.58-src-wyh/source/lib], exists: [false], isDirectory: [false], canRead: [false]
27-Oct-2020 07:29:47.903 警告 [main] org.apache.catalina.startup.ClassLoaderFactory.validateFile Problem with directory [/Users/wangyahao/Desktop/code/apache-tomcat-8.5.58-src-wyh/source/lib], exists: [false], isDirectory: [false], canRead: [false]
27-Oct-2020 07:29:47.903 警告 [main] org.apache.catalina.startup.ClassLoaderFactory.validateFile Problem with directory [/Users/wangyahao/Desktop/code/apache-tomcat-8.5.58-src-wyh/source/lib], exists: [false], isDirectory: [false], canRead: [false]
27-Oct-2020 07:29:47.904 警告 [main] org.apache.catalina.startup.ClassLoaderFactory.validateFile Problem with directory [/Users/wangyahao/Desktop/code/apache-tomcat-8.5.58-src-wyh/source/lib], exists: [false], isDirectory: [false], canRead: [false]
27-Oct-2020 07:30:10.397 信息 [main] org.apache.catalina.startup.VersionLoggerListener.log Server version name:   Apache Tomcat/@VERSION@
27-Oct-2020 07:30:10.397 信息 [main] org.apache.catalina.startup.VersionLoggerListener.log Server built:          @VERSION_BUILT@
27-Oct-2020 07:30:10.398 信息 [main] org.apache.catalina.startup.VersionLoggerListener.log Server version number: @VERSION_NUMBER@
27-Oct-2020 07:30:10.398 信息 [main] org.apache.catalina.startup.VersionLoggerListener.log OS Name:               Mac OS X
27-Oct-2020 07:30:10.398 信息 [main] org.apache.catalina.startup.VersionLoggerListener.log OS Version:            10.15.5
27-Oct-2020 07:30:10.398 信息 [main] org.apache.catalina.startup.VersionLoggerListener.log Architecture:          x86_64
27-Oct-2020 07:30:10.398 信息 [main] org.apache.catalina.startup.VersionLoggerListener.log Java Home:             /Library/Java/JavaVirtualMachines/jdk1.8.0_211.jdk/Contents/Home/jre
27-Oct-2020 07:30:10.398 信息 [main] org.apache.catalina.startup.VersionLoggerListener.log JVM Version:           1.8.0_211-b12
27-Oct-2020 07:30:10.398 信息 [main] org.apache.catalina.startup.VersionLoggerListener.log JVM Vendor:            Oracle Corporation
27-Oct-2020 07:30:10.398 信息 [main] org.apache.catalina.startup.VersionLoggerListener.log CATALINA_BASE:         /Users/wangyahao/Desktop/code/apache-tomcat-8.5.58-src-wyh/source
27-Oct-2020 07:30:10.398 信息 [main] org.apache.catalina.startup.VersionLoggerListener.log CATALINA_HOME:         /Users/wangyahao/Desktop/code/apache-tomcat-8.5.58-src-wyh/source
27-Oct-2020 07:30:10.399 信息 [main] org.apache.catalina.startup.VersionLoggerListener.log Command line argument: -agentlib:jdwp=transport=dt_socket,address=127.0.0.1:65529,suspend=y,server=n
27-Oct-2020 07:30:10.400 信息 [main] org.apache.catalina.startup.VersionLoggerListener.log Command line argument: -Dcatalina.home=/Users/wangyahao/Desktop/code/apache-tomcat-8.5.58-src-wyh/source
27-Oct-2020 07:30:10.400 信息 [main] org.apache.catalina.startup.VersionLoggerListener.log Command line argument: -Dcatalina.base=/Users/wangyahao/Desktop/code/apache-tomcat-8.5.58-src-wyh/source
27-Oct-2020 07:30:10.400 信息 [main] org.apache.catalina.startup.VersionLoggerListener.log Command line argument: -Djava.util.logging.manager=org.apache.juli.ClassLoaderLogManager
27-Oct-2020 07:30:10.400 信息 [main] org.apache.catalina.startup.VersionLoggerListener.log Command line argument: -Djava.util.logging.config.file=/Users/wangyahao/Desktop/code/apache-tomcat-8.5.58-src-wyh/source/conf/logging.properties
27-Oct-2020 07:30:10.400 信息 [main] org.apache.catalina.startup.VersionLoggerListener.log Command line argument: -javaagent:/Users/wangyahao/Library/Caches/IntelliJIdea2019.2/captureAgent/debugger-agent.jar
27-Oct-2020 07:30:10.400 信息 [main] org.apache.catalina.startup.VersionLoggerListener.log Command line argument: -Dfile.encoding=UTF-8
27-Oct-2020 07:30:10.400 信息 [main] org.apache.catalina.core.AprLifecycleListener.lifecycleEvent The Apache Tomcat Native library which allows using OpenSSL was not found on the java.library.path: [/Users/wangyahao/Library/Java/Extensions:/Library/Java/Extensions:/Network/Library/Java/Extensions:/System/Library/Java/Extensions:/usr/lib/java:.]
