26-Oct-2020 07:04:47.071 警告 [main] org.apache.catalina.startup.ClassLoaderFactory.validateFile Problem with directory [/Users/wangyahao/Desktop/code/apache-tomcat-8.5.58-src-wyh/source/lib], exists: [false], isDirectory: [false], canRead: [false]
26-Oct-2020 07:04:47.077 警告 [main] org.apache.catalina.startup.ClassLoaderFactory.validateFile Problem with directory [/Users/wangyahao/Desktop/code/apache-tomcat-8.5.58-src-wyh/source/lib], exists: [false], isDirectory: [false], canRead: [false]
26-Oct-2020 07:04:47.077 警告 [main] org.apache.catalina.startup.ClassLoaderFactory.validateFile Problem with directory [/Users/wangyahao/Desktop/code/apache-tomcat-8.5.58-src-wyh/source/lib], exists: [false], isDirectory: [false], canRead: [false]
26-Oct-2020 07:04:47.077 警告 [main] org.apache.catalina.startup.ClassLoaderFactory.validateFile Problem with directory [/Users/wangyahao/Desktop/code/apache-tomcat-8.5.58-src-wyh/source/lib], exists: [false], isDirectory: [false], canRead: [false]
26-Oct-2020 07:04:47.671 信息 [main] org.apache.catalina.startup.VersionLoggerListener.log Server version name:   Apache Tomcat/@VERSION@
26-Oct-2020 07:04:47.672 信息 [main] org.apache.catalina.startup.VersionLoggerListener.log Server built:          @VERSION_BUILT@
26-Oct-2020 07:04:47.672 信息 [main] org.apache.catalina.startup.VersionLoggerListener.log Server version number: @VERSION_NUMBER@
26-Oct-2020 07:04:47.672 信息 [main] org.apache.catalina.startup.VersionLoggerListener.log OS Name:               Mac OS X
26-Oct-2020 07:04:47.672 信息 [main] org.apache.catalina.startup.VersionLoggerListener.log OS Version:            10.15.5
26-Oct-2020 07:04:47.672 信息 [main] org.apache.catalina.startup.VersionLoggerListener.log Architecture:          x86_64
26-Oct-2020 07:04:47.672 信息 [main] org.apache.catalina.startup.VersionLoggerListener.log Java Home:             /Library/Java/JavaVirtualMachines/jdk1.8.0_211.jdk/Contents/Home/jre
26-Oct-2020 07:04:47.672 信息 [main] org.apache.catalina.startup.VersionLoggerListener.log JVM Version:           1.8.0_211-b12
26-Oct-2020 07:04:47.673 信息 [main] org.apache.catalina.startup.VersionLoggerListener.log JVM Vendor:            Oracle Corporation
26-Oct-2020 07:04:47.673 信息 [main] org.apache.catalina.startup.VersionLoggerListener.log CATALINA_BASE:         /Users/wangyahao/Desktop/code/apache-tomcat-8.5.58-src-wyh/source
26-Oct-2020 07:04:47.673 信息 [main] org.apache.catalina.startup.VersionLoggerListener.log CATALINA_HOME:         /Users/wangyahao/Desktop/code/apache-tomcat-8.5.58-src-wyh/source
26-Oct-2020 07:04:47.674 信息 [main] org.apache.catalina.startup.VersionLoggerListener.log Command line argument: -agentlib:jdwp=transport=dt_socket,address=127.0.0.1:51793,suspend=y,server=n
26-Oct-2020 07:04:47.674 信息 [main] org.apache.catalina.startup.VersionLoggerListener.log Command line argument: -Dcatalina.home=/Users/wangyahao/Desktop/code/apache-tomcat-8.5.58-src-wyh/source
26-Oct-2020 07:04:47.674 信息 [main] org.apache.catalina.startup.VersionLoggerListener.log Command line argument: -Dcatalina.base=/Users/wangyahao/Desktop/code/apache-tomcat-8.5.58-src-wyh/source
26-Oct-2020 07:04:47.675 信息 [main] org.apache.catalina.startup.VersionLoggerListener.log Command line argument: -Djava.util.logging.manager=org.apache.juli.ClassLoaderLogManager
26-Oct-2020 07:04:47.675 信息 [main] org.apache.catalina.startup.VersionLoggerListener.log Command line argument: -Djava.util.logging.config.file=/Users/wangyahao/Desktop/code/apache-tomcat-8.5.58-src-wyh/source/conf/logging.properties
26-Oct-2020 07:04:47.675 信息 [main] org.apache.catalina.startup.VersionLoggerListener.log Command line argument: -javaagent:/Users/wangyahao/Library/Caches/IntelliJIdea2019.2/captureAgent/debugger-agent.jar
26-Oct-2020 07:04:47.675 信息 [main] org.apache.catalina.startup.VersionLoggerListener.log Command line argument: -Dfile.encoding=UTF-8
26-Oct-2020 07:04:47.675 信息 [main] org.apache.catalina.core.AprLifecycleListener.lifecycleEvent The Apache Tomcat Native library which allows using OpenSSL was not found on the java.library.path: [/Users/wangyahao/Library/Java/Extensions:/Library/Java/Extensions:/Network/Library/Java/Extensions:/System/Library/Java/Extensions:/usr/lib/java:.]
26-Oct-2020 07:04:47.843 信息 [main] org.apache.coyote.AbstractProtocol.init Initializing ProtocolHandler ["http-nio-8080"]
26-Oct-2020 07:04:47.874 信息 [main] org.apache.tomcat.util.net.NioSelectorPool.getSharedSelector Using a shared selector for servlet write/read
26-Oct-2020 07:04:47.895 信息 [main] org.apache.catalina.startup.Catalina.load Initialization processed in 800 ms
26-Oct-2020 07:04:47.961 信息 [main] org.apache.catalina.core.StandardService.startInternal Starting service [Catalina]
26-Oct-2020 07:04:47.961 信息 [main] org.apache.catalina.core.StandardEngine.startInternal Starting Servlet Engine: Apache Tomcat/@VERSION@
26-Oct-2020 07:04:48.010 信息 [localhost-startStop-1] org.apache.catalina.startup.HostConfig.deployDirectory Deploying web application directory [/Users/wangyahao/Desktop/code/apache-tomcat-8.5.58-src-wyh/source/webapps/web_demo]
26-Oct-2020 07:04:48.259 警告 [localhost-startStop-1] org.apache.tomcat.util.descriptor.web.WebXml.setVersion Unknown version string [4.0]. Default version will be used.
26-Oct-2020 07:04:51.083 信息 [localhost-startStop-1] org.apache.jasper.servlet.TldScanner.scanJars At least one JAR was scanned for TLDs yet contained no TLDs. Enable debug logging for this logger for a complete list of JARs that were scanned but no TLDs were found in them. Skipping unneeded JARs during scanning can improve startup time and JSP compilation time.
26-Oct-2020 07:04:51.114 信息 [localhost-startStop-1] org.apache.catalina.startup.HostConfig.deployDirectory Deployment of web application directory [/Users/wangyahao/Desktop/code/apache-tomcat-8.5.58-src-wyh/source/webapps/web_demo] has finished in [3,103] ms
26-Oct-2020 07:04:51.114 信息 [localhost-startStop-1] org.apache.catalina.startup.HostConfig.deployDirectory Deploying web application directory [/Users/wangyahao/Desktop/code/apache-tomcat-8.5.58-src-wyh/source/webapps/docs]
26-Oct-2020 07:04:51.186 信息 [localhost-startStop-1] org.apache.jasper.servlet.TldScanner.scanJars At least one JAR was scanned for TLDs yet contained no TLDs. Enable debug logging for this logger for a complete list of JARs that were scanned but no TLDs were found in them. Skipping unneeded JARs during scanning can improve startup time and JSP compilation time.
26-Oct-2020 07:04:51.187 信息 [localhost-startStop-1] org.apache.catalina.startup.HostConfig.deployDirectory Deployment of web application directory [/Users/wangyahao/Desktop/code/apache-tomcat-8.5.58-src-wyh/source/webapps/docs] has finished in [73] ms
26-Oct-2020 07:04:51.187 信息 [localhost-startStop-1] org.apache.catalina.startup.HostConfig.deployDirectory Deploying web application directory [/Users/wangyahao/Desktop/code/apache-tomcat-8.5.58-src-wyh/source/webapps/manager]
26-Oct-2020 07:04:51.268 信息 [localhost-startStop-1] org.apache.jasper.servlet.TldScanner.scanJars At least one JAR was scanned for TLDs yet contained no TLDs. Enable debug logging for this logger for a complete list of JARs that were scanned but no TLDs were found in them. Skipping unneeded JARs during scanning can improve startup time and JSP compilation time.
26-Oct-2020 07:04:51.276 信息 [localhost-startStop-1] org.apache.catalina.startup.HostConfig.deployDirectory Deployment of web application directory [/Users/wangyahao/Desktop/code/apache-tomcat-8.5.58-src-wyh/source/webapps/manager] has finished in [89] ms
26-Oct-2020 07:04:51.276 信息 [localhost-startStop-1] org.apache.catalina.startup.HostConfig.deployDirectory Deploying web application directory [/Users/wangyahao/Desktop/code/apache-tomcat-8.5.58-src-wyh/source/webapps/examples]
26-Oct-2020 07:04:51.481 信息 [localhost-startStop-1] org.apache.jasper.servlet.TldScanner.scanJars At least one JAR was scanned for TLDs yet contained no TLDs. Enable debug logging for this logger for a complete list of JARs that were scanned but no TLDs were found in them. Skipping unneeded JARs during scanning can improve startup time and JSP compilation time.
26-Oct-2020 07:04:51.494 严重 [localhost-startStop-1] org.apache.catalina.core.StandardContext.startInternal One or more listeners failed to start. Full details will be found in the appropriate container log file
26-Oct-2020 07:04:51.495 严重 [localhost-startStop-1] org.apache.catalina.core.StandardContext.startInternal Context [/examples] startup failed due to previous errors
26-Oct-2020 07:04:51.503 信息 [localhost-startStop-1] org.apache.catalina.startup.HostConfig.deployDirectory Deployment of web application directory [/Users/wangyahao/Desktop/code/apache-tomcat-8.5.58-src-wyh/source/webapps/examples] has finished in [227] ms
26-Oct-2020 07:04:51.503 信息 [localhost-startStop-1] org.apache.catalina.startup.HostConfig.deployDirectory Deploying web application directory [/Users/wangyahao/Desktop/code/apache-tomcat-8.5.58-src-wyh/source/webapps/ROOT]
26-Oct-2020 07:04:51.591 信息 [localhost-startStop-1] org.apache.jasper.servlet.TldScanner.scanJars At least one JAR was scanned for TLDs yet contained no TLDs. Enable debug logging for this logger for a complete list of JARs that were scanned but no TLDs were found in them. Skipping unneeded JARs during scanning can improve startup time and JSP compilation time.
26-Oct-2020 07:04:51.593 信息 [localhost-startStop-1] org.apache.catalina.startup.HostConfig.deployDirectory Deployment of web application directory [/Users/wangyahao/Desktop/code/apache-tomcat-8.5.58-src-wyh/source/webapps/ROOT] has finished in [90] ms
26-Oct-2020 07:04:51.593 信息 [localhost-startStop-1] org.apache.catalina.startup.HostConfig.deployDirectory Deploying web application directory [/Users/wangyahao/Desktop/code/apache-tomcat-8.5.58-src-wyh/source/webapps/host-manager]
26-Oct-2020 07:04:51.688 信息 [localhost-startStop-1] org.apache.jasper.servlet.TldScanner.scanJars At least one JAR was scanned for TLDs yet contained no TLDs. Enable debug logging for this logger for a complete list of JARs that were scanned but no TLDs were found in them. Skipping unneeded JARs during scanning can improve startup time and JSP compilation time.
26-Oct-2020 07:04:51.690 信息 [localhost-startStop-1] org.apache.catalina.startup.HostConfig.deployDirectory Deployment of web application directory [/Users/wangyahao/Desktop/code/apache-tomcat-8.5.58-src-wyh/source/webapps/host-manager] has finished in [97] ms
26-Oct-2020 07:04:51.695 信息 [main] org.apache.coyote.AbstractProtocol.start Starting ProtocolHandler ["http-nio-8080"]
26-Oct-2020 07:04:51.706 信息 [main] org.apache.catalina.startup.Catalina.start Server startup in 3810 ms
