16-Oct-2020 05:43:28.367 警告 [main] org.apache.catalina.startup.ClassLoaderFactory.validateFile Problem with directory [/Users/wangyahao/Desktop/code/apache-tomcat-8.5.58-src-wyh/source/lib], exists: [false], isDirectory: [false], canRead: [false]
16-Oct-2020 05:43:28.374 警告 [main] org.apache.catalina.startup.ClassLoaderFactory.validateFile Problem with directory [/Users/wangyahao/Desktop/code/apache-tomcat-8.5.58-src-wyh/source/lib], exists: [false], isDirectory: [false], canRead: [false]
16-Oct-2020 05:43:28.374 警告 [main] org.apache.catalina.startup.ClassLoaderFactory.validateFile Problem with directory [/Users/wangyahao/Desktop/code/apache-tomcat-8.5.58-src-wyh/source/lib], exists: [false], isDirectory: [false], canRead: [false]
16-Oct-2020 05:43:28.374 警告 [main] org.apache.catalina.startup.ClassLoaderFactory.validateFile Problem with directory [/Users/wangyahao/Desktop/code/apache-tomcat-8.5.58-src-wyh/source/lib], exists: [false], isDirectory: [false], canRead: [false]
16-Oct-2020 05:43:28.968 信息 [main] org.apache.catalina.startup.VersionLoggerListener.log Server.æå¡å¨çæ¬: Apache Tomcat/@VERSION@
16-Oct-2020 05:43:28.969 信息 [main] org.apache.catalina.startup.VersionLoggerListener.log æå¡å¨æå»º:        @VERSION_BUILT@
16-Oct-2020 05:43:28.969 信息 [main] org.apache.catalina.startup.VersionLoggerListener.log æå¡å¨çæ¬å·(:     @VERSION_NUMBER@
16-Oct-2020 05:43:28.969 信息 [main] org.apache.catalina.startup.VersionLoggerListener.log æä½ç³»ç»åç§°:      Mac OS X
16-Oct-2020 05:43:28.969 信息 [main] org.apache.catalina.startup.VersionLoggerListener.log OS.çæ¬:           10.15.5
16-Oct-2020 05:43:28.969 信息 [main] org.apache.catalina.startup.VersionLoggerListener.log æ¶æ:              x86_64
16-Oct-2020 05:43:28.969 信息 [main] org.apache.catalina.startup.VersionLoggerListener.log Java ç¯å¢åé:     /Library/Java/JavaVirtualMachines/jdk1.8.0_211.jdk/Contents/Home/jre
16-Oct-2020 05:43:28.969 信息 [main] org.apache.catalina.startup.VersionLoggerListener.log Javaèææºçæ¬:    1.8.0_211-b12
16-Oct-2020 05:43:28.970 信息 [main] org.apache.catalina.startup.VersionLoggerListener.log JVM.ä¾åºå:        Oracle Corporation
16-Oct-2020 05:43:28.970 信息 [main] org.apache.catalina.startup.VersionLoggerListener.log CATALINA_BASE:     /Users/wangyahao/Desktop/code/apache-tomcat-8.5.58-src-wyh/source
16-Oct-2020 05:43:28.970 信息 [main] org.apache.catalina.startup.VersionLoggerListener.log CATALINA_HOME:     /Users/wangyahao/Desktop/code/apache-tomcat-8.5.58-src-wyh/source
16-Oct-2020 05:43:28.971 信息 [main] org.apache.catalina.startup.VersionLoggerListener.log å½ä»¤è¡åæ°ï¼-agentlib:jdwp=transport=dt_socket,address=127.0.0.1:61432,suspend=y,server=n
16-Oct-2020 05:43:28.971 信息 [main] org.apache.catalina.startup.VersionLoggerListener.log å½ä»¤è¡åæ°ï¼-Dcatalina.home=/Users/wangyahao/Desktop/code/apache-tomcat-8.5.58-src-wyh/source
16-Oct-2020 05:43:28.971 信息 [main] org.apache.catalina.startup.VersionLoggerListener.log å½ä»¤è¡åæ°ï¼-Dcatalina.base=/Users/wangyahao/Desktop/code/apache-tomcat-8.5.58-src-wyh/source
16-Oct-2020 05:43:28.971 信息 [main] org.apache.catalina.startup.VersionLoggerListener.log å½ä»¤è¡åæ°ï¼-Djava.util.logging.manager=org.apache.juli.ClassLoaderLogManager
16-Oct-2020 05:43:28.971 信息 [main] org.apache.catalina.startup.VersionLoggerListener.log å½ä»¤è¡åæ°ï¼-Djava.util.logging.config.file=/Users/wangyahao/Desktop/code/apache-tomcat-8.5.58-src-wyh/source/conf/logging.properties
16-Oct-2020 05:43:28.971 信息 [main] org.apache.catalina.startup.VersionLoggerListener.log å½ä»¤è¡åæ°ï¼-javaagent:/Users/wangyahao/Library/Caches/IntelliJIdea2019.2/captureAgent/debugger-agent.jar
16-Oct-2020 05:43:28.972 信息 [main] org.apache.catalina.startup.VersionLoggerListener.log å½ä»¤è¡åæ°ï¼-Dfile.encoding=UTF-8
16-Oct-2020 05:43:28.972 信息 [main] org.apache.catalina.core.AprLifecycleListener.lifecycleEvent å¨java.library.path:[/Users/wangyahao/Library/Java/Extensions:/Library/Java/Extensions:/Network/Library/Java/Extensions:/System/Library/Java/Extensions:/usr/lib/java:.]ä¸æ¾ä¸å°åºäºAPRçApache Tomcatæ¬æºåºï¼è¯¥åºåè®¸å¨çäº§ç¯å¢ä¸­è·å¾æä½³æ§è½
16-Oct-2020 05:43:29.109 信息 [main] org.apache.coyote.AbstractProtocol.init åå§ååè®®å¤çå¨ ["http-nio-8080"]
16-Oct-2020 05:43:29.135 信息 [main] org.apache.tomcat.util.net.NioSelectorPool.getSharedSelector Using a shared selector for servlet write/read
16-Oct-2020 05:43:29.151 信息 [main] org.apache.catalina.startup.Catalina.load Initialization processed in 759 ms
16-Oct-2020 05:43:29.195 信息 [main] org.apache.catalina.core.StandardService.startInternal æ­£å¨å¯å¨æå¡[Catalina]
16-Oct-2020 05:43:29.198 信息 [main] org.apache.catalina.core.StandardEngine.startInternal Starting Servlet Engine: Apache Tomcat/@VERSION@
16-Oct-2020 05:43:29.238 信息 [localhost-startStop-1] org.apache.catalina.startup.HostConfig.deployDirectory æweb åºç¨ç¨åºé¨ç½²å°ç®å½ [/Users/wangyahao/Desktop/code/apache-tomcat-8.5.58-src-wyh/source/webapps/docs]
16-Oct-2020 05:43:29.646 信息 [localhost-startStop-1] org.apache.catalina.startup.HostConfig.deployDirectory Webåºç¨ç¨åºç®å½[/Users/wangyahao/Desktop/code/apache-tomcat-8.5.58-src-wyh/source/webapps/docs]çé¨ç½²å·²å¨[405]æ¯«ç§åå®æ
16-Oct-2020 05:43:29.646 信息 [localhost-startStop-1] org.apache.catalina.startup.HostConfig.deployDirectory æweb åºç¨ç¨åºé¨ç½²å°ç®å½ [/Users/wangyahao/Desktop/code/apache-tomcat-8.5.58-src-wyh/source/webapps/manager]
16-Oct-2020 05:43:29.731 信息 [localhost-startStop-1] org.apache.catalina.startup.HostConfig.deployDirectory Webåºç¨ç¨åºç®å½[/Users/wangyahao/Desktop/code/apache-tomcat-8.5.58-src-wyh/source/webapps/manager]çé¨ç½²å·²å¨[85]æ¯«ç§åå®æ
16-Oct-2020 05:43:29.731 信息 [localhost-startStop-1] org.apache.catalina.startup.HostConfig.deployDirectory æweb åºç¨ç¨åºé¨ç½²å°ç®å½ [/Users/wangyahao/Desktop/code/apache-tomcat-8.5.58-src-wyh/source/webapps/examples]
16-Oct-2020 05:43:29.844 严重 [localhost-startStop-1] org.apache.catalina.core.StandardContext.startInternal ä¸ä¸ªæå¤ä¸ªlistenerså¯å¨å¤±è´¥ï¼æ´å¤è¯¦ç»ä¿¡æ¯æ¥çå¯¹åºçå®¹å¨æ¥å¿æä»¶
16-Oct-2020 05:43:29.845 严重 [localhost-startStop-1] org.apache.catalina.core.StandardContext.startInternal ç±äºä¹åçéè¯¯ï¼Context[/examples]å¯å¨å¤±è´¥
16-Oct-2020 05:43:29.853 信息 [localhost-startStop-1] org.apache.catalina.startup.HostConfig.deployDirectory Webåºç¨ç¨åºç®å½[/Users/wangyahao/Desktop/code/apache-tomcat-8.5.58-src-wyh/source/webapps/examples]çé¨ç½²å·²å¨[122]æ¯«ç§åå®æ
16-Oct-2020 05:43:29.853 信息 [localhost-startStop-1] org.apache.catalina.startup.HostConfig.deployDirectory æweb åºç¨ç¨åºé¨ç½²å°ç®å½ [/Users/wangyahao/Desktop/code/apache-tomcat-8.5.58-src-wyh/source/webapps/ROOT]
16-Oct-2020 05:43:29.908 信息 [localhost-startStop-1] org.apache.catalina.startup.HostConfig.deployDirectory Webåºç¨ç¨åºç®å½[/Users/wangyahao/Desktop/code/apache-tomcat-8.5.58-src-wyh/source/webapps/ROOT]çé¨ç½²å·²å¨[55]æ¯«ç§åå®æ
16-Oct-2020 05:43:29.908 信息 [localhost-startStop-1] org.apache.catalina.startup.HostConfig.deployDirectory æweb åºç¨ç¨åºé¨ç½²å°ç®å½ [/Users/wangyahao/Desktop/code/apache-tomcat-8.5.58-src-wyh/source/webapps/host-manager]
16-Oct-2020 05:43:29.963 信息 [localhost-startStop-1] org.apache.catalina.startup.HostConfig.deployDirectory Webåºç¨ç¨åºç®å½[/Users/wangyahao/Desktop/code/apache-tomcat-8.5.58-src-wyh/source/webapps/host-manager]çé¨ç½²å·²å¨[55]æ¯«ç§åå®æ
16-Oct-2020 05:43:29.967 信息 [main] org.apache.coyote.AbstractProtocol.start å¼å§åè®®å¤çå¥æ["http-nio-8080"]
16-Oct-2020 05:43:29.982 信息 [main] org.apache.catalina.startup.Catalina.start Server startup in 830 ms
16-Oct-2020 05:45:45.075 信息 [Thread-4] org.apache.coyote.AbstractProtocol.pause æåProtocolHandler["http-nio-8080"]
16-Oct-2020 05:45:46.354 信息 [Thread-4] org.apache.catalina.core.StandardService.stopInternal æ­£å¨åæ­¢æå¡[Catalina]
16-Oct-2020 05:45:46.374 信息 [Thread-4] org.apache.coyote.AbstractProtocol.stop æ­£å¨åæ­¢ProtocolHandler ["http-nio-8080"]
16-Oct-2020 05:45:47.556 信息 [Thread-4] org.apache.coyote.AbstractProtocol.destroy æ­£å¨æ§æ¯åè®®å¤çå¨ ["http-nio-8080"]
16-Oct-2020 05:45:47.557 警告 [Thread-4] org.apache.tomcat.util.net.NioEndpoint.unbind æ æ³ä¸º [http-nio-8080] å³é­æå¡å¨ socket
	java.io.IOException: Unknown error: 316
		at sun.nio.ch.NativeThread.signal(Native Method)
		at sun.nio.ch.ServerSocketChannelImpl.implCloseSelectableChannel(ServerSocketChannelImpl.java:292)
		at java.nio.channels.spi.AbstractSelectableChannel.implCloseChannel(AbstractSelectableChannel.java:234)
		at java.nio.channels.spi.AbstractInterruptibleChannel.close(AbstractInterruptibleChannel.java:115)
		at sun.nio.ch.ServerSocketAdaptor.close(ServerSocketAdaptor.java:137)
		at org.apache.tomcat.util.net.NioEndpoint.doCloseServerSocket(NioEndpoint.java:354)
		at org.apache.tomcat.util.net.NioEndpoint.unbind(NioEndpoint.java:334)
		at org.apache.tomcat.util.net.AbstractEndpoint.destroy(AbstractEndpoint.java:1251)
		at org.apache.coyote.AbstractProtocol.destroy(AbstractProtocol.java:653)
		at org.apache.catalina.connector.Connector.destroyInternal(Connector.java:1130)
		at org.apache.catalina.util.LifecycleBase.destroy(LifecycleBase.java:321)
		at org.apache.catalina.core.StandardService.destroyInternal(StandardService.java:574)
		at org.apache.catalina.util.LifecycleBase.destroy(LifecycleBase.java:321)
		at org.apache.catalina.core.StandardServer.destroyInternal(StandardServer.java:856)
		at org.apache.catalina.util.LifecycleBase.destroy(LifecycleBase.java:321)
		at org.apache.catalina.startup.Catalina.stop(Catalina.java:762)
		at org.apache.catalina.startup.Catalina$CatalinaShutdownHook.run(Catalina.java:862)
16-Oct-2020 05:45:51.668 警告 [main] org.apache.catalina.startup.ClassLoaderFactory.validateFile Problem with directory [/Users/wangyahao/Desktop/code/apache-tomcat-8.5.58-src-wyh/source/lib], exists: [false], isDirectory: [false], canRead: [false]
16-Oct-2020 05:45:51.675 警告 [main] org.apache.catalina.startup.ClassLoaderFactory.validateFile Problem with directory [/Users/wangyahao/Desktop/code/apache-tomcat-8.5.58-src-wyh/source/lib], exists: [false], isDirectory: [false], canRead: [false]
16-Oct-2020 05:45:51.676 警告 [main] org.apache.catalina.startup.ClassLoaderFactory.validateFile Problem with directory [/Users/wangyahao/Desktop/code/apache-tomcat-8.5.58-src-wyh/source/lib], exists: [false], isDirectory: [false], canRead: [false]
16-Oct-2020 05:45:51.676 警告 [main] org.apache.catalina.startup.ClassLoaderFactory.validateFile Problem with directory [/Users/wangyahao/Desktop/code/apache-tomcat-8.5.58-src-wyh/source/lib], exists: [false], isDirectory: [false], canRead: [false]
16-Oct-2020 05:45:52.242 信息 [main] org.apache.catalina.startup.VersionLoggerListener.log Server.æå¡å¨çæ¬: Apache Tomcat/@VERSION@
16-Oct-2020 05:45:52.242 信息 [main] org.apache.catalina.startup.VersionLoggerListener.log æå¡å¨æå»º:        @VERSION_BUILT@
16-Oct-2020 05:45:52.242 信息 [main] org.apache.catalina.startup.VersionLoggerListener.log æå¡å¨çæ¬å·(:     @VERSION_NUMBER@
16-Oct-2020 05:45:52.242 信息 [main] org.apache.catalina.startup.VersionLoggerListener.log æä½ç³»ç»åç§°:      Mac OS X
16-Oct-2020 05:45:52.242 信息 [main] org.apache.catalina.startup.VersionLoggerListener.log OS.çæ¬:           10.15.5
16-Oct-2020 05:45:52.242 信息 [main] org.apache.catalina.startup.VersionLoggerListener.log æ¶æ:              x86_64
16-Oct-2020 05:45:52.242 信息 [main] org.apache.catalina.startup.VersionLoggerListener.log Java ç¯å¢åé:     /Library/Java/JavaVirtualMachines/jdk1.8.0_211.jdk/Contents/Home/jre
16-Oct-2020 05:45:52.242 信息 [main] org.apache.catalina.startup.VersionLoggerListener.log Javaèææºçæ¬:    1.8.0_211-b12
16-Oct-2020 05:45:52.243 信息 [main] org.apache.catalina.startup.VersionLoggerListener.log JVM.ä¾åºå:        Oracle Corporation
16-Oct-2020 05:45:52.243 信息 [main] org.apache.catalina.startup.VersionLoggerListener.log CATALINA_BASE:     /Users/wangyahao/Desktop/code/apache-tomcat-8.5.58-src-wyh/source
16-Oct-2020 05:45:52.243 信息 [main] org.apache.catalina.startup.VersionLoggerListener.log CATALINA_HOME:     /Users/wangyahao/Desktop/code/apache-tomcat-8.5.58-src-wyh/source
16-Oct-2020 05:45:52.244 信息 [main] org.apache.catalina.startup.VersionLoggerListener.log å½ä»¤è¡åæ°ï¼-agentlib:jdwp=transport=dt_socket,address=127.0.0.1:61462,suspend=y,server=n
16-Oct-2020 05:45:52.244 信息 [main] org.apache.catalina.startup.VersionLoggerListener.log å½ä»¤è¡åæ°ï¼-Dcatalina.home=/Users/wangyahao/Desktop/code/apache-tomcat-8.5.58-src-wyh/source
16-Oct-2020 05:45:52.244 信息 [main] org.apache.catalina.startup.VersionLoggerListener.log å½ä»¤è¡åæ°ï¼-Dcatalina.base=/Users/wangyahao/Desktop/code/apache-tomcat-8.5.58-src-wyh/source
16-Oct-2020 05:45:52.244 信息 [main] org.apache.catalina.startup.VersionLoggerListener.log å½ä»¤è¡åæ°ï¼-Djava.util.logging.manager=org.apache.juli.ClassLoaderLogManager
16-Oct-2020 05:45:52.244 信息 [main] org.apache.catalina.startup.VersionLoggerListener.log å½ä»¤è¡åæ°ï¼-Djava.util.logging.config.file=/Users/wangyahao/Desktop/code/apache-tomcat-8.5.58-src-wyh/source/conf/logging.properties
16-Oct-2020 05:45:52.244 信息 [main] org.apache.catalina.startup.VersionLoggerListener.log å½ä»¤è¡åæ°ï¼-javaagent:/Users/wangyahao/Library/Caches/IntelliJIdea2019.2/captureAgent/debugger-agent.jar
16-Oct-2020 05:45:52.245 信息 [main] org.apache.catalina.startup.VersionLoggerListener.log å½ä»¤è¡åæ°ï¼-Dfile.encoding=UTF-8
16-Oct-2020 05:45:52.245 信息 [main] org.apache.catalina.core.AprLifecycleListener.lifecycleEvent å¨java.library.path:[/Users/wangyahao/Library/Java/Extensions:/Library/Java/Extensions:/Network/Library/Java/Extensions:/System/Library/Java/Extensions:/usr/lib/java:.]ä¸æ¾ä¸å°åºäºAPRçApache Tomcatæ¬æºåºï¼è¯¥åºåè®¸å¨çäº§ç¯å¢ä¸­è·å¾æä½³æ§è½
16-Oct-2020 05:45:52.377 信息 [main] org.apache.coyote.AbstractProtocol.init åå§ååè®®å¤çå¨ ["http-nio-8080"]
16-Oct-2020 05:45:52.401 信息 [main] org.apache.tomcat.util.net.NioSelectorPool.getSharedSelector Using a shared selector for servlet write/read
16-Oct-2020 05:45:52.417 信息 [main] org.apache.catalina.startup.Catalina.load Initialization processed in 718 ms
16-Oct-2020 05:45:52.464 信息 [main] org.apache.catalina.core.StandardService.startInternal æ­£å¨å¯å¨æå¡[Catalina]
16-Oct-2020 05:45:52.466 信息 [main] org.apache.catalina.core.StandardEngine.startInternal Starting Servlet Engine: Apache Tomcat/@VERSION@
16-Oct-2020 05:45:52.501 信息 [localhost-startStop-1] org.apache.catalina.startup.HostConfig.deployDirectory æweb åºç¨ç¨åºé¨ç½²å°ç®å½ [/Users/wangyahao/Desktop/code/apache-tomcat-8.5.58-src-wyh/source/webapps/docs]
16-Oct-2020 05:45:52.884 信息 [localhost-startStop-1] org.apache.jasper.servlet.TldScanner.scanJars è³å°æä¸ä¸ªJARè¢«æ«æç¨äºTLDä½å°æªåå«TLDã ä¸ºæ­¤è®°å½å¨å¯ç¨è°è¯æ¥å¿è®°å½ï¼ä»¥è·åå·²æ«æä½æªå¨å¶ä¸­æ¾å°TLDçå®æ´JARåè¡¨ã å¨æ«ææé´è·³è¿ä¸éè¦çJARå¯ä»¥ç¼©ç­å¯å¨æ¶é´åJSPç¼è¯æ¶é´ã
16-Oct-2020 05:45:52.946 信息 [localhost-startStop-1] org.apache.catalina.startup.HostConfig.deployDirectory Webåºç¨ç¨åºç®å½[/Users/wangyahao/Desktop/code/apache-tomcat-8.5.58-src-wyh/source/webapps/docs]çé¨ç½²å·²å¨[442]æ¯«ç§åå®æ
16-Oct-2020 05:45:52.946 信息 [localhost-startStop-1] org.apache.catalina.startup.HostConfig.deployDirectory æweb åºç¨ç¨åºé¨ç½²å°ç®å½ [/Users/wangyahao/Desktop/code/apache-tomcat-8.5.58-src-wyh/source/webapps/manager]
16-Oct-2020 05:45:53.060 信息 [localhost-startStop-1] org.apache.jasper.servlet.TldScanner.scanJars è³å°æä¸ä¸ªJARè¢«æ«æç¨äºTLDä½å°æªåå«TLDã ä¸ºæ­¤è®°å½å¨å¯ç¨è°è¯æ¥å¿è®°å½ï¼ä»¥è·åå·²æ«æä½æªå¨å¶ä¸­æ¾å°TLDçå®æ´JARåè¡¨ã å¨æ«ææé´è·³è¿ä¸éè¦çJARå¯ä»¥ç¼©ç­å¯å¨æ¶é´åJSPç¼è¯æ¶é´ã
16-Oct-2020 05:45:53.071 信息 [localhost-startStop-1] org.apache.catalina.startup.HostConfig.deployDirectory Webåºç¨ç¨åºç®å½[/Users/wangyahao/Desktop/code/apache-tomcat-8.5.58-src-wyh/source/webapps/manager]çé¨ç½²å·²å¨[124]æ¯«ç§åå®æ
16-Oct-2020 05:45:53.071 信息 [localhost-startStop-1] org.apache.catalina.startup.HostConfig.deployDirectory æweb åºç¨ç¨åºé¨ç½²å°ç®å½ [/Users/wangyahao/Desktop/code/apache-tomcat-8.5.58-src-wyh/source/webapps/examples]
16-Oct-2020 05:45:53.312 信息 [localhost-startStop-1] org.apache.jasper.servlet.TldScanner.scanJars è³å°æä¸ä¸ªJARè¢«æ«æç¨äºTLDä½å°æªåå«TLDã ä¸ºæ­¤è®°å½å¨å¯ç¨è°è¯æ¥å¿è®°å½ï¼ä»¥è·åå·²æ«æä½æªå¨å¶ä¸­æ¾å°TLDçå®æ´JARåè¡¨ã å¨æ«ææé´è·³è¿ä¸éè¦çJARå¯ä»¥ç¼©ç­å¯å¨æ¶é´åJSPç¼è¯æ¶é´ã
16-Oct-2020 05:45:53.327 严重 [localhost-startStop-1] org.apache.catalina.core.StandardContext.startInternal ä¸ä¸ªæå¤ä¸ªlistenerså¯å¨å¤±è´¥ï¼æ´å¤è¯¦ç»ä¿¡æ¯æ¥çå¯¹åºçå®¹å¨æ¥å¿æä»¶
16-Oct-2020 05:45:53.329 严重 [localhost-startStop-1] org.apache.catalina.core.StandardContext.startInternal ç±äºä¹åçéè¯¯ï¼Context[/examples]å¯å¨å¤±è´¥
16-Oct-2020 05:45:53.341 信息 [localhost-startStop-1] org.apache.catalina.startup.HostConfig.deployDirectory Webåºç¨ç¨åºç®å½[/Users/wangyahao/Desktop/code/apache-tomcat-8.5.58-src-wyh/source/webapps/examples]çé¨ç½²å·²å¨[270]æ¯«ç§åå®æ
16-Oct-2020 05:45:53.341 信息 [localhost-startStop-1] org.apache.catalina.startup.HostConfig.deployDirectory æweb åºç¨ç¨åºé¨ç½²å°ç®å½ [/Users/wangyahao/Desktop/code/apache-tomcat-8.5.58-src-wyh/source/webapps/ROOT]
16-Oct-2020 05:45:53.454 信息 [localhost-startStop-1] org.apache.jasper.servlet.TldScanner.scanJars è³å°æä¸ä¸ªJARè¢«æ«æç¨äºTLDä½å°æªåå«TLDã ä¸ºæ­¤è®°å½å¨å¯ç¨è°è¯æ¥å¿è®°å½ï¼ä»¥è·åå·²æ«æä½æªå¨å¶ä¸­æ¾å°TLDçå®æ´JARåè¡¨ã å¨æ«ææé´è·³è¿ä¸éè¦çJARå¯ä»¥ç¼©ç­å¯å¨æ¶é´åJSPç¼è¯æ¶é´ã
16-Oct-2020 05:45:53.456 信息 [localhost-startStop-1] org.apache.catalina.startup.HostConfig.deployDirectory Webåºç¨ç¨åºç®å½[/Users/wangyahao/Desktop/code/apache-tomcat-8.5.58-src-wyh/source/webapps/ROOT]çé¨ç½²å·²å¨[115]æ¯«ç§åå®æ
16-Oct-2020 05:45:53.457 信息 [localhost-startStop-1] org.apache.catalina.startup.HostConfig.deployDirectory æweb åºç¨ç¨åºé¨ç½²å°ç®å½ [/Users/wangyahao/Desktop/code/apache-tomcat-8.5.58-src-wyh/source/webapps/host-manager]
16-Oct-2020 05:45:53.556 信息 [localhost-startStop-1] org.apache.jasper.servlet.TldScanner.scanJars è³å°æä¸ä¸ªJARè¢«æ«æç¨äºTLDä½å°æªåå«TLDã ä¸ºæ­¤è®°å½å¨å¯ç¨è°è¯æ¥å¿è®°å½ï¼ä»¥è·åå·²æ«æä½æªå¨å¶ä¸­æ¾å°TLDçå®æ´JARåè¡¨ã å¨æ«ææé´è·³è¿ä¸éè¦çJARå¯ä»¥ç¼©ç­å¯å¨æ¶é´åJSPç¼è¯æ¶é´ã
16-Oct-2020 05:45:53.558 信息 [localhost-startStop-1] org.apache.catalina.startup.HostConfig.deployDirectory Webåºç¨ç¨åºç®å½[/Users/wangyahao/Desktop/code/apache-tomcat-8.5.58-src-wyh/source/webapps/host-manager]çé¨ç½²å·²å¨[101]æ¯«ç§åå®æ
16-Oct-2020 05:45:53.563 信息 [main] org.apache.coyote.AbstractProtocol.start å¼å§åè®®å¤çå¥æ["http-nio-8080"]
16-Oct-2020 05:45:53.579 信息 [main] org.apache.catalina.startup.Catalina.start Server startup in 1162 ms
16-Oct-2020 05:52:49.294 信息 [Thread-4] org.apache.coyote.AbstractProtocol.pause æåProtocolHandler["http-nio-8080"]
16-Oct-2020 05:52:50.401 信息 [Thread-4] org.apache.catalina.core.StandardService.stopInternal æ­£å¨åæ­¢æå¡[Catalina]
16-Oct-2020 05:52:50.422 信息 [Thread-4] org.apache.coyote.AbstractProtocol.stop æ­£å¨åæ­¢ProtocolHandler ["http-nio-8080"]
16-Oct-2020 05:52:51.519 信息 [Thread-4] org.apache.coyote.AbstractProtocol.destroy æ­£å¨æ§æ¯åè®®å¤çå¨ ["http-nio-8080"]
16-Oct-2020 05:52:51.520 警告 [Thread-4] org.apache.tomcat.util.net.NioEndpoint.unbind æ æ³ä¸º [http-nio-8080] å³é­æå¡å¨ socket
	java.io.IOException: Unknown error: 316
		at sun.nio.ch.NativeThread.signal(Native Method)
		at sun.nio.ch.ServerSocketChannelImpl.implCloseSelectableChannel(ServerSocketChannelImpl.java:292)
		at java.nio.channels.spi.AbstractSelectableChannel.implCloseChannel(AbstractSelectableChannel.java:234)
		at java.nio.channels.spi.AbstractInterruptibleChannel.close(AbstractInterruptibleChannel.java:115)
		at sun.nio.ch.ServerSocketAdaptor.close(ServerSocketAdaptor.java:137)
		at org.apache.tomcat.util.net.NioEndpoint.doCloseServerSocket(NioEndpoint.java:354)
		at org.apache.tomcat.util.net.NioEndpoint.unbind(NioEndpoint.java:334)
		at org.apache.tomcat.util.net.AbstractEndpoint.destroy(AbstractEndpoint.java:1251)
		at org.apache.coyote.AbstractProtocol.destroy(AbstractProtocol.java:653)
		at org.apache.catalina.connector.Connector.destroyInternal(Connector.java:1130)
		at org.apache.catalina.util.LifecycleBase.destroy(LifecycleBase.java:321)
		at org.apache.catalina.core.StandardService.destroyInternal(StandardService.java:574)
		at org.apache.catalina.util.LifecycleBase.destroy(LifecycleBase.java:321)
		at org.apache.catalina.core.StandardServer.destroyInternal(StandardServer.java:856)
		at org.apache.catalina.util.LifecycleBase.destroy(LifecycleBase.java:321)
		at org.apache.catalina.startup.Catalina.stop(Catalina.java:762)
		at org.apache.catalina.startup.Catalina$CatalinaShutdownHook.run(Catalina.java:862)
16-Oct-2020 05:52:53.722 警告 [main] org.apache.catalina.startup.ClassLoaderFactory.validateFile Problem with directory [/Users/wangyahao/Desktop/code/apache-tomcat-8.5.58-src-wyh/source/lib], exists: [false], isDirectory: [false], canRead: [false]
16-Oct-2020 05:52:53.727 警告 [main] org.apache.catalina.startup.ClassLoaderFactory.validateFile Problem with directory [/Users/wangyahao/Desktop/code/apache-tomcat-8.5.58-src-wyh/source/lib], exists: [false], isDirectory: [false], canRead: [false]
16-Oct-2020 05:52:53.727 警告 [main] org.apache.catalina.startup.ClassLoaderFactory.validateFile Problem with directory [/Users/wangyahao/Desktop/code/apache-tomcat-8.5.58-src-wyh/source/lib], exists: [false], isDirectory: [false], canRead: [false]
16-Oct-2020 05:52:53.727 警告 [main] org.apache.catalina.startup.ClassLoaderFactory.validateFile Problem with directory [/Users/wangyahao/Desktop/code/apache-tomcat-8.5.58-src-wyh/source/lib], exists: [false], isDirectory: [false], canRead: [false]
16-Oct-2020 05:52:54.323 信息 [main] org.apache.catalina.startup.VersionLoggerListener.log Server.服务器版本: Apache Tomcat/@VERSION@
16-Oct-2020 05:52:54.323 信息 [main] org.apache.catalina.startup.VersionLoggerListener.log 服务器构建:        @VERSION_BUILT@
16-Oct-2020 05:52:54.324 信息 [main] org.apache.catalina.startup.VersionLoggerListener.log 服务器版本号(:     @VERSION_NUMBER@
16-Oct-2020 05:52:54.324 信息 [main] org.apache.catalina.startup.VersionLoggerListener.log 操作系统名称:      Mac OS X
16-Oct-2020 05:52:54.324 信息 [main] org.apache.catalina.startup.VersionLoggerListener.log OS.版本:           10.15.5
16-Oct-2020 05:52:54.324 信息 [main] org.apache.catalina.startup.VersionLoggerListener.log 架构:              x86_64
16-Oct-2020 05:52:54.324 信息 [main] org.apache.catalina.startup.VersionLoggerListener.log Java 环境变量:     /Library/Java/JavaVirtualMachines/jdk1.8.0_211.jdk/Contents/Home/jre
16-Oct-2020 05:52:54.324 信息 [main] org.apache.catalina.startup.VersionLoggerListener.log Java虚拟机版本:    1.8.0_211-b12
16-Oct-2020 05:52:54.325 信息 [main] org.apache.catalina.startup.VersionLoggerListener.log JVM.供应商:        Oracle Corporation
16-Oct-2020 05:52:54.325 信息 [main] org.apache.catalina.startup.VersionLoggerListener.log CATALINA_BASE:     /Users/wangyahao/Desktop/code/apache-tomcat-8.5.58-src-wyh/source
16-Oct-2020 05:52:54.325 信息 [main] org.apache.catalina.startup.VersionLoggerListener.log CATALINA_HOME:     /Users/wangyahao/Desktop/code/apache-tomcat-8.5.58-src-wyh/source
16-Oct-2020 05:52:54.326 信息 [main] org.apache.catalina.startup.VersionLoggerListener.log 命令行参数：-agentlib:jdwp=transport=dt_socket,address=127.0.0.1:61664,suspend=y,server=n
16-Oct-2020 05:52:54.326 信息 [main] org.apache.catalina.startup.VersionLoggerListener.log 命令行参数：-Dcatalina.home=/Users/wangyahao/Desktop/code/apache-tomcat-8.5.58-src-wyh/source
16-Oct-2020 05:52:54.326 信息 [main] org.apache.catalina.startup.VersionLoggerListener.log 命令行参数：-Dcatalina.base=/Users/wangyahao/Desktop/code/apache-tomcat-8.5.58-src-wyh/source
16-Oct-2020 05:52:54.326 信息 [main] org.apache.catalina.startup.VersionLoggerListener.log 命令行参数：-Djava.util.logging.manager=org.apache.juli.ClassLoaderLogManager
16-Oct-2020 05:52:54.326 信息 [main] org.apache.catalina.startup.VersionLoggerListener.log 命令行参数：-Djava.util.logging.config.file=/Users/wangyahao/Desktop/code/apache-tomcat-8.5.58-src-wyh/source/conf/logging.properties
16-Oct-2020 05:52:54.328 信息 [main] org.apache.catalina.startup.VersionLoggerListener.log 命令行参数：-javaagent:/Users/wangyahao/Library/Caches/IntelliJIdea2019.2/captureAgent/debugger-agent.jar
16-Oct-2020 05:52:54.328 信息 [main] org.apache.catalina.startup.VersionLoggerListener.log 命令行参数：-Dfile.encoding=UTF-8
16-Oct-2020 05:52:54.328 信息 [main] org.apache.catalina.core.AprLifecycleListener.lifecycleEvent 在java.library.path:[/Users/wangyahao/Library/Java/Extensions:/Library/Java/Extensions:/Network/Library/Java/Extensions:/System/Library/Java/Extensions:/usr/lib/java:.]上找不到基于APR的Apache Tomcat本机库，该库允许在生产环境中获得最佳性能
16-Oct-2020 05:52:54.462 信息 [main] org.apache.coyote.AbstractProtocol.init 初始化协议处理器 ["http-nio-8080"]
16-Oct-2020 05:52:54.488 信息 [main] org.apache.tomcat.util.net.NioSelectorPool.getSharedSelector Using a shared selector for servlet write/read
16-Oct-2020 05:52:54.503 信息 [main] org.apache.catalina.startup.Catalina.load Initialization processed in 752 ms
16-Oct-2020 05:52:54.549 信息 [main] org.apache.catalina.core.StandardService.startInternal 正在启动服务[Catalina]
16-Oct-2020 05:52:54.552 信息 [main] org.apache.catalina.core.StandardEngine.startInternal Starting Servlet Engine: Apache Tomcat/@VERSION@
16-Oct-2020 05:52:54.597 信息 [localhost-startStop-1] org.apache.catalina.startup.HostConfig.deployDirectory 把web 应用程序部署到目录 [/Users/wangyahao/Desktop/code/apache-tomcat-8.5.58-src-wyh/source/webapps/docs]
16-Oct-2020 05:52:55.052 信息 [localhost-startStop-1] org.apache.jasper.servlet.TldScanner.scanJars 至少有一个JAR被扫描用于TLD但尚未包含TLD。 为此记录器启用调试日志记录，以获取已扫描但未在其中找到TLD的完整JAR列表。 在扫描期间跳过不需要的JAR可以缩短启动时间和JSP编译时间。
16-Oct-2020 05:52:55.114 信息 [localhost-startStop-1] org.apache.catalina.startup.HostConfig.deployDirectory Web应用程序目录[/Users/wangyahao/Desktop/code/apache-tomcat-8.5.58-src-wyh/source/webapps/docs]的部署已在[514]毫秒内完成
16-Oct-2020 05:52:55.114 信息 [localhost-startStop-1] org.apache.catalina.startup.HostConfig.deployDirectory 把web 应用程序部署到目录 [/Users/wangyahao/Desktop/code/apache-tomcat-8.5.58-src-wyh/source/webapps/manager]
16-Oct-2020 05:52:55.243 信息 [localhost-startStop-1] org.apache.jasper.servlet.TldScanner.scanJars 至少有一个JAR被扫描用于TLD但尚未包含TLD。 为此记录器启用调试日志记录，以获取已扫描但未在其中找到TLD的完整JAR列表。 在扫描期间跳过不需要的JAR可以缩短启动时间和JSP编译时间。
16-Oct-2020 05:52:55.253 信息 [localhost-startStop-1] org.apache.catalina.startup.HostConfig.deployDirectory Web应用程序目录[/Users/wangyahao/Desktop/code/apache-tomcat-8.5.58-src-wyh/source/webapps/manager]的部署已在[139]毫秒内完成
16-Oct-2020 05:52:55.254 信息 [localhost-startStop-1] org.apache.catalina.startup.HostConfig.deployDirectory 把web 应用程序部署到目录 [/Users/wangyahao/Desktop/code/apache-tomcat-8.5.58-src-wyh/source/webapps/examples]
16-Oct-2020 05:52:55.453 信息 [localhost-startStop-1] org.apache.jasper.servlet.TldScanner.scanJars 至少有一个JAR被扫描用于TLD但尚未包含TLD。 为此记录器启用调试日志记录，以获取已扫描但未在其中找到TLD的完整JAR列表。 在扫描期间跳过不需要的JAR可以缩短启动时间和JSP编译时间。
16-Oct-2020 05:52:55.471 严重 [localhost-startStop-1] org.apache.catalina.core.StandardContext.startInternal 一个或多个listeners启动失败，更多详细信息查看对应的容器日志文件
16-Oct-2020 05:52:55.472 严重 [localhost-startStop-1] org.apache.catalina.core.StandardContext.startInternal 由于之前的错误，Context[/examples]启动失败
16-Oct-2020 05:52:55.482 信息 [localhost-startStop-1] org.apache.catalina.startup.HostConfig.deployDirectory Web应用程序目录[/Users/wangyahao/Desktop/code/apache-tomcat-8.5.58-src-wyh/source/webapps/examples]的部署已在[228]毫秒内完成
16-Oct-2020 05:52:55.483 信息 [localhost-startStop-1] org.apache.catalina.startup.HostConfig.deployDirectory 把web 应用程序部署到目录 [/Users/wangyahao/Desktop/code/apache-tomcat-8.5.58-src-wyh/source/webapps/ROOT]
16-Oct-2020 05:52:55.599 信息 [localhost-startStop-1] org.apache.jasper.servlet.TldScanner.scanJars 至少有一个JAR被扫描用于TLD但尚未包含TLD。 为此记录器启用调试日志记录，以获取已扫描但未在其中找到TLD的完整JAR列表。 在扫描期间跳过不需要的JAR可以缩短启动时间和JSP编译时间。
16-Oct-2020 05:52:55.600 信息 [localhost-startStop-1] org.apache.catalina.startup.HostConfig.deployDirectory Web应用程序目录[/Users/wangyahao/Desktop/code/apache-tomcat-8.5.58-src-wyh/source/webapps/ROOT]的部署已在[117]毫秒内完成
16-Oct-2020 05:52:55.601 信息 [localhost-startStop-1] org.apache.catalina.startup.HostConfig.deployDirectory 把web 应用程序部署到目录 [/Users/wangyahao/Desktop/code/apache-tomcat-8.5.58-src-wyh/source/webapps/host-manager]
16-Oct-2020 05:52:55.698 信息 [localhost-startStop-1] org.apache.jasper.servlet.TldScanner.scanJars 至少有一个JAR被扫描用于TLD但尚未包含TLD。 为此记录器启用调试日志记录，以获取已扫描但未在其中找到TLD的完整JAR列表。 在扫描期间跳过不需要的JAR可以缩短启动时间和JSP编译时间。
16-Oct-2020 05:52:55.699 信息 [localhost-startStop-1] org.apache.catalina.startup.HostConfig.deployDirectory Web应用程序目录[/Users/wangyahao/Desktop/code/apache-tomcat-8.5.58-src-wyh/source/webapps/host-manager]的部署已在[98]毫秒内完成
16-Oct-2020 05:52:55.706 信息 [main] org.apache.coyote.AbstractProtocol.start 开始协议处理句柄["http-nio-8080"]
16-Oct-2020 05:52:55.721 信息 [main] org.apache.catalina.startup.Catalina.start Server startup in 1217 ms
16-Oct-2020 05:54:12.742 信息 [Thread-4] org.apache.coyote.AbstractProtocol.pause 暂停ProtocolHandler["http-nio-8080"]
16-Oct-2020 05:54:13.858 信息 [Thread-4] org.apache.catalina.core.StandardService.stopInternal 正在停止服务[Catalina]
16-Oct-2020 05:54:13.875 信息 [Thread-4] org.apache.coyote.AbstractProtocol.stop 正在停止ProtocolHandler ["http-nio-8080"]
16-Oct-2020 05:54:14.976 信息 [Thread-4] org.apache.coyote.AbstractProtocol.destroy 正在摧毁协议处理器 ["http-nio-8080"]
16-Oct-2020 05:54:14.977 警告 [Thread-4] org.apache.tomcat.util.net.NioEndpoint.unbind 无法为 [http-nio-8080] 关闭服务器 socket
	java.io.IOException: Unknown error: 316
		at sun.nio.ch.NativeThread.signal(Native Method)
		at sun.nio.ch.ServerSocketChannelImpl.implCloseSelectableChannel(ServerSocketChannelImpl.java:292)
		at java.nio.channels.spi.AbstractSelectableChannel.implCloseChannel(AbstractSelectableChannel.java:234)
		at java.nio.channels.spi.AbstractInterruptibleChannel.close(AbstractInterruptibleChannel.java:115)
		at sun.nio.ch.ServerSocketAdaptor.close(ServerSocketAdaptor.java:137)
		at org.apache.tomcat.util.net.NioEndpoint.doCloseServerSocket(NioEndpoint.java:354)
		at org.apache.tomcat.util.net.NioEndpoint.unbind(NioEndpoint.java:334)
		at org.apache.tomcat.util.net.AbstractEndpoint.destroy(AbstractEndpoint.java:1251)
		at org.apache.coyote.AbstractProtocol.destroy(AbstractProtocol.java:653)
		at org.apache.catalina.connector.Connector.destroyInternal(Connector.java:1130)
		at org.apache.catalina.util.LifecycleBase.destroy(LifecycleBase.java:321)
		at org.apache.catalina.core.StandardService.destroyInternal(StandardService.java:574)
		at org.apache.catalina.util.LifecycleBase.destroy(LifecycleBase.java:321)
		at org.apache.catalina.core.StandardServer.destroyInternal(StandardServer.java:856)
		at org.apache.catalina.util.LifecycleBase.destroy(LifecycleBase.java:321)
		at org.apache.catalina.startup.Catalina.stop(Catalina.java:762)
		at org.apache.catalina.startup.Catalina$CatalinaShutdownHook.run(Catalina.java:862)
16-Oct-2020 05:54:16.898 警告 [main] org.apache.catalina.startup.ClassLoaderFactory.validateFile Problem with directory [/Users/wangyahao/Desktop/code/apache-tomcat-8.5.58-src-wyh/source/lib], exists: [false], isDirectory: [false], canRead: [false]
16-Oct-2020 05:54:16.909 警告 [main] org.apache.catalina.startup.ClassLoaderFactory.validateFile Problem with directory [/Users/wangyahao/Desktop/code/apache-tomcat-8.5.58-src-wyh/source/lib], exists: [false], isDirectory: [false], canRead: [false]
16-Oct-2020 05:54:16.909 警告 [main] org.apache.catalina.startup.ClassLoaderFactory.validateFile Problem with directory [/Users/wangyahao/Desktop/code/apache-tomcat-8.5.58-src-wyh/source/lib], exists: [false], isDirectory: [false], canRead: [false]
16-Oct-2020 05:54:16.909 警告 [main] org.apache.catalina.startup.ClassLoaderFactory.validateFile Problem with directory [/Users/wangyahao/Desktop/code/apache-tomcat-8.5.58-src-wyh/source/lib], exists: [false], isDirectory: [false], canRead: [false]
16-Oct-2020 05:54:18.019 信息 [main] org.apache.catalina.startup.VersionLoggerListener.log Server.服务器版本: Apache Tomcat/@VERSION@
16-Oct-2020 05:54:18.019 信息 [main] org.apache.catalina.startup.VersionLoggerListener.log 服务器构建:        @VERSION_BUILT@
16-Oct-2020 05:54:18.019 信息 [main] org.apache.catalina.startup.VersionLoggerListener.log 服务器版本号(:     @VERSION_NUMBER@
16-Oct-2020 05:54:18.019 信息 [main] org.apache.catalina.startup.VersionLoggerListener.log 操作系统名称:      Mac OS X
16-Oct-2020 05:54:18.019 信息 [main] org.apache.catalina.startup.VersionLoggerListener.log OS.版本:           10.15.5
16-Oct-2020 05:54:18.019 信息 [main] org.apache.catalina.startup.VersionLoggerListener.log 架构:              x86_64
16-Oct-2020 05:54:18.020 信息 [main] org.apache.catalina.startup.VersionLoggerListener.log Java 环境变量:     /Library/Java/JavaVirtualMachines/jdk1.8.0_211.jdk/Contents/Home/jre
16-Oct-2020 05:54:18.020 信息 [main] org.apache.catalina.startup.VersionLoggerListener.log Java虚拟机版本:    1.8.0_211-b12
16-Oct-2020 05:54:18.020 信息 [main] org.apache.catalina.startup.VersionLoggerListener.log JVM.供应商:        Oracle Corporation
16-Oct-2020 05:54:18.020 信息 [main] org.apache.catalina.startup.VersionLoggerListener.log CATALINA_BASE:     /Users/wangyahao/Desktop/code/apache-tomcat-8.5.58-src-wyh/source
16-Oct-2020 05:54:18.020 信息 [main] org.apache.catalina.startup.VersionLoggerListener.log CATALINA_HOME:     /Users/wangyahao/Desktop/code/apache-tomcat-8.5.58-src-wyh/source
16-Oct-2020 05:54:18.021 信息 [main] org.apache.catalina.startup.VersionLoggerListener.log 命令行参数：-agentlib:jdwp=transport=dt_socket,address=127.0.0.1:61684,suspend=y,server=n
16-Oct-2020 05:54:18.022 信息 [main] org.apache.catalina.startup.VersionLoggerListener.log 命令行参数：-Dcatalina.home=/Users/wangyahao/Desktop/code/apache-tomcat-8.5.58-src-wyh/source
16-Oct-2020 05:54:18.022 信息 [main] org.apache.catalina.startup.VersionLoggerListener.log 命令行参数：-Dcatalina.base=/Users/wangyahao/Desktop/code/apache-tomcat-8.5.58-src-wyh/source
16-Oct-2020 05:54:18.022 信息 [main] org.apache.catalina.startup.VersionLoggerListener.log 命令行参数：-Djava.util.logging.manager=org.apache.juli.ClassLoaderLogManager
16-Oct-2020 05:54:18.022 信息 [main] org.apache.catalina.startup.VersionLoggerListener.log 命令行参数：-Djava.util.logging.config.file=/Users/wangyahao/Desktop/code/apache-tomcat-8.5.58-src-wyh/source/conf/logging.properties
16-Oct-2020 05:54:18.022 信息 [main] org.apache.catalina.startup.VersionLoggerListener.log 命令行参数：-javaagent:/Users/wangyahao/Library/Caches/IntelliJIdea2019.2/captureAgent/debugger-agent.jar
16-Oct-2020 05:54:18.022 信息 [main] org.apache.catalina.startup.VersionLoggerListener.log 命令行参数：-Dfile.encoding=UTF-8
16-Oct-2020 05:54:18.022 信息 [main] org.apache.catalina.core.AprLifecycleListener.lifecycleEvent 在java.library.path:[/Users/wangyahao/Library/Java/Extensions:/Library/Java/Extensions:/Network/Library/Java/Extensions:/System/Library/Java/Extensions:/usr/lib/java:.]上找不到基于APR的Apache Tomcat本机库，该库允许在生产环境中获得最佳性能
16-Oct-2020 05:54:18.314 信息 [main] org.apache.coyote.AbstractProtocol.init 初始化协议处理器 ["http-nio-8080"]
16-Oct-2020 05:54:18.362 信息 [main] org.apache.tomcat.util.net.NioSelectorPool.getSharedSelector Using a shared selector for servlet write/read
16-Oct-2020 05:54:18.398 信息 [main] org.apache.catalina.startup.Catalina.load Initialization processed in 1429 ms
16-Oct-2020 05:54:18.485 信息 [main] org.apache.catalina.core.StandardService.startInternal 正在启动服务[Catalina]
16-Oct-2020 05:54:18.488 信息 [main] org.apache.catalina.core.StandardEngine.startInternal Starting Servlet Engine: Apache Tomcat/@VERSION@
16-Oct-2020 05:54:18.537 信息 [localhost-startStop-1] org.apache.catalina.startup.HostConfig.deployDirectory 把web 应用程序部署到目录 [/Users/wangyahao/Desktop/code/apache-tomcat-8.5.58-src-wyh/source/webapps/docs]
16-Oct-2020 05:54:19.127 信息 [localhost-startStop-1] org.apache.jasper.servlet.TldScanner.scanJars 至少有一个JAR被扫描用于TLD但尚未包含TLD。 为此记录器启用调试日志记录，以获取已扫描但未在其中找到TLD的完整JAR列表。 在扫描期间跳过不需要的JAR可以缩短启动时间和JSP编译时间。
16-Oct-2020 05:54:19.193 信息 [localhost-startStop-1] org.apache.catalina.startup.HostConfig.deployDirectory Web应用程序目录[/Users/wangyahao/Desktop/code/apache-tomcat-8.5.58-src-wyh/source/webapps/docs]的部署已在[653]毫秒内完成
16-Oct-2020 05:54:19.194 信息 [localhost-startStop-1] org.apache.catalina.startup.HostConfig.deployDirectory 把web 应用程序部署到目录 [/Users/wangyahao/Desktop/code/apache-tomcat-8.5.58-src-wyh/source/webapps/manager]
16-Oct-2020 05:54:19.355 信息 [localhost-startStop-1] org.apache.jasper.servlet.TldScanner.scanJars 至少有一个JAR被扫描用于TLD但尚未包含TLD。 为此记录器启用调试日志记录，以获取已扫描但未在其中找到TLD的完整JAR列表。 在扫描期间跳过不需要的JAR可以缩短启动时间和JSP编译时间。
16-Oct-2020 05:54:19.376 信息 [localhost-startStop-1] org.apache.catalina.startup.HostConfig.deployDirectory Web应用程序目录[/Users/wangyahao/Desktop/code/apache-tomcat-8.5.58-src-wyh/source/webapps/manager]的部署已在[182]毫秒内完成
16-Oct-2020 05:54:19.376 信息 [localhost-startStop-1] org.apache.catalina.startup.HostConfig.deployDirectory 把web 应用程序部署到目录 [/Users/wangyahao/Desktop/code/apache-tomcat-8.5.58-src-wyh/source/webapps/examples]
16-Oct-2020 05:54:19.700 信息 [localhost-startStop-1] org.apache.jasper.servlet.TldScanner.scanJars 至少有一个JAR被扫描用于TLD但尚未包含TLD。 为此记录器启用调试日志记录，以获取已扫描但未在其中找到TLD的完整JAR列表。 在扫描期间跳过不需要的JAR可以缩短启动时间和JSP编译时间。
16-Oct-2020 05:54:19.729 严重 [localhost-startStop-1] org.apache.catalina.core.StandardContext.startInternal 一个或多个listeners启动失败，更多详细信息查看对应的容器日志文件
16-Oct-2020 05:54:19.732 严重 [localhost-startStop-1] org.apache.catalina.core.StandardContext.startInternal 由于之前的错误，Context[/examples]启动失败
16-Oct-2020 05:54:19.754 信息 [localhost-startStop-1] org.apache.catalina.startup.HostConfig.deployDirectory Web应用程序目录[/Users/wangyahao/Desktop/code/apache-tomcat-8.5.58-src-wyh/source/webapps/examples]的部署已在[378]毫秒内完成
16-Oct-2020 05:54:19.754 信息 [localhost-startStop-1] org.apache.catalina.startup.HostConfig.deployDirectory 把web 应用程序部署到目录 [/Users/wangyahao/Desktop/code/apache-tomcat-8.5.58-src-wyh/source/webapps/ROOT]
16-Oct-2020 05:54:19.894 信息 [localhost-startStop-1] org.apache.jasper.servlet.TldScanner.scanJars 至少有一个JAR被扫描用于TLD但尚未包含TLD。 为此记录器启用调试日志记录，以获取已扫描但未在其中找到TLD的完整JAR列表。 在扫描期间跳过不需要的JAR可以缩短启动时间和JSP编译时间。
16-Oct-2020 05:54:19.895 信息 [localhost-startStop-1] org.apache.catalina.startup.HostConfig.deployDirectory Web应用程序目录[/Users/wangyahao/Desktop/code/apache-tomcat-8.5.58-src-wyh/source/webapps/ROOT]的部署已在[141]毫秒内完成
16-Oct-2020 05:54:19.896 信息 [localhost-startStop-1] org.apache.catalina.startup.HostConfig.deployDirectory 把web 应用程序部署到目录 [/Users/wangyahao/Desktop/code/apache-tomcat-8.5.58-src-wyh/source/webapps/host-manager]
16-Oct-2020 05:54:20.008 信息 [localhost-startStop-1] org.apache.jasper.servlet.TldScanner.scanJars 至少有一个JAR被扫描用于TLD但尚未包含TLD。 为此记录器启用调试日志记录，以获取已扫描但未在其中找到TLD的完整JAR列表。 在扫描期间跳过不需要的JAR可以缩短启动时间和JSP编译时间。
16-Oct-2020 05:54:20.010 信息 [localhost-startStop-1] org.apache.catalina.startup.HostConfig.deployDirectory Web应用程序目录[/Users/wangyahao/Desktop/code/apache-tomcat-8.5.58-src-wyh/source/webapps/host-manager]的部署已在[114]毫秒内完成
16-Oct-2020 05:54:20.022 信息 [main] org.apache.coyote.AbstractProtocol.start 开始协议处理句柄["http-nio-8080"]
16-Oct-2020 05:54:20.038 信息 [main] org.apache.catalina.startup.Catalina.start Server startup in 1639 ms
16-Oct-2020 06:00:26.448 信息 [Thread-4] org.apache.coyote.AbstractProtocol.pause 暂停ProtocolHandler["http-nio-8080"]
16-Oct-2020 06:00:27.572 信息 [Thread-4] org.apache.catalina.core.StandardService.stopInternal 正在停止服务[Catalina]
16-Oct-2020 06:00:27.593 信息 [Thread-4] org.apache.coyote.AbstractProtocol.stop 正在停止ProtocolHandler ["http-nio-8080"]
16-Oct-2020 06:00:28.702 信息 [Thread-4] org.apache.coyote.AbstractProtocol.destroy 正在摧毁协议处理器 ["http-nio-8080"]
16-Oct-2020 06:00:28.703 警告 [Thread-4] org.apache.tomcat.util.net.NioEndpoint.unbind 无法为 [http-nio-8080] 关闭服务器 socket
	java.io.IOException: Unknown error: 316
		at sun.nio.ch.NativeThread.signal(Native Method)
		at sun.nio.ch.ServerSocketChannelImpl.implCloseSelectableChannel(ServerSocketChannelImpl.java:292)
		at java.nio.channels.spi.AbstractSelectableChannel.implCloseChannel(AbstractSelectableChannel.java:234)
		at java.nio.channels.spi.AbstractInterruptibleChannel.close(AbstractInterruptibleChannel.java:115)
		at sun.nio.ch.ServerSocketAdaptor.close(ServerSocketAdaptor.java:137)
		at org.apache.tomcat.util.net.NioEndpoint.doCloseServerSocket(NioEndpoint.java:354)
		at org.apache.tomcat.util.net.NioEndpoint.unbind(NioEndpoint.java:334)
		at org.apache.tomcat.util.net.AbstractEndpoint.destroy(AbstractEndpoint.java:1251)
		at org.apache.coyote.AbstractProtocol.destroy(AbstractProtocol.java:653)
		at org.apache.catalina.connector.Connector.destroyInternal(Connector.java:1130)
		at org.apache.catalina.util.LifecycleBase.destroy(LifecycleBase.java:321)
		at org.apache.catalina.core.StandardService.destroyInternal(StandardService.java:574)
		at org.apache.catalina.util.LifecycleBase.destroy(LifecycleBase.java:321)
		at org.apache.catalina.core.StandardServer.destroyInternal(StandardServer.java:856)
		at org.apache.catalina.util.LifecycleBase.destroy(LifecycleBase.java:321)
		at org.apache.catalina.startup.Catalina.stop(Catalina.java:762)
		at org.apache.catalina.startup.Catalina$CatalinaShutdownHook.run(Catalina.java:862)
16-Oct-2020 06:00:31.135 警告 [main] org.apache.catalina.startup.ClassLoaderFactory.validateFile Problem with directory [/Users/wangyahao/Desktop/code/apache-tomcat-8.5.58-src-wyh/source/lib], exists: [false], isDirectory: [false], canRead: [false]
16-Oct-2020 06:00:31.140 警告 [main] org.apache.catalina.startup.ClassLoaderFactory.validateFile Problem with directory [/Users/wangyahao/Desktop/code/apache-tomcat-8.5.58-src-wyh/source/lib], exists: [false], isDirectory: [false], canRead: [false]
16-Oct-2020 06:00:31.140 警告 [main] org.apache.catalina.startup.ClassLoaderFactory.validateFile Problem with directory [/Users/wangyahao/Desktop/code/apache-tomcat-8.5.58-src-wyh/source/lib], exists: [false], isDirectory: [false], canRead: [false]
16-Oct-2020 06:00:31.140 警告 [main] org.apache.catalina.startup.ClassLoaderFactory.validateFile Problem with directory [/Users/wangyahao/Desktop/code/apache-tomcat-8.5.58-src-wyh/source/lib], exists: [false], isDirectory: [false], canRead: [false]
16-Oct-2020 06:00:31.704 信息 [main] org.apache.catalina.startup.VersionLoggerListener.log Server version name:   Apache Tomcat/@VERSION@
16-Oct-2020 06:00:31.704 信息 [main] org.apache.catalina.startup.VersionLoggerListener.log Server built:          @VERSION_BUILT@
16-Oct-2020 06:00:31.704 信息 [main] org.apache.catalina.startup.VersionLoggerListener.log Server version number: @VERSION_NUMBER@
16-Oct-2020 06:00:31.705 信息 [main] org.apache.catalina.startup.VersionLoggerListener.log OS Name:               Mac OS X
16-Oct-2020 06:00:31.705 信息 [main] org.apache.catalina.startup.VersionLoggerListener.log OS Version:            10.15.5
16-Oct-2020 06:00:31.705 信息 [main] org.apache.catalina.startup.VersionLoggerListener.log Architecture:          x86_64
16-Oct-2020 06:00:31.705 信息 [main] org.apache.catalina.startup.VersionLoggerListener.log Java Home:             /Library/Java/JavaVirtualMachines/jdk1.8.0_211.jdk/Contents/Home/jre
16-Oct-2020 06:00:31.705 信息 [main] org.apache.catalina.startup.VersionLoggerListener.log JVM Version:           1.8.0_211-b12
16-Oct-2020 06:00:31.705 信息 [main] org.apache.catalina.startup.VersionLoggerListener.log JVM Vendor:            Oracle Corporation
16-Oct-2020 06:00:31.705 信息 [main] org.apache.catalina.startup.VersionLoggerListener.log CATALINA_BASE:         /Users/wangyahao/Desktop/code/apache-tomcat-8.5.58-src-wyh/source
16-Oct-2020 06:00:31.706 信息 [main] org.apache.catalina.startup.VersionLoggerListener.log CATALINA_HOME:         /Users/wangyahao/Desktop/code/apache-tomcat-8.5.58-src-wyh/source
16-Oct-2020 06:00:31.707 信息 [main] org.apache.catalina.startup.VersionLoggerListener.log Command line argument: -agentlib:jdwp=transport=dt_socket,address=127.0.0.1:61945,suspend=y,server=n
16-Oct-2020 06:00:31.707 信息 [main] org.apache.catalina.startup.VersionLoggerListener.log Command line argument: -Dcatalina.home=/Users/wangyahao/Desktop/code/apache-tomcat-8.5.58-src-wyh/source
16-Oct-2020 06:00:31.707 信息 [main] org.apache.catalina.startup.VersionLoggerListener.log Command line argument: -Dcatalina.base=/Users/wangyahao/Desktop/code/apache-tomcat-8.5.58-src-wyh/source
16-Oct-2020 06:00:31.707 信息 [main] org.apache.catalina.startup.VersionLoggerListener.log Command line argument: -Djava.util.logging.manager=org.apache.juli.ClassLoaderLogManager
16-Oct-2020 06:00:31.707 信息 [main] org.apache.catalina.startup.VersionLoggerListener.log Command line argument: -Djava.util.logging.config.file=/Users/wangyahao/Desktop/code/apache-tomcat-8.5.58-src-wyh/source/conf/logging.properties
16-Oct-2020 06:00:31.707 信息 [main] org.apache.catalina.startup.VersionLoggerListener.log Command line argument: -javaagent:/Users/wangyahao/Library/Caches/IntelliJIdea2019.2/captureAgent/debugger-agent.jar
16-Oct-2020 06:00:31.707 信息 [main] org.apache.catalina.startup.VersionLoggerListener.log Command line argument: -Dfile.encoding=UTF-8
16-Oct-2020 06:00:31.707 信息 [main] org.apache.catalina.core.AprLifecycleListener.lifecycleEvent The Apache Tomcat Native library which allows using OpenSSL was not found on the java.library.path: [/Users/wangyahao/Library/Java/Extensions:/Library/Java/Extensions:/Network/Library/Java/Extensions:/System/Library/Java/Extensions:/usr/lib/java:.]
16-Oct-2020 06:00:31.837 信息 [main] org.apache.coyote.AbstractProtocol.init Initializing ProtocolHandler ["http-nio-8080"]
16-Oct-2020 06:00:31.859 信息 [main] org.apache.tomcat.util.net.NioSelectorPool.getSharedSelector Using a shared selector for servlet write/read
16-Oct-2020 06:00:31.874 信息 [main] org.apache.catalina.startup.Catalina.load Initialization processed in 710 ms
16-Oct-2020 06:00:31.923 信息 [main] org.apache.catalina.core.StandardService.startInternal Starting service [Catalina]
16-Oct-2020 06:00:31.924 信息 [main] org.apache.catalina.core.StandardEngine.startInternal Starting Servlet Engine: Apache Tomcat/@VERSION@
16-Oct-2020 06:00:31.965 信息 [localhost-startStop-1] org.apache.catalina.startup.HostConfig.deployDirectory Deploying web application directory [/Users/wangyahao/Desktop/code/apache-tomcat-8.5.58-src-wyh/source/webapps/docs]
16-Oct-2020 06:00:32.433 信息 [localhost-startStop-1] org.apache.jasper.servlet.TldScanner.scanJars 至少有一个JAR被扫描用于TLD但尚未包含TLD。 为此记录器启用调试日志记录，以获取已扫描但未在其中找到TLD的完整JAR列表。 在扫描期间跳过不需要的JAR可以缩短启动时间和JSP编译时间。
16-Oct-2020 06:00:32.495 信息 [localhost-startStop-1] org.apache.catalina.startup.HostConfig.deployDirectory Deployment of web application directory [/Users/wangyahao/Desktop/code/apache-tomcat-8.5.58-src-wyh/source/webapps/docs] has finished in [529] ms
16-Oct-2020 06:00:32.495 信息 [localhost-startStop-1] org.apache.catalina.startup.HostConfig.deployDirectory Deploying web application directory [/Users/wangyahao/Desktop/code/apache-tomcat-8.5.58-src-wyh/source/webapps/manager]
16-Oct-2020 06:00:32.610 信息 [localhost-startStop-1] org.apache.jasper.servlet.TldScanner.scanJars 至少有一个JAR被扫描用于TLD但尚未包含TLD。 为此记录器启用调试日志记录，以获取已扫描但未在其中找到TLD的完整JAR列表。 在扫描期间跳过不需要的JAR可以缩短启动时间和JSP编译时间。
16-Oct-2020 06:00:32.620 信息 [localhost-startStop-1] org.apache.catalina.startup.HostConfig.deployDirectory Deployment of web application directory [/Users/wangyahao/Desktop/code/apache-tomcat-8.5.58-src-wyh/source/webapps/manager] has finished in [125] ms
16-Oct-2020 06:00:32.620 信息 [localhost-startStop-1] org.apache.catalina.startup.HostConfig.deployDirectory Deploying web application directory [/Users/wangyahao/Desktop/code/apache-tomcat-8.5.58-src-wyh/source/webapps/examples]
16-Oct-2020 06:00:32.839 信息 [localhost-startStop-1] org.apache.jasper.servlet.TldScanner.scanJars 至少有一个JAR被扫描用于TLD但尚未包含TLD。 为此记录器启用调试日志记录，以获取已扫描但未在其中找到TLD的完整JAR列表。 在扫描期间跳过不需要的JAR可以缩短启动时间和JSP编译时间。
16-Oct-2020 06:00:32.863 严重 [localhost-startStop-1] org.apache.catalina.core.StandardContext.startInternal One or more listeners failed to start. Full details will be found in the appropriate container log file
16-Oct-2020 06:00:32.865 严重 [localhost-startStop-1] org.apache.catalina.core.StandardContext.startInternal Context [/examples] startup failed due to previous errors
16-Oct-2020 06:00:32.877 信息 [localhost-startStop-1] org.apache.catalina.startup.HostConfig.deployDirectory Deployment of web application directory [/Users/wangyahao/Desktop/code/apache-tomcat-8.5.58-src-wyh/source/webapps/examples] has finished in [257] ms
16-Oct-2020 06:00:32.877 信息 [localhost-startStop-1] org.apache.catalina.startup.HostConfig.deployDirectory Deploying web application directory [/Users/wangyahao/Desktop/code/apache-tomcat-8.5.58-src-wyh/source/webapps/ROOT]
16-Oct-2020 06:00:32.981 信息 [localhost-startStop-1] org.apache.jasper.servlet.TldScanner.scanJars 至少有一个JAR被扫描用于TLD但尚未包含TLD。 为此记录器启用调试日志记录，以获取已扫描但未在其中找到TLD的完整JAR列表。 在扫描期间跳过不需要的JAR可以缩短启动时间和JSP编译时间。
16-Oct-2020 06:00:32.983 信息 [localhost-startStop-1] org.apache.catalina.startup.HostConfig.deployDirectory Deployment of web application directory [/Users/wangyahao/Desktop/code/apache-tomcat-8.5.58-src-wyh/source/webapps/ROOT] has finished in [106] ms
16-Oct-2020 06:00:32.983 信息 [localhost-startStop-1] org.apache.catalina.startup.HostConfig.deployDirectory Deploying web application directory [/Users/wangyahao/Desktop/code/apache-tomcat-8.5.58-src-wyh/source/webapps/host-manager]
16-Oct-2020 06:00:33.090 信息 [localhost-startStop-1] org.apache.jasper.servlet.TldScanner.scanJars 至少有一个JAR被扫描用于TLD但尚未包含TLD。 为此记录器启用调试日志记录，以获取已扫描但未在其中找到TLD的完整JAR列表。 在扫描期间跳过不需要的JAR可以缩短启动时间和JSP编译时间。
16-Oct-2020 06:00:33.094 信息 [localhost-startStop-1] org.apache.catalina.startup.HostConfig.deployDirectory Deployment of web application directory [/Users/wangyahao/Desktop/code/apache-tomcat-8.5.58-src-wyh/source/webapps/host-manager] has finished in [110] ms
16-Oct-2020 06:00:33.101 信息 [main] org.apache.coyote.AbstractProtocol.start Starting ProtocolHandler ["http-nio-8080"]
16-Oct-2020 06:00:33.116 信息 [main] org.apache.catalina.startup.Catalina.start Server startup in 1241 ms
16-Oct-2020 06:01:49.687 信息 [Thread-4] org.apache.coyote.AbstractProtocol.pause Pausing ProtocolHandler ["http-nio-8080"]
16-Oct-2020 06:01:50.802 信息 [Thread-4] org.apache.catalina.core.StandardService.stopInternal Stopping service [Catalina]
16-Oct-2020 06:01:50.821 信息 [Thread-4] org.apache.coyote.AbstractProtocol.stop Stopping ProtocolHandler ["http-nio-8080"]
16-Oct-2020 06:01:51.923 信息 [Thread-4] org.apache.coyote.AbstractProtocol.destroy Destroying ProtocolHandler ["http-nio-8080"]
16-Oct-2020 06:01:51.925 警告 [Thread-4] org.apache.tomcat.util.net.NioEndpoint.unbind Failed to close server socket for [http-nio-8080]
	java.io.IOException: Unknown error: 316
		at sun.nio.ch.NativeThread.signal(Native Method)
		at sun.nio.ch.ServerSocketChannelImpl.implCloseSelectableChannel(ServerSocketChannelImpl.java:292)
		at java.nio.channels.spi.AbstractSelectableChannel.implCloseChannel(AbstractSelectableChannel.java:234)
		at java.nio.channels.spi.AbstractInterruptibleChannel.close(AbstractInterruptibleChannel.java:115)
		at sun.nio.ch.ServerSocketAdaptor.close(ServerSocketAdaptor.java:137)
		at org.apache.tomcat.util.net.NioEndpoint.doCloseServerSocket(NioEndpoint.java:354)
		at org.apache.tomcat.util.net.NioEndpoint.unbind(NioEndpoint.java:334)
		at org.apache.tomcat.util.net.AbstractEndpoint.destroy(AbstractEndpoint.java:1251)
		at org.apache.coyote.AbstractProtocol.destroy(AbstractProtocol.java:653)
		at org.apache.catalina.connector.Connector.destroyInternal(Connector.java:1130)
		at org.apache.catalina.util.LifecycleBase.destroy(LifecycleBase.java:321)
		at org.apache.catalina.core.StandardService.destroyInternal(StandardService.java:574)
		at org.apache.catalina.util.LifecycleBase.destroy(LifecycleBase.java:321)
		at org.apache.catalina.core.StandardServer.destroyInternal(StandardServer.java:856)
		at org.apache.catalina.util.LifecycleBase.destroy(LifecycleBase.java:321)
		at org.apache.catalina.startup.Catalina.stop(Catalina.java:762)
		at org.apache.catalina.startup.Catalina$CatalinaShutdownHook.run(Catalina.java:862)
16-Oct-2020 06:01:54.238 警告 [main] org.apache.catalina.startup.ClassLoaderFactory.validateFile Problem with directory [/Users/wangyahao/Desktop/code/apache-tomcat-8.5.58-src-wyh/source/lib], exists: [false], isDirectory: [false], canRead: [false]
16-Oct-2020 06:01:54.244 警告 [main] org.apache.catalina.startup.ClassLoaderFactory.validateFile Problem with directory [/Users/wangyahao/Desktop/code/apache-tomcat-8.5.58-src-wyh/source/lib], exists: [false], isDirectory: [false], canRead: [false]
16-Oct-2020 06:01:54.244 警告 [main] org.apache.catalina.startup.ClassLoaderFactory.validateFile Problem with directory [/Users/wangyahao/Desktop/code/apache-tomcat-8.5.58-src-wyh/source/lib], exists: [false], isDirectory: [false], canRead: [false]
16-Oct-2020 06:01:54.245 警告 [main] org.apache.catalina.startup.ClassLoaderFactory.validateFile Problem with directory [/Users/wangyahao/Desktop/code/apache-tomcat-8.5.58-src-wyh/source/lib], exists: [false], isDirectory: [false], canRead: [false]
16-Oct-2020 06:01:54.789 信息 [main] org.apache.catalina.startup.VersionLoggerListener.log Server version name:   Apache Tomcat/@VERSION@
16-Oct-2020 06:01:54.789 信息 [main] org.apache.catalina.startup.VersionLoggerListener.log Server built:          @VERSION_BUILT@
16-Oct-2020 06:01:54.789 信息 [main] org.apache.catalina.startup.VersionLoggerListener.log Server version number: @VERSION_NUMBER@
16-Oct-2020 06:01:54.789 信息 [main] org.apache.catalina.startup.VersionLoggerListener.log OS Name:               Mac OS X
16-Oct-2020 06:01:54.789 信息 [main] org.apache.catalina.startup.VersionLoggerListener.log OS Version:            10.15.5
16-Oct-2020 06:01:54.789 信息 [main] org.apache.catalina.startup.VersionLoggerListener.log Architecture:          x86_64
16-Oct-2020 06:01:54.789 信息 [main] org.apache.catalina.startup.VersionLoggerListener.log Java Home:             /Library/Java/JavaVirtualMachines/jdk1.8.0_211.jdk/Contents/Home/jre
16-Oct-2020 06:01:54.789 信息 [main] org.apache.catalina.startup.VersionLoggerListener.log JVM Version:           1.8.0_211-b12
16-Oct-2020 06:01:54.789 信息 [main] org.apache.catalina.startup.VersionLoggerListener.log JVM Vendor:            Oracle Corporation
16-Oct-2020 06:01:54.790 信息 [main] org.apache.catalina.startup.VersionLoggerListener.log CATALINA_BASE:         /Users/wangyahao/Desktop/code/apache-tomcat-8.5.58-src-wyh/source
16-Oct-2020 06:01:54.790 信息 [main] org.apache.catalina.startup.VersionLoggerListener.log CATALINA_HOME:         /Users/wangyahao/Desktop/code/apache-tomcat-8.5.58-src-wyh/source
16-Oct-2020 06:01:54.790 信息 [main] org.apache.catalina.startup.VersionLoggerListener.log Command line argument: -agentlib:jdwp=transport=dt_socket,address=127.0.0.1:61958,suspend=y,server=n
16-Oct-2020 06:01:54.791 信息 [main] org.apache.catalina.startup.VersionLoggerListener.log Command line argument: -Dcatalina.home=/Users/wangyahao/Desktop/code/apache-tomcat-8.5.58-src-wyh/source
16-Oct-2020 06:01:54.791 信息 [main] org.apache.catalina.startup.VersionLoggerListener.log Command line argument: -Dcatalina.base=/Users/wangyahao/Desktop/code/apache-tomcat-8.5.58-src-wyh/source
16-Oct-2020 06:01:54.791 信息 [main] org.apache.catalina.startup.VersionLoggerListener.log Command line argument: -Djava.util.logging.manager=org.apache.juli.ClassLoaderLogManager
16-Oct-2020 06:01:54.791 信息 [main] org.apache.catalina.startup.VersionLoggerListener.log Command line argument: -Djava.util.logging.config.file=/Users/wangyahao/Desktop/code/apache-tomcat-8.5.58-src-wyh/source/conf/logging.properties
16-Oct-2020 06:01:54.791 信息 [main] org.apache.catalina.startup.VersionLoggerListener.log Command line argument: -javaagent:/Users/wangyahao/Library/Caches/IntelliJIdea2019.2/captureAgent/debugger-agent.jar
16-Oct-2020 06:01:54.791 信息 [main] org.apache.catalina.startup.VersionLoggerListener.log Command line argument: -Dfile.encoding=UTF-8
16-Oct-2020 06:01:54.791 信息 [main] org.apache.catalina.core.AprLifecycleListener.lifecycleEvent The Apache Tomcat Native library which allows using OpenSSL was not found on the java.library.path: [/Users/wangyahao/Library/Java/Extensions:/Library/Java/Extensions:/Network/Library/Java/Extensions:/System/Library/Java/Extensions:/usr/lib/java:.]
16-Oct-2020 06:01:54.920 信息 [main] org.apache.coyote.AbstractProtocol.init Initializing ProtocolHandler ["http-nio-8080"]
16-Oct-2020 06:01:54.942 信息 [main] org.apache.tomcat.util.net.NioSelectorPool.getSharedSelector Using a shared selector for servlet write/read
16-Oct-2020 06:01:54.956 信息 [main] org.apache.catalina.startup.Catalina.load Initialization processed in 686 ms
16-Oct-2020 06:01:55.002 信息 [main] org.apache.catalina.core.StandardService.startInternal Starting service [Catalina]
16-Oct-2020 06:01:55.002 信息 [main] org.apache.catalina.core.StandardEngine.startInternal Starting Servlet Engine: Apache Tomcat/@VERSION@
16-Oct-2020 06:01:55.053 信息 [localhost-startStop-1] org.apache.catalina.startup.HostConfig.deployDirectory Deploying web application directory [/Users/wangyahao/Desktop/code/apache-tomcat-8.5.58-src-wyh/source/webapps/docs]
16-Oct-2020 06:01:55.508 信息 [localhost-startStop-1] org.apache.jasper.servlet.TldScanner.scanJars 至少有一个JAR被扫描用于TLD但尚未包含TLD。 为此记录器启用调试日志记录，以获取已扫描但未在其中找到TLD的完整JAR列表。 在扫描期间跳过不需要的JAR可以缩短启动时间和JSP编译时间。
16-Oct-2020 06:01:55.572 信息 [localhost-startStop-1] org.apache.catalina.startup.HostConfig.deployDirectory Deployment of web application directory [/Users/wangyahao/Desktop/code/apache-tomcat-8.5.58-src-wyh/source/webapps/docs] has finished in [518] ms
16-Oct-2020 06:01:55.572 信息 [localhost-startStop-1] org.apache.catalina.startup.HostConfig.deployDirectory Deploying web application directory [/Users/wangyahao/Desktop/code/apache-tomcat-8.5.58-src-wyh/source/webapps/manager]
16-Oct-2020 06:01:55.698 信息 [localhost-startStop-1] org.apache.jasper.servlet.TldScanner.scanJars 至少有一个JAR被扫描用于TLD但尚未包含TLD。 为此记录器启用调试日志记录，以获取已扫描但未在其中找到TLD的完整JAR列表。 在扫描期间跳过不需要的JAR可以缩短启动时间和JSP编译时间。
16-Oct-2020 06:01:55.708 信息 [localhost-startStop-1] org.apache.catalina.startup.HostConfig.deployDirectory Deployment of web application directory [/Users/wangyahao/Desktop/code/apache-tomcat-8.5.58-src-wyh/source/webapps/manager] has finished in [136] ms
16-Oct-2020 06:01:55.708 信息 [localhost-startStop-1] org.apache.catalina.startup.HostConfig.deployDirectory Deploying web application directory [/Users/wangyahao/Desktop/code/apache-tomcat-8.5.58-src-wyh/source/webapps/examples]
16-Oct-2020 06:01:55.967 信息 [localhost-startStop-1] org.apache.jasper.servlet.TldScanner.scanJars 至少有一个JAR被扫描用于TLD但尚未包含TLD。 为此记录器启用调试日志记录，以获取已扫描但未在其中找到TLD的完整JAR列表。 在扫描期间跳过不需要的JAR可以缩短启动时间和JSP编译时间。
16-Oct-2020 06:01:55.990 严重 [localhost-startStop-1] org.apache.catalina.core.StandardContext.startInternal One or more listeners failed to start. Full details will be found in the appropriate container log file
16-Oct-2020 06:01:55.993 严重 [localhost-startStop-1] org.apache.catalina.core.StandardContext.startInternal Context [/examples] startup failed due to previous errors
16-Oct-2020 06:01:56.004 信息 [localhost-startStop-1] org.apache.catalina.startup.HostConfig.deployDirectory Deployment of web application directory [/Users/wangyahao/Desktop/code/apache-tomcat-8.5.58-src-wyh/source/webapps/examples] has finished in [296] ms
16-Oct-2020 06:01:56.004 信息 [localhost-startStop-1] org.apache.catalina.startup.HostConfig.deployDirectory Deploying web application directory [/Users/wangyahao/Desktop/code/apache-tomcat-8.5.58-src-wyh/source/webapps/ROOT]
16-Oct-2020 06:01:56.110 信息 [localhost-startStop-1] org.apache.jasper.servlet.TldScanner.scanJars 至少有一个JAR被扫描用于TLD但尚未包含TLD。 为此记录器启用调试日志记录，以获取已扫描但未在其中找到TLD的完整JAR列表。 在扫描期间跳过不需要的JAR可以缩短启动时间和JSP编译时间。
16-Oct-2020 06:01:56.111 信息 [localhost-startStop-1] org.apache.catalina.startup.HostConfig.deployDirectory Deployment of web application directory [/Users/wangyahao/Desktop/code/apache-tomcat-8.5.58-src-wyh/source/webapps/ROOT] has finished in [107] ms
16-Oct-2020 06:01:56.111 信息 [localhost-startStop-1] org.apache.catalina.startup.HostConfig.deployDirectory Deploying web application directory [/Users/wangyahao/Desktop/code/apache-tomcat-8.5.58-src-wyh/source/webapps/host-manager]
16-Oct-2020 06:01:56.228 信息 [localhost-startStop-1] org.apache.jasper.servlet.TldScanner.scanJars 至少有一个JAR被扫描用于TLD但尚未包含TLD。 为此记录器启用调试日志记录，以获取已扫描但未在其中找到TLD的完整JAR列表。 在扫描期间跳过不需要的JAR可以缩短启动时间和JSP编译时间。
16-Oct-2020 06:01:56.230 信息 [localhost-startStop-1] org.apache.catalina.startup.HostConfig.deployDirectory Deployment of web application directory [/Users/wangyahao/Desktop/code/apache-tomcat-8.5.58-src-wyh/source/webapps/host-manager] has finished in [119] ms
16-Oct-2020 06:01:56.241 信息 [main] org.apache.coyote.AbstractProtocol.start Starting ProtocolHandler ["http-nio-8080"]
16-Oct-2020 06:01:56.256 信息 [main] org.apache.catalina.startup.Catalina.start Server startup in 1299 ms
16-Oct-2020 06:02:29.781 信息 [Thread-4] org.apache.coyote.AbstractProtocol.pause Pausing ProtocolHandler ["http-nio-8080"]
16-Oct-2020 06:02:30.889 信息 [Thread-4] org.apache.catalina.core.StandardService.stopInternal Stopping service [Catalina]
16-Oct-2020 06:02:30.906 信息 [Thread-4] org.apache.coyote.AbstractProtocol.stop Stopping ProtocolHandler ["http-nio-8080"]
16-Oct-2020 06:02:32.017 信息 [Thread-4] org.apache.coyote.AbstractProtocol.destroy Destroying ProtocolHandler ["http-nio-8080"]
16-Oct-2020 06:02:32.018 警告 [Thread-4] org.apache.tomcat.util.net.NioEndpoint.unbind Failed to close server socket for [http-nio-8080]
	java.io.IOException: Unknown error: 316
		at sun.nio.ch.NativeThread.signal(Native Method)
		at sun.nio.ch.ServerSocketChannelImpl.implCloseSelectableChannel(ServerSocketChannelImpl.java:292)
		at java.nio.channels.spi.AbstractSelectableChannel.implCloseChannel(AbstractSelectableChannel.java:234)
		at java.nio.channels.spi.AbstractInterruptibleChannel.close(AbstractInterruptibleChannel.java:115)
		at sun.nio.ch.ServerSocketAdaptor.close(ServerSocketAdaptor.java:137)
		at org.apache.tomcat.util.net.NioEndpoint.doCloseServerSocket(NioEndpoint.java:354)
		at org.apache.tomcat.util.net.NioEndpoint.unbind(NioEndpoint.java:334)
		at org.apache.tomcat.util.net.AbstractEndpoint.destroy(AbstractEndpoint.java:1251)
		at org.apache.coyote.AbstractProtocol.destroy(AbstractProtocol.java:653)
		at org.apache.catalina.connector.Connector.destroyInternal(Connector.java:1130)
		at org.apache.catalina.util.LifecycleBase.destroy(LifecycleBase.java:321)
		at org.apache.catalina.core.StandardService.destroyInternal(StandardService.java:574)
		at org.apache.catalina.util.LifecycleBase.destroy(LifecycleBase.java:321)
		at org.apache.catalina.core.StandardServer.destroyInternal(StandardServer.java:856)
		at org.apache.catalina.util.LifecycleBase.destroy(LifecycleBase.java:321)
		at org.apache.catalina.startup.Catalina.stop(Catalina.java:762)
		at org.apache.catalina.startup.Catalina$CatalinaShutdownHook.run(Catalina.java:862)
16-Oct-2020 06:02:33.410 警告 [main] org.apache.catalina.startup.ClassLoaderFactory.validateFile Problem with directory [/Users/wangyahao/Desktop/code/apache-tomcat-8.5.58-src-wyh/source/lib], exists: [false], isDirectory: [false], canRead: [false]
16-Oct-2020 06:02:33.415 警告 [main] org.apache.catalina.startup.ClassLoaderFactory.validateFile Problem with directory [/Users/wangyahao/Desktop/code/apache-tomcat-8.5.58-src-wyh/source/lib], exists: [false], isDirectory: [false], canRead: [false]
16-Oct-2020 06:02:33.415 警告 [main] org.apache.catalina.startup.ClassLoaderFactory.validateFile Problem with directory [/Users/wangyahao/Desktop/code/apache-tomcat-8.5.58-src-wyh/source/lib], exists: [false], isDirectory: [false], canRead: [false]
16-Oct-2020 06:02:33.415 警告 [main] org.apache.catalina.startup.ClassLoaderFactory.validateFile Problem with directory [/Users/wangyahao/Desktop/code/apache-tomcat-8.5.58-src-wyh/source/lib], exists: [false], isDirectory: [false], canRead: [false]
16-Oct-2020 06:02:33.908 信息 [main] org.apache.catalina.startup.VersionLoggerListener.log Server version name:   Apache Tomcat/@VERSION@
16-Oct-2020 06:02:33.908 信息 [main] org.apache.catalina.startup.VersionLoggerListener.log Server built:          @VERSION_BUILT@
16-Oct-2020 06:02:33.908 信息 [main] org.apache.catalina.startup.VersionLoggerListener.log Server version number: @VERSION_NUMBER@
16-Oct-2020 06:02:33.909 信息 [main] org.apache.catalina.startup.VersionLoggerListener.log OS Name:               Mac OS X
16-Oct-2020 06:02:33.909 信息 [main] org.apache.catalina.startup.VersionLoggerListener.log OS Version:            10.15.5
16-Oct-2020 06:02:33.909 信息 [main] org.apache.catalina.startup.VersionLoggerListener.log Architecture:          x86_64
16-Oct-2020 06:02:33.909 信息 [main] org.apache.catalina.startup.VersionLoggerListener.log Java Home:             /Library/Java/JavaVirtualMachines/jdk1.8.0_211.jdk/Contents/Home/jre
16-Oct-2020 06:02:33.909 信息 [main] org.apache.catalina.startup.VersionLoggerListener.log JVM Version:           1.8.0_211-b12
16-Oct-2020 06:02:33.909 信息 [main] org.apache.catalina.startup.VersionLoggerListener.log JVM Vendor:            Oracle Corporation
16-Oct-2020 06:02:33.909 信息 [main] org.apache.catalina.startup.VersionLoggerListener.log CATALINA_BASE:         /Users/wangyahao/Desktop/code/apache-tomcat-8.5.58-src-wyh/source
16-Oct-2020 06:02:33.909 信息 [main] org.apache.catalina.startup.VersionLoggerListener.log CATALINA_HOME:         /Users/wangyahao/Desktop/code/apache-tomcat-8.5.58-src-wyh/source
16-Oct-2020 06:02:33.910 信息 [main] org.apache.catalina.startup.VersionLoggerListener.log Command line argument: -agentlib:jdwp=transport=dt_socket,address=127.0.0.1:61968,suspend=y,server=n
16-Oct-2020 06:02:33.911 信息 [main] org.apache.catalina.startup.VersionLoggerListener.log Command line argument: -Dcatalina.home=/Users/wangyahao/Desktop/code/apache-tomcat-8.5.58-src-wyh/source
16-Oct-2020 06:02:33.911 信息 [main] org.apache.catalina.startup.VersionLoggerListener.log Command line argument: -Dcatalina.base=/Users/wangyahao/Desktop/code/apache-tomcat-8.5.58-src-wyh/source
16-Oct-2020 06:02:33.911 信息 [main] org.apache.catalina.startup.VersionLoggerListener.log Command line argument: -Djava.util.logging.manager=org.apache.juli.ClassLoaderLogManager
16-Oct-2020 06:02:33.911 信息 [main] org.apache.catalina.startup.VersionLoggerListener.log Command line argument: -Djava.util.logging.config.file=/Users/wangyahao/Desktop/code/apache-tomcat-8.5.58-src-wyh/source/conf/logging.properties
16-Oct-2020 06:02:33.911 信息 [main] org.apache.catalina.startup.VersionLoggerListener.log Command line argument: -javaagent:/Users/wangyahao/Library/Caches/IntelliJIdea2019.2/captureAgent/debugger-agent.jar
16-Oct-2020 06:02:33.911 信息 [main] org.apache.catalina.startup.VersionLoggerListener.log Command line argument: -Dfile.encoding=UTF-8
16-Oct-2020 06:02:33.911 信息 [main] org.apache.catalina.core.AprLifecycleListener.lifecycleEvent The Apache Tomcat Native library which allows using OpenSSL was not found on the java.library.path: [/Users/wangyahao/Library/Java/Extensions:/Library/Java/Extensions:/Network/Library/Java/Extensions:/System/Library/Java/Extensions:/usr/lib/java:.]
16-Oct-2020 06:02:34.049 信息 [main] org.apache.coyote.AbstractProtocol.init Initializing ProtocolHandler ["http-nio-8080"]
16-Oct-2020 06:02:34.078 信息 [main] org.apache.tomcat.util.net.NioSelectorPool.getSharedSelector Using a shared selector for servlet write/read
16-Oct-2020 06:02:34.095 信息 [main] org.apache.catalina.startup.Catalina.load Initialization processed in 662 ms
16-Oct-2020 06:02:34.141 信息 [main] org.apache.catalina.core.StandardService.startInternal Starting service [Catalina]
16-Oct-2020 06:02:34.141 信息 [main] org.apache.catalina.core.StandardEngine.startInternal Starting Servlet Engine: Apache Tomcat/@VERSION@
16-Oct-2020 06:02:34.190 信息 [localhost-startStop-1] org.apache.catalina.startup.HostConfig.deployDirectory Deploying web application directory [/Users/wangyahao/Desktop/code/apache-tomcat-8.5.58-src-wyh/source/webapps/docs]
16-Oct-2020 06:02:34.584 信息 [localhost-startStop-1] org.apache.jasper.servlet.TldScanner.scanJars At least one JAR was scanned for TLDs yet contained no TLDs. Enable debug logging for this logger for a complete list of JARs that were scanned but no TLDs were found in them. Skipping unneeded JARs during scanning can improve startup time and JSP compilation time.
16-Oct-2020 06:02:34.639 信息 [localhost-startStop-1] org.apache.catalina.startup.HostConfig.deployDirectory Deployment of web application directory [/Users/wangyahao/Desktop/code/apache-tomcat-8.5.58-src-wyh/source/webapps/docs] has finished in [448] ms
16-Oct-2020 06:02:34.639 信息 [localhost-startStop-1] org.apache.catalina.startup.HostConfig.deployDirectory Deploying web application directory [/Users/wangyahao/Desktop/code/apache-tomcat-8.5.58-src-wyh/source/webapps/manager]
16-Oct-2020 06:02:34.758 信息 [localhost-startStop-1] org.apache.jasper.servlet.TldScanner.scanJars At least one JAR was scanned for TLDs yet contained no TLDs. Enable debug logging for this logger for a complete list of JARs that were scanned but no TLDs were found in them. Skipping unneeded JARs during scanning can improve startup time and JSP compilation time.
16-Oct-2020 06:02:34.764 信息 [localhost-startStop-1] org.apache.catalina.startup.HostConfig.deployDirectory Deployment of web application directory [/Users/wangyahao/Desktop/code/apache-tomcat-8.5.58-src-wyh/source/webapps/manager] has finished in [125] ms
16-Oct-2020 06:02:34.764 信息 [localhost-startStop-1] org.apache.catalina.startup.HostConfig.deployDirectory Deploying web application directory [/Users/wangyahao/Desktop/code/apache-tomcat-8.5.58-src-wyh/source/webapps/examples]
16-Oct-2020 06:02:34.961 信息 [localhost-startStop-1] org.apache.jasper.servlet.TldScanner.scanJars At least one JAR was scanned for TLDs yet contained no TLDs. Enable debug logging for this logger for a complete list of JARs that were scanned but no TLDs were found in them. Skipping unneeded JARs during scanning can improve startup time and JSP compilation time.
16-Oct-2020 06:02:34.974 严重 [localhost-startStop-1] org.apache.catalina.core.StandardContext.startInternal One or more listeners failed to start. Full details will be found in the appropriate container log file
16-Oct-2020 06:02:34.975 严重 [localhost-startStop-1] org.apache.catalina.core.StandardContext.startInternal Context [/examples] startup failed due to previous errors
16-Oct-2020 06:02:34.995 信息 [localhost-startStop-1] org.apache.catalina.startup.HostConfig.deployDirectory Deployment of web application directory [/Users/wangyahao/Desktop/code/apache-tomcat-8.5.58-src-wyh/source/webapps/examples] has finished in [231] ms
16-Oct-2020 06:02:34.995 信息 [localhost-startStop-1] org.apache.catalina.startup.HostConfig.deployDirectory Deploying web application directory [/Users/wangyahao/Desktop/code/apache-tomcat-8.5.58-src-wyh/source/webapps/ROOT]
16-Oct-2020 06:02:35.085 信息 [localhost-startStop-1] org.apache.jasper.servlet.TldScanner.scanJars At least one JAR was scanned for TLDs yet contained no TLDs. Enable debug logging for this logger for a complete list of JARs that were scanned but no TLDs were found in them. Skipping unneeded JARs during scanning can improve startup time and JSP compilation time.
16-Oct-2020 06:02:35.087 信息 [localhost-startStop-1] org.apache.catalina.startup.HostConfig.deployDirectory Deployment of web application directory [/Users/wangyahao/Desktop/code/apache-tomcat-8.5.58-src-wyh/source/webapps/ROOT] has finished in [92] ms
16-Oct-2020 06:02:35.087 信息 [localhost-startStop-1] org.apache.catalina.startup.HostConfig.deployDirectory Deploying web application directory [/Users/wangyahao/Desktop/code/apache-tomcat-8.5.58-src-wyh/source/webapps/host-manager]
16-Oct-2020 06:02:35.166 信息 [localhost-startStop-1] org.apache.jasper.servlet.TldScanner.scanJars At least one JAR was scanned for TLDs yet contained no TLDs. Enable debug logging for this logger for a complete list of JARs that were scanned but no TLDs were found in them. Skipping unneeded JARs during scanning can improve startup time and JSP compilation time.
16-Oct-2020 06:02:35.168 信息 [localhost-startStop-1] org.apache.catalina.startup.HostConfig.deployDirectory Deployment of web application directory [/Users/wangyahao/Desktop/code/apache-tomcat-8.5.58-src-wyh/source/webapps/host-manager] has finished in [81] ms
16-Oct-2020 06:02:35.172 信息 [main] org.apache.coyote.AbstractProtocol.start Starting ProtocolHandler ["http-nio-8080"]
16-Oct-2020 06:02:35.180 信息 [main] org.apache.catalina.startup.Catalina.start Server startup in 1084 ms
16-Oct-2020 06:25:33.997 信息 [Thread-4] org.apache.coyote.AbstractProtocol.pause Pausing ProtocolHandler ["http-nio-8080"]
16-Oct-2020 06:25:35.130 信息 [Thread-4] org.apache.catalina.core.StandardService.stopInternal Stopping service [Catalina]
16-Oct-2020 06:25:35.152 信息 [Thread-4] org.apache.coyote.AbstractProtocol.stop Stopping ProtocolHandler ["http-nio-8080"]
16-Oct-2020 06:25:36.247 信息 [Thread-4] org.apache.coyote.AbstractProtocol.destroy Destroying ProtocolHandler ["http-nio-8080"]
16-Oct-2020 06:25:36.248 警告 [Thread-4] org.apache.tomcat.util.net.NioEndpoint.unbind Failed to close server socket for [http-nio-8080]
	java.io.IOException: Unknown error: 316
		at sun.nio.ch.NativeThread.signal(Native Method)
		at sun.nio.ch.ServerSocketChannelImpl.implCloseSelectableChannel(ServerSocketChannelImpl.java:292)
		at java.nio.channels.spi.AbstractSelectableChannel.implCloseChannel(AbstractSelectableChannel.java:234)
		at java.nio.channels.spi.AbstractInterruptibleChannel.close(AbstractInterruptibleChannel.java:115)
		at sun.nio.ch.ServerSocketAdaptor.close(ServerSocketAdaptor.java:137)
		at org.apache.tomcat.util.net.NioEndpoint.doCloseServerSocket(NioEndpoint.java:354)
		at org.apache.tomcat.util.net.NioEndpoint.unbind(NioEndpoint.java:334)
		at org.apache.tomcat.util.net.AbstractEndpoint.destroy(AbstractEndpoint.java:1251)
		at org.apache.coyote.AbstractProtocol.destroy(AbstractProtocol.java:653)
		at org.apache.catalina.connector.Connector.destroyInternal(Connector.java:1130)
		at org.apache.catalina.util.LifecycleBase.destroy(LifecycleBase.java:321)
		at org.apache.catalina.core.StandardService.destroyInternal(StandardService.java:574)
		at org.apache.catalina.util.LifecycleBase.destroy(LifecycleBase.java:321)
		at org.apache.catalina.core.StandardServer.destroyInternal(StandardServer.java:856)
		at org.apache.catalina.util.LifecycleBase.destroy(LifecycleBase.java:321)
		at org.apache.catalina.startup.Catalina.stop(Catalina.java:762)
		at org.apache.catalina.startup.Catalina$CatalinaShutdownHook.run(Catalina.java:862)
16-Oct-2020 06:25:38.875 警告 [main] org.apache.catalina.startup.ClassLoaderFactory.validateFile Problem with directory [/Users/wangyahao/Desktop/code/apache-tomcat-8.5.58-src-wyh/source/lib], exists: [false], isDirectory: [false], canRead: [false]
16-Oct-2020 06:25:38.879 警告 [main] org.apache.catalina.startup.ClassLoaderFactory.validateFile Problem with directory [/Users/wangyahao/Desktop/code/apache-tomcat-8.5.58-src-wyh/source/lib], exists: [false], isDirectory: [false], canRead: [false]
16-Oct-2020 06:25:38.880 警告 [main] org.apache.catalina.startup.ClassLoaderFactory.validateFile Problem with directory [/Users/wangyahao/Desktop/code/apache-tomcat-8.5.58-src-wyh/source/lib], exists: [false], isDirectory: [false], canRead: [false]
16-Oct-2020 06:25:38.880 警告 [main] org.apache.catalina.startup.ClassLoaderFactory.validateFile Problem with directory [/Users/wangyahao/Desktop/code/apache-tomcat-8.5.58-src-wyh/source/lib], exists: [false], isDirectory: [false], canRead: [false]
16-Oct-2020 06:26:02.129 信息 [main] org.apache.catalina.startup.VersionLoggerListener.log Server version name:   Apache Tomcat/@VERSION@
16-Oct-2020 06:26:02.130 信息 [main] org.apache.catalina.startup.VersionLoggerListener.log Server built:          @VERSION_BUILT@
16-Oct-2020 06:26:02.130 信息 [main] org.apache.catalina.startup.VersionLoggerListener.log Server version number: @VERSION_NUMBER@
16-Oct-2020 06:26:02.130 信息 [main] org.apache.catalina.startup.VersionLoggerListener.log OS Name:               Mac OS X
16-Oct-2020 06:26:02.130 信息 [main] org.apache.catalina.startup.VersionLoggerListener.log OS Version:            10.15.5
16-Oct-2020 06:26:02.130 信息 [main] org.apache.catalina.startup.VersionLoggerListener.log Architecture:          x86_64
16-Oct-2020 06:26:02.130 信息 [main] org.apache.catalina.startup.VersionLoggerListener.log Java Home:             /Library/Java/JavaVirtualMachines/jdk1.8.0_211.jdk/Contents/Home/jre
16-Oct-2020 06:26:02.130 信息 [main] org.apache.catalina.startup.VersionLoggerListener.log JVM Version:           1.8.0_211-b12
16-Oct-2020 06:26:02.130 信息 [main] org.apache.catalina.startup.VersionLoggerListener.log JVM Vendor:            Oracle Corporation
16-Oct-2020 06:26:02.131 信息 [main] org.apache.catalina.startup.VersionLoggerListener.log CATALINA_BASE:         /Users/wangyahao/Desktop/code/apache-tomcat-8.5.58-src-wyh/source
16-Oct-2020 06:26:02.131 信息 [main] org.apache.catalina.startup.VersionLoggerListener.log CATALINA_HOME:         /Users/wangyahao/Desktop/code/apache-tomcat-8.5.58-src-wyh/source
16-Oct-2020 06:26:02.132 信息 [main] org.apache.catalina.startup.VersionLoggerListener.log Command line argument: -agentlib:jdwp=transport=dt_socket,address=127.0.0.1:62237,suspend=y,server=n
16-Oct-2020 06:26:02.132 信息 [main] org.apache.catalina.startup.VersionLoggerListener.log Command line argument: -Dcatalina.home=/Users/wangyahao/Desktop/code/apache-tomcat-8.5.58-src-wyh/source
16-Oct-2020 06:26:02.132 信息 [main] org.apache.catalina.startup.VersionLoggerListener.log Command line argument: -Dcatalina.base=/Users/wangyahao/Desktop/code/apache-tomcat-8.5.58-src-wyh/source
16-Oct-2020 06:26:02.132 信息 [main] org.apache.catalina.startup.VersionLoggerListener.log Command line argument: -Djava.util.logging.manager=org.apache.juli.ClassLoaderLogManager
16-Oct-2020 06:26:02.132 信息 [main] org.apache.catalina.startup.VersionLoggerListener.log Command line argument: -Djava.util.logging.config.file=/Users/wangyahao/Desktop/code/apache-tomcat-8.5.58-src-wyh/source/conf/logging.properties
16-Oct-2020 06:26:02.133 信息 [main] org.apache.catalina.startup.VersionLoggerListener.log Command line argument: -javaagent:/Users/wangyahao/Library/Caches/IntelliJIdea2019.2/captureAgent/debugger-agent.jar
16-Oct-2020 06:26:02.133 信息 [main] org.apache.catalina.startup.VersionLoggerListener.log Command line argument: -Dfile.encoding=UTF-8
16-Oct-2020 06:26:02.133 信息 [main] org.apache.catalina.core.AprLifecycleListener.lifecycleEvent The Apache Tomcat Native library which allows using OpenSSL was not found on the java.library.path: [/Users/wangyahao/Library/Java/Extensions:/Library/Java/Extensions:/Network/Library/Java/Extensions:/System/Library/Java/Extensions:/usr/lib/java:.]
16-Oct-2020 06:26:02.291 信息 [main] org.apache.coyote.AbstractProtocol.init Initializing ProtocolHandler ["http-nio-8080"]
16-Oct-2020 06:26:02.321 信息 [main] org.apache.tomcat.util.net.NioSelectorPool.getSharedSelector Using a shared selector for servlet write/read
16-Oct-2020 06:26:02.344 信息 [main] org.apache.catalina.startup.Catalina.load Initialization processed in 763 ms
16-Oct-2020 06:26:02.389 信息 [main] org.apache.catalina.core.StandardService.startInternal Starting service [Catalina]
16-Oct-2020 06:26:02.389 信息 [main] org.apache.catalina.core.StandardEngine.startInternal Starting Servlet Engine: Apache Tomcat/@VERSION@
16-Oct-2020 06:26:02.431 信息 [localhost-startStop-1] org.apache.catalina.startup.HostConfig.deployDirectory Deploying web application directory [/Users/wangyahao/Desktop/code/apache-tomcat-8.5.58-src-wyh/source/webapps/docs]
16-Oct-2020 06:26:02.839 信息 [localhost-startStop-1] org.apache.jasper.servlet.TldScanner.scanJars At least one JAR was scanned for TLDs yet contained no TLDs. Enable debug logging for this logger for a complete list of JARs that were scanned but no TLDs were found in them. Skipping unneeded JARs during scanning can improve startup time and JSP compilation time.
16-Oct-2020 06:26:02.895 信息 [localhost-startStop-1] org.apache.catalina.startup.HostConfig.deployDirectory Deployment of web application directory [/Users/wangyahao/Desktop/code/apache-tomcat-8.5.58-src-wyh/source/webapps/docs] has finished in [463] ms
16-Oct-2020 06:26:02.895 信息 [localhost-startStop-1] org.apache.catalina.startup.HostConfig.deployDirectory Deploying web application directory [/Users/wangyahao/Desktop/code/apache-tomcat-8.5.58-src-wyh/source/webapps/manager]
16-Oct-2020 06:26:03.009 信息 [localhost-startStop-1] org.apache.jasper.servlet.TldScanner.scanJars At least one JAR was scanned for TLDs yet contained no TLDs. Enable debug logging for this logger for a complete list of JARs that were scanned but no TLDs were found in them. Skipping unneeded JARs during scanning can improve startup time and JSP compilation time.
16-Oct-2020 06:26:03.021 信息 [localhost-startStop-1] org.apache.catalina.startup.HostConfig.deployDirectory Deployment of web application directory [/Users/wangyahao/Desktop/code/apache-tomcat-8.5.58-src-wyh/source/webapps/manager] has finished in [126] ms
16-Oct-2020 06:26:03.021 信息 [localhost-startStop-1] org.apache.catalina.startup.HostConfig.deployDirectory Deploying web application directory [/Users/wangyahao/Desktop/code/apache-tomcat-8.5.58-src-wyh/source/webapps/examples]
16-Oct-2020 06:26:03.205 信息 [localhost-startStop-1] org.apache.jasper.servlet.TldScanner.scanJars At least one JAR was scanned for TLDs yet contained no TLDs. Enable debug logging for this logger for a complete list of JARs that were scanned but no TLDs were found in them. Skipping unneeded JARs during scanning can improve startup time and JSP compilation time.
16-Oct-2020 06:26:03.224 严重 [localhost-startStop-1] org.apache.catalina.core.StandardContext.startInternal One or more listeners failed to start. Full details will be found in the appropriate container log file
16-Oct-2020 06:26:03.225 严重 [localhost-startStop-1] org.apache.catalina.core.StandardContext.startInternal Context [/examples] startup failed due to previous errors
16-Oct-2020 06:26:03.249 信息 [localhost-startStop-1] org.apache.catalina.startup.HostConfig.deployDirectory Deployment of web application directory [/Users/wangyahao/Desktop/code/apache-tomcat-8.5.58-src-wyh/source/webapps/examples] has finished in [228] ms
16-Oct-2020 06:26:03.249 信息 [localhost-startStop-1] org.apache.catalina.startup.HostConfig.deployDirectory Deploying web application directory [/Users/wangyahao/Desktop/code/apache-tomcat-8.5.58-src-wyh/source/webapps/ROOT]
16-Oct-2020 06:26:03.346 信息 [localhost-startStop-1] org.apache.jasper.servlet.TldScanner.scanJars At least one JAR was scanned for TLDs yet contained no TLDs. Enable debug logging for this logger for a complete list of JARs that were scanned but no TLDs were found in them. Skipping unneeded JARs during scanning can improve startup time and JSP compilation time.
16-Oct-2020 06:26:03.347 信息 [localhost-startStop-1] org.apache.catalina.startup.HostConfig.deployDirectory Deployment of web application directory [/Users/wangyahao/Desktop/code/apache-tomcat-8.5.58-src-wyh/source/webapps/ROOT] has finished in [98] ms
16-Oct-2020 06:26:03.347 信息 [localhost-startStop-1] org.apache.catalina.startup.HostConfig.deployDirectory Deploying web application directory [/Users/wangyahao/Desktop/code/apache-tomcat-8.5.58-src-wyh/source/webapps/host-manager]
16-Oct-2020 06:26:03.431 信息 [localhost-startStop-1] org.apache.jasper.servlet.TldScanner.scanJars At least one JAR was scanned for TLDs yet contained no TLDs. Enable debug logging for this logger for a complete list of JARs that were scanned but no TLDs were found in them. Skipping unneeded JARs during scanning can improve startup time and JSP compilation time.
16-Oct-2020 06:26:03.432 信息 [localhost-startStop-1] org.apache.catalina.startup.HostConfig.deployDirectory Deployment of web application directory [/Users/wangyahao/Desktop/code/apache-tomcat-8.5.58-src-wyh/source/webapps/host-manager] has finished in [85] ms
16-Oct-2020 06:26:03.439 信息 [main] org.apache.coyote.AbstractProtocol.start Starting ProtocolHandler ["http-nio-8080"]
16-Oct-2020 06:26:03.458 信息 [main] org.apache.catalina.startup.Catalina.start Server startup in 1113 ms
16-Oct-2020 06:51:10.461 信息 [Thread-4] org.apache.coyote.AbstractProtocol.pause Pausing ProtocolHandler ["http-nio-8080"]
16-Oct-2020 06:51:11.569 信息 [Thread-4] org.apache.catalina.core.StandardService.stopInternal Stopping service [Catalina]
16-Oct-2020 06:51:11.602 信息 [Thread-4] org.apache.coyote.AbstractProtocol.stop Stopping ProtocolHandler ["http-nio-8080"]
16-Oct-2020 06:51:12.728 信息 [Thread-4] org.apache.coyote.AbstractProtocol.destroy Destroying ProtocolHandler ["http-nio-8080"]
16-Oct-2020 06:51:12.729 警告 [Thread-4] org.apache.tomcat.util.net.NioEndpoint.unbind Failed to close server socket for [http-nio-8080]
	java.io.IOException: Unknown error: 316
		at sun.nio.ch.NativeThread.signal(Native Method)
		at sun.nio.ch.ServerSocketChannelImpl.implCloseSelectableChannel(ServerSocketChannelImpl.java:292)
		at java.nio.channels.spi.AbstractSelectableChannel.implCloseChannel(AbstractSelectableChannel.java:234)
		at java.nio.channels.spi.AbstractInterruptibleChannel.close(AbstractInterruptibleChannel.java:115)
		at sun.nio.ch.ServerSocketAdaptor.close(ServerSocketAdaptor.java:137)
		at org.apache.tomcat.util.net.NioEndpoint.doCloseServerSocket(NioEndpoint.java:354)
		at org.apache.tomcat.util.net.NioEndpoint.unbind(NioEndpoint.java:334)
		at org.apache.tomcat.util.net.AbstractEndpoint.destroy(AbstractEndpoint.java:1251)
		at org.apache.coyote.AbstractProtocol.destroy(AbstractProtocol.java:653)
		at org.apache.catalina.connector.Connector.destroyInternal(Connector.java:1130)
		at org.apache.catalina.util.LifecycleBase.destroy(LifecycleBase.java:321)
		at org.apache.catalina.core.StandardService.destroyInternal(StandardService.java:574)
		at org.apache.catalina.util.LifecycleBase.destroy(LifecycleBase.java:321)
		at org.apache.catalina.core.StandardServer.destroyInternal(StandardServer.java:856)
		at org.apache.catalina.util.LifecycleBase.destroy(LifecycleBase.java:321)
		at org.apache.catalina.startup.Catalina.stop(Catalina.java:762)
		at org.apache.catalina.startup.Catalina$CatalinaShutdownHook.run(Catalina.java:862)
16-Oct-2020 06:51:15.973 警告 [main] org.apache.catalina.startup.ClassLoaderFactory.validateFile Problem with directory [/Users/wangyahao/Desktop/code/apache-tomcat-8.5.58-src-wyh/source/lib], exists: [false], isDirectory: [false], canRead: [false]
16-Oct-2020 06:51:15.978 警告 [main] org.apache.catalina.startup.ClassLoaderFactory.validateFile Problem with directory [/Users/wangyahao/Desktop/code/apache-tomcat-8.5.58-src-wyh/source/lib], exists: [false], isDirectory: [false], canRead: [false]
16-Oct-2020 06:51:15.978 警告 [main] org.apache.catalina.startup.ClassLoaderFactory.validateFile Problem with directory [/Users/wangyahao/Desktop/code/apache-tomcat-8.5.58-src-wyh/source/lib], exists: [false], isDirectory: [false], canRead: [false]
16-Oct-2020 06:51:15.978 警告 [main] org.apache.catalina.startup.ClassLoaderFactory.validateFile Problem with directory [/Users/wangyahao/Desktop/code/apache-tomcat-8.5.58-src-wyh/source/lib], exists: [false], isDirectory: [false], canRead: [false]
16-Oct-2020 06:51:16.562 信息 [main] org.apache.catalina.startup.VersionLoggerListener.log Server version name:   Apache Tomcat/@VERSION@
16-Oct-2020 06:51:16.562 信息 [main] org.apache.catalina.startup.VersionLoggerListener.log Server built:          @VERSION_BUILT@
16-Oct-2020 06:51:16.563 信息 [main] org.apache.catalina.startup.VersionLoggerListener.log Server version number: @VERSION_NUMBER@
16-Oct-2020 06:51:16.563 信息 [main] org.apache.catalina.startup.VersionLoggerListener.log OS Name:               Mac OS X
16-Oct-2020 06:51:16.563 信息 [main] org.apache.catalina.startup.VersionLoggerListener.log OS Version:            10.15.5
16-Oct-2020 06:51:16.563 信息 [main] org.apache.catalina.startup.VersionLoggerListener.log Architecture:          x86_64
16-Oct-2020 06:51:16.563 信息 [main] org.apache.catalina.startup.VersionLoggerListener.log Java Home:             /Library/Java/JavaVirtualMachines/jdk1.8.0_211.jdk/Contents/Home/jre
16-Oct-2020 06:51:16.563 信息 [main] org.apache.catalina.startup.VersionLoggerListener.log JVM Version:           1.8.0_211-b12
16-Oct-2020 06:51:16.563 信息 [main] org.apache.catalina.startup.VersionLoggerListener.log JVM Vendor:            Oracle Corporation
16-Oct-2020 06:51:16.563 信息 [main] org.apache.catalina.startup.VersionLoggerListener.log CATALINA_BASE:         /Users/wangyahao/Desktop/code/apache-tomcat-8.5.58-src-wyh/source
16-Oct-2020 06:51:16.563 信息 [main] org.apache.catalina.startup.VersionLoggerListener.log CATALINA_HOME:         /Users/wangyahao/Desktop/code/apache-tomcat-8.5.58-src-wyh/source
16-Oct-2020 06:51:16.564 信息 [main] org.apache.catalina.startup.VersionLoggerListener.log Command line argument: -agentlib:jdwp=transport=dt_socket,address=127.0.0.1:62595,suspend=y,server=n
16-Oct-2020 06:51:16.564 信息 [main] org.apache.catalina.startup.VersionLoggerListener.log Command line argument: -Dcatalina.home=/Users/wangyahao/Desktop/code/apache-tomcat-8.5.58-src-wyh/source
16-Oct-2020 06:51:16.564 信息 [main] org.apache.catalina.startup.VersionLoggerListener.log Command line argument: -Dcatalina.base=/Users/wangyahao/Desktop/code/apache-tomcat-8.5.58-src-wyh/source
16-Oct-2020 06:51:16.564 信息 [main] org.apache.catalina.startup.VersionLoggerListener.log Command line argument: -Djava.util.logging.manager=org.apache.juli.ClassLoaderLogManager
16-Oct-2020 06:51:16.565 信息 [main] org.apache.catalina.startup.VersionLoggerListener.log Command line argument: -Djava.util.logging.config.file=/Users/wangyahao/Desktop/code/apache-tomcat-8.5.58-src-wyh/source/conf/logging.properties
16-Oct-2020 06:51:16.565 信息 [main] org.apache.catalina.startup.VersionLoggerListener.log Command line argument: -javaagent:/Users/wangyahao/Library/Caches/IntelliJIdea2019.2/captureAgent/debugger-agent.jar
16-Oct-2020 06:51:16.565 信息 [main] org.apache.catalina.startup.VersionLoggerListener.log Command line argument: -Dfile.encoding=UTF-8
16-Oct-2020 06:51:16.565 信息 [main] org.apache.catalina.core.AprLifecycleListener.lifecycleEvent The Apache Tomcat Native library which allows using OpenSSL was not found on the java.library.path: [/Users/wangyahao/Library/Java/Extensions:/Library/Java/Extensions:/Network/Library/Java/Extensions:/System/Library/Java/Extensions:/usr/lib/java:.]
16-Oct-2020 06:51:16.746 信息 [main] org.apache.coyote.AbstractProtocol.init Initializing ProtocolHandler ["http-nio-8080"]
16-Oct-2020 06:51:16.777 信息 [main] org.apache.tomcat.util.net.NioSelectorPool.getSharedSelector Using a shared selector for servlet write/read
16-Oct-2020 06:51:16.799 信息 [main] org.apache.catalina.startup.Catalina.load Initialization processed in 799 ms
16-Oct-2020 06:51:28.709 信息 [main] org.apache.catalina.core.StandardService.startInternal Starting service [Catalina]
16-Oct-2020 06:51:28.709 信息 [main] org.apache.catalina.core.StandardEngine.startInternal Starting Servlet Engine: Apache Tomcat/@VERSION@
16-Oct-2020 06:51:28.748 信息 [localhost-startStop-1] org.apache.catalina.startup.HostConfig.deployDirectory Deploying web application directory [/Users/wangyahao/Desktop/code/apache-tomcat-8.5.58-src-wyh/source/webapps/docs]
16-Oct-2020 06:51:29.165 信息 [localhost-startStop-1] org.apache.jasper.servlet.TldScanner.scanJars At least one JAR was scanned for TLDs yet contained no TLDs. Enable debug logging for this logger for a complete list of JARs that were scanned but no TLDs were found in them. Skipping unneeded JARs during scanning can improve startup time and JSP compilation time.
16-Oct-2020 06:51:29.225 信息 [localhost-startStop-1] org.apache.catalina.startup.HostConfig.deployDirectory Deployment of web application directory [/Users/wangyahao/Desktop/code/apache-tomcat-8.5.58-src-wyh/source/webapps/docs] has finished in [477] ms
16-Oct-2020 06:51:29.226 信息 [localhost-startStop-1] org.apache.catalina.startup.HostConfig.deployDirectory Deploying web application directory [/Users/wangyahao/Desktop/code/apache-tomcat-8.5.58-src-wyh/source/webapps/manager]
16-Oct-2020 06:51:29.339 信息 [localhost-startStop-1] org.apache.jasper.servlet.TldScanner.scanJars At least one JAR was scanned for TLDs yet contained no TLDs. Enable debug logging for this logger for a complete list of JARs that were scanned but no TLDs were found in them. Skipping unneeded JARs during scanning can improve startup time and JSP compilation time.
16-Oct-2020 06:51:29.351 信息 [localhost-startStop-1] org.apache.catalina.startup.HostConfig.deployDirectory Deployment of web application directory [/Users/wangyahao/Desktop/code/apache-tomcat-8.5.58-src-wyh/source/webapps/manager] has finished in [125] ms
16-Oct-2020 06:51:29.351 信息 [localhost-startStop-1] org.apache.catalina.startup.HostConfig.deployDirectory Deploying web application directory [/Users/wangyahao/Desktop/code/apache-tomcat-8.5.58-src-wyh/source/webapps/examples]
16-Oct-2020 06:51:29.568 信息 [localhost-startStop-1] org.apache.jasper.servlet.TldScanner.scanJars At least one JAR was scanned for TLDs yet contained no TLDs. Enable debug logging for this logger for a complete list of JARs that were scanned but no TLDs were found in them. Skipping unneeded JARs during scanning can improve startup time and JSP compilation time.
16-Oct-2020 06:51:29.585 严重 [localhost-startStop-1] org.apache.catalina.core.StandardContext.startInternal One or more listeners failed to start. Full details will be found in the appropriate container log file
16-Oct-2020 06:51:29.586 严重 [localhost-startStop-1] org.apache.catalina.core.StandardContext.startInternal Context [/examples] startup failed due to previous errors
16-Oct-2020 06:51:29.596 信息 [localhost-startStop-1] org.apache.catalina.startup.HostConfig.deployDirectory Deployment of web application directory [/Users/wangyahao/Desktop/code/apache-tomcat-8.5.58-src-wyh/source/webapps/examples] has finished in [244] ms
16-Oct-2020 06:51:29.596 信息 [localhost-startStop-1] org.apache.catalina.startup.HostConfig.deployDirectory Deploying web application directory [/Users/wangyahao/Desktop/code/apache-tomcat-8.5.58-src-wyh/source/webapps/ROOT]
16-Oct-2020 06:51:29.720 信息 [localhost-startStop-1] org.apache.jasper.servlet.TldScanner.scanJars At least one JAR was scanned for TLDs yet contained no TLDs. Enable debug logging for this logger for a complete list of JARs that were scanned but no TLDs were found in them. Skipping unneeded JARs during scanning can improve startup time and JSP compilation time.
16-Oct-2020 06:51:29.721 信息 [localhost-startStop-1] org.apache.catalina.startup.HostConfig.deployDirectory Deployment of web application directory [/Users/wangyahao/Desktop/code/apache-tomcat-8.5.58-src-wyh/source/webapps/ROOT] has finished in [125] ms
16-Oct-2020 06:51:29.722 信息 [localhost-startStop-1] org.apache.catalina.startup.HostConfig.deployDirectory Deploying web application directory [/Users/wangyahao/Desktop/code/apache-tomcat-8.5.58-src-wyh/source/webapps/host-manager]
16-Oct-2020 06:51:29.824 信息 [localhost-startStop-1] org.apache.jasper.servlet.TldScanner.scanJars At least one JAR was scanned for TLDs yet contained no TLDs. Enable debug logging for this logger for a complete list of JARs that were scanned but no TLDs were found in them. Skipping unneeded JARs during scanning can improve startup time and JSP compilation time.
16-Oct-2020 06:51:29.825 信息 [localhost-startStop-1] org.apache.catalina.startup.HostConfig.deployDirectory Deployment of web application directory [/Users/wangyahao/Desktop/code/apache-tomcat-8.5.58-src-wyh/source/webapps/host-manager] has finished in [103] ms
16-Oct-2020 06:51:29.836 信息 [main] org.apache.coyote.AbstractProtocol.start Starting ProtocolHandler ["http-nio-8080"]
16-Oct-2020 06:51:29.850 信息 [main] org.apache.catalina.startup.Catalina.start Server startup in 1203 ms
