28-Oct-2020 07:14:49.958 警告 [main] org.apache.catalina.startup.ClassLoaderFactory.validateFile Problem with directory [/Users/wangyahao/Desktop/code/apache-tomcat-8.5.58-src-wyh/source/lib], exists: [false], isDirectory: [false], canRead: [false]
28-Oct-2020 07:14:49.963 警告 [main] org.apache.catalina.startup.ClassLoaderFactory.validateFile Problem with directory [/Users/wangyahao/Desktop/code/apache-tomcat-8.5.58-src-wyh/source/lib], exists: [false], isDirectory: [false], canRead: [false]
28-Oct-2020 07:14:49.963 警告 [main] org.apache.catalina.startup.ClassLoaderFactory.validateFile Problem with directory [/Users/wangyahao/Desktop/code/apache-tomcat-8.5.58-src-wyh/source/lib], exists: [false], isDirectory: [false], canRead: [false]
28-Oct-2020 07:14:49.963 警告 [main] org.apache.catalina.startup.ClassLoaderFactory.validateFile Problem with directory [/Users/wangyahao/Desktop/code/apache-tomcat-8.5.58-src-wyh/source/lib], exists: [false], isDirectory: [false], canRead: [false]
28-Oct-2020 07:16:34.061 信息 [main] org.apache.catalina.startup.VersionLoggerListener.log Server version name:   Apache Tomcat/@VERSION@
28-Oct-2020 07:16:34.061 信息 [main] org.apache.catalina.startup.VersionLoggerListener.log Server built:          @VERSION_BUILT@
28-Oct-2020 07:16:34.062 信息 [main] org.apache.catalina.startup.VersionLoggerListener.log Server version number: @VERSION_NUMBER@
28-Oct-2020 07:16:34.062 信息 [main] org.apache.catalina.startup.VersionLoggerListener.log OS Name:               Mac OS X
28-Oct-2020 07:16:34.062 信息 [main] org.apache.catalina.startup.VersionLoggerListener.log OS Version:            10.15.5
28-Oct-2020 07:16:34.062 信息 [main] org.apache.catalina.startup.VersionLoggerListener.log Architecture:          x86_64
28-Oct-2020 07:16:34.062 信息 [main] org.apache.catalina.startup.VersionLoggerListener.log Java Home:             /Library/Java/JavaVirtualMachines/jdk1.8.0_211.jdk/Contents/Home/jre
28-Oct-2020 07:16:34.062 信息 [main] org.apache.catalina.startup.VersionLoggerListener.log JVM Version:           1.8.0_211-b12
28-Oct-2020 07:16:34.062 信息 [main] org.apache.catalina.startup.VersionLoggerListener.log JVM Vendor:            Oracle Corporation
28-Oct-2020 07:16:34.062 信息 [main] org.apache.catalina.startup.VersionLoggerListener.log CATALINA_BASE:         /Users/wangyahao/Desktop/code/apache-tomcat-8.5.58-src-wyh/source
28-Oct-2020 07:16:34.062 信息 [main] org.apache.catalina.startup.VersionLoggerListener.log CATALINA_HOME:         /Users/wangyahao/Desktop/code/apache-tomcat-8.5.58-src-wyh/source
28-Oct-2020 07:16:34.063 信息 [main] org.apache.catalina.startup.VersionLoggerListener.log Command line argument: -agentlib:jdwp=transport=dt_socket,address=127.0.0.1:62924,suspend=y,server=n
28-Oct-2020 07:16:34.063 信息 [main] org.apache.catalina.startup.VersionLoggerListener.log Command line argument: -Dcatalina.home=/Users/wangyahao/Desktop/code/apache-tomcat-8.5.58-src-wyh/source
28-Oct-2020 07:16:34.064 信息 [main] org.apache.catalina.startup.VersionLoggerListener.log Command line argument: -Dcatalina.base=/Users/wangyahao/Desktop/code/apache-tomcat-8.5.58-src-wyh/source
28-Oct-2020 07:16:34.064 信息 [main] org.apache.catalina.startup.VersionLoggerListener.log Command line argument: -Djava.util.logging.manager=org.apache.juli.ClassLoaderLogManager
28-Oct-2020 07:16:34.064 信息 [main] org.apache.catalina.startup.VersionLoggerListener.log Command line argument: -Djava.util.logging.config.file=/Users/wangyahao/Desktop/code/apache-tomcat-8.5.58-src-wyh/source/conf/logging.properties
28-Oct-2020 07:16:34.064 信息 [main] org.apache.catalina.startup.VersionLoggerListener.log Command line argument: -javaagent:/Users/wangyahao/Library/Caches/IntelliJIdea2019.2/captureAgent/debugger-agent.jar
28-Oct-2020 07:16:34.064 信息 [main] org.apache.catalina.startup.VersionLoggerListener.log Command line argument: -Dfile.encoding=UTF-8
28-Oct-2020 07:16:34.064 信息 [main] org.apache.catalina.core.AprLifecycleListener.lifecycleEvent The Apache Tomcat Native library which allows using OpenSSL was not found on the java.library.path: [/Users/wangyahao/Library/Java/Extensions:/Library/Java/Extensions:/Network/Library/Java/Extensions:/System/Library/Java/Extensions:/usr/lib/java:.]
28-Oct-2020 07:17:35.634 信息 [main] org.apache.coyote.AbstractProtocol.init Initializing ProtocolHandler ["http-nio-8080"]
28-Oct-2020 07:17:35.657 信息 [main] org.apache.tomcat.util.net.NioSelectorPool.getSharedSelector Using a shared selector for servlet write/read
28-Oct-2020 07:17:35.674 信息 [main] org.apache.catalina.startup.Catalina.load Initialization processed in 165682 ms
28-Oct-2020 07:17:35.717 信息 [main] org.apache.catalina.core.StandardService.startInternal Starting service [Catalina]
28-Oct-2020 07:17:35.717 信息 [main] org.apache.catalina.core.StandardEngine.startInternal Starting Servlet Engine: Apache Tomcat/@VERSION@
28-Oct-2020 07:17:35.756 信息 [localhost-startStop-1] org.apache.catalina.startup.HostConfig.deployDirectory Deploying web application directory [/Users/wangyahao/Desktop/code/apache-tomcat-8.5.58-src-wyh/source/webapps/web_demo]
28-Oct-2020 07:17:35.953 警告 [localhost-startStop-1] org.apache.tomcat.util.descriptor.web.WebXml.setVersion Unknown version string [4.0]. Default version will be used.
28-Oct-2020 07:17:38.178 信息 [localhost-startStop-1] org.apache.jasper.servlet.TldScanner.scanJars At least one JAR was scanned for TLDs yet contained no TLDs. Enable debug logging for this logger for a complete list of JARs that were scanned but no TLDs were found in them. Skipping unneeded JARs during scanning can improve startup time and JSP compilation time.
28-Oct-2020 07:17:38.211 信息 [localhost-startStop-1] org.apache.catalina.startup.HostConfig.deployDirectory Deployment of web application directory [/Users/wangyahao/Desktop/code/apache-tomcat-8.5.58-src-wyh/source/webapps/web_demo] has finished in [2,452] ms
28-Oct-2020 07:17:38.211 信息 [localhost-startStop-1] org.apache.catalina.startup.HostConfig.deployDirectory Deploying web application directory [/Users/wangyahao/Desktop/code/apache-tomcat-8.5.58-src-wyh/source/webapps/docs]
28-Oct-2020 07:17:38.285 信息 [localhost-startStop-1] org.apache.jasper.servlet.TldScanner.scanJars At least one JAR was scanned for TLDs yet contained no TLDs. Enable debug logging for this logger for a complete list of JARs that were scanned but no TLDs were found in them. Skipping unneeded JARs during scanning can improve startup time and JSP compilation time.
28-Oct-2020 07:17:38.287 信息 [localhost-startStop-1] org.apache.catalina.startup.HostConfig.deployDirectory Deployment of web application directory [/Users/wangyahao/Desktop/code/apache-tomcat-8.5.58-src-wyh/source/webapps/docs] has finished in [76] ms
28-Oct-2020 07:17:38.287 信息 [localhost-startStop-1] org.apache.catalina.startup.HostConfig.deployDirectory Deploying web application directory [/Users/wangyahao/Desktop/code/apache-tomcat-8.5.58-src-wyh/source/webapps/manager]
28-Oct-2020 07:17:38.368 信息 [localhost-startStop-1] org.apache.jasper.servlet.TldScanner.scanJars At least one JAR was scanned for TLDs yet contained no TLDs. Enable debug logging for this logger for a complete list of JARs that were scanned but no TLDs were found in them. Skipping unneeded JARs during scanning can improve startup time and JSP compilation time.
28-Oct-2020 07:17:38.374 信息 [localhost-startStop-1] org.apache.catalina.startup.HostConfig.deployDirectory Deployment of web application directory [/Users/wangyahao/Desktop/code/apache-tomcat-8.5.58-src-wyh/source/webapps/manager] has finished in [87] ms
28-Oct-2020 07:17:38.374 信息 [localhost-startStop-1] org.apache.catalina.startup.HostConfig.deployDirectory Deploying web application directory [/Users/wangyahao/Desktop/code/apache-tomcat-8.5.58-src-wyh/source/webapps/examples]
28-Oct-2020 07:17:38.542 信息 [localhost-startStop-1] org.apache.jasper.servlet.TldScanner.scanJars At least one JAR was scanned for TLDs yet contained no TLDs. Enable debug logging for this logger for a complete list of JARs that were scanned but no TLDs were found in them. Skipping unneeded JARs during scanning can improve startup time and JSP compilation time.
28-Oct-2020 07:17:38.552 严重 [localhost-startStop-1] org.apache.catalina.core.StandardContext.startInternal One or more listeners failed to start. Full details will be found in the appropriate container log file
28-Oct-2020 07:17:38.552 严重 [localhost-startStop-1] org.apache.catalina.core.StandardContext.startInternal Context [/examples] startup failed due to previous errors
28-Oct-2020 07:17:38.560 信息 [localhost-startStop-1] org.apache.catalina.startup.HostConfig.deployDirectory Deployment of web application directory [/Users/wangyahao/Desktop/code/apache-tomcat-8.5.58-src-wyh/source/webapps/examples] has finished in [186] ms
28-Oct-2020 07:17:38.560 信息 [localhost-startStop-1] org.apache.catalina.startup.HostConfig.deployDirectory Deploying web application directory [/Users/wangyahao/Desktop/code/apache-tomcat-8.5.58-src-wyh/source/webapps/ROOT]
28-Oct-2020 07:17:38.642 信息 [localhost-startStop-1] org.apache.jasper.servlet.TldScanner.scanJars At least one JAR was scanned for TLDs yet contained no TLDs. Enable debug logging for this logger for a complete list of JARs that were scanned but no TLDs were found in them. Skipping unneeded JARs during scanning can improve startup time and JSP compilation time.
28-Oct-2020 07:17:38.644 信息 [localhost-startStop-1] org.apache.catalina.startup.HostConfig.deployDirectory Deployment of web application directory [/Users/wangyahao/Desktop/code/apache-tomcat-8.5.58-src-wyh/source/webapps/ROOT] has finished in [84] ms
28-Oct-2020 07:17:38.644 信息 [localhost-startStop-1] org.apache.catalina.startup.HostConfig.deployDirectory Deploying web application directory [/Users/wangyahao/Desktop/code/apache-tomcat-8.5.58-src-wyh/source/webapps/host-manager]
28-Oct-2020 07:17:38.741 信息 [localhost-startStop-1] org.apache.jasper.servlet.TldScanner.scanJars At least one JAR was scanned for TLDs yet contained no TLDs. Enable debug logging for this logger for a complete list of JARs that were scanned but no TLDs were found in them. Skipping unneeded JARs during scanning can improve startup time and JSP compilation time.
28-Oct-2020 07:17:38.743 信息 [localhost-startStop-1] org.apache.catalina.startup.HostConfig.deployDirectory Deployment of web application directory [/Users/wangyahao/Desktop/code/apache-tomcat-8.5.58-src-wyh/source/webapps/host-manager] has finished in [99] ms
28-Oct-2020 07:17:38.749 信息 [main] org.apache.coyote.AbstractProtocol.start Starting ProtocolHandler ["http-nio-8080"]
28-Oct-2020 07:17:38.760 信息 [main] org.apache.catalina.startup.Catalina.start Server startup in 3085 ms
28-Oct-2020 07:17:49.304 信息 [Thread-4] org.apache.coyote.AbstractProtocol.pause Pausing ProtocolHandler ["http-nio-8080"]
28-Oct-2020 07:17:50.527 信息 [Thread-4] org.apache.catalina.core.StandardService.stopInternal Stopping service [Catalina]
28-Oct-2020 07:17:50.558 信息 [Thread-4] org.apache.coyote.AbstractProtocol.stop Stopping ProtocolHandler ["http-nio-8080"]
28-Oct-2020 07:17:51.759 信息 [Thread-4] org.apache.coyote.AbstractProtocol.destroy Destroying ProtocolHandler ["http-nio-8080"]
28-Oct-2020 07:17:51.761 警告 [Thread-4] org.apache.tomcat.util.net.NioEndpoint.unbind Failed to close server socket for [http-nio-8080]
	java.io.IOException: Unknown error: 316
		at sun.nio.ch.NativeThread.signal(Native Method)
		at sun.nio.ch.ServerSocketChannelImpl.implCloseSelectableChannel(ServerSocketChannelImpl.java:292)
		at java.nio.channels.spi.AbstractSelectableChannel.implCloseChannel(AbstractSelectableChannel.java:234)
		at java.nio.channels.spi.AbstractInterruptibleChannel.close(AbstractInterruptibleChannel.java:115)
		at sun.nio.ch.ServerSocketAdaptor.close(ServerSocketAdaptor.java:137)
		at org.apache.tomcat.util.net.NioEndpoint.doCloseServerSocket(NioEndpoint.java:354)
		at org.apache.tomcat.util.net.NioEndpoint.unbind(NioEndpoint.java:334)
		at org.apache.tomcat.util.net.AbstractEndpoint.destroy(AbstractEndpoint.java:1251)
		at org.apache.coyote.AbstractProtocol.destroy(AbstractProtocol.java:653)
		at org.apache.catalina.connector.Connector.destroyInternal(Connector.java:1130)
		at org.apache.catalina.util.LifecycleBase.destroy(LifecycleBase.java:321)
		at org.apache.catalina.core.StandardService.destroyInternal(StandardService.java:577)
		at org.apache.catalina.util.LifecycleBase.destroy(LifecycleBase.java:321)
		at org.apache.catalina.core.StandardServer.destroyInternal(StandardServer.java:858)
		at org.apache.catalina.util.LifecycleBase.destroy(LifecycleBase.java:321)
		at org.apache.catalina.startup.Catalina.stop(Catalina.java:764)
		at org.apache.catalina.startup.Catalina$CatalinaShutdownHook.run(Catalina.java:864)
28-Oct-2020 07:17:54.253 警告 [main] org.apache.catalina.startup.ClassLoaderFactory.validateFile Problem with directory [/Users/wangyahao/Desktop/code/apache-tomcat-8.5.58-src-wyh/source/lib], exists: [false], isDirectory: [false], canRead: [false]
28-Oct-2020 07:17:54.269 警告 [main] org.apache.catalina.startup.ClassLoaderFactory.validateFile Problem with directory [/Users/wangyahao/Desktop/code/apache-tomcat-8.5.58-src-wyh/source/lib], exists: [false], isDirectory: [false], canRead: [false]
28-Oct-2020 07:17:54.269 警告 [main] org.apache.catalina.startup.ClassLoaderFactory.validateFile Problem with directory [/Users/wangyahao/Desktop/code/apache-tomcat-8.5.58-src-wyh/source/lib], exists: [false], isDirectory: [false], canRead: [false]
28-Oct-2020 07:17:54.270 警告 [main] org.apache.catalina.startup.ClassLoaderFactory.validateFile Problem with directory [/Users/wangyahao/Desktop/code/apache-tomcat-8.5.58-src-wyh/source/lib], exists: [false], isDirectory: [false], canRead: [false]
28-Oct-2020 07:18:08.529 信息 [main] org.apache.catalina.startup.VersionLoggerListener.log Server version name:   Apache Tomcat/@VERSION@
28-Oct-2020 07:18:08.529 信息 [main] org.apache.catalina.startup.VersionLoggerListener.log Server built:          @VERSION_BUILT@
28-Oct-2020 07:18:08.529 信息 [main] org.apache.catalina.startup.VersionLoggerListener.log Server version number: @VERSION_NUMBER@
28-Oct-2020 07:18:08.529 信息 [main] org.apache.catalina.startup.VersionLoggerListener.log OS Name:               Mac OS X
28-Oct-2020 07:18:08.529 信息 [main] org.apache.catalina.startup.VersionLoggerListener.log OS Version:            10.15.5
28-Oct-2020 07:18:08.529 信息 [main] org.apache.catalina.startup.VersionLoggerListener.log Architecture:          x86_64
28-Oct-2020 07:18:08.530 信息 [main] org.apache.catalina.startup.VersionLoggerListener.log Java Home:             /Library/Java/JavaVirtualMachines/jdk1.8.0_211.jdk/Contents/Home/jre
28-Oct-2020 07:18:08.530 信息 [main] org.apache.catalina.startup.VersionLoggerListener.log JVM Version:           1.8.0_211-b12
28-Oct-2020 07:18:08.530 信息 [main] org.apache.catalina.startup.VersionLoggerListener.log JVM Vendor:            Oracle Corporation
28-Oct-2020 07:18:08.530 信息 [main] org.apache.catalina.startup.VersionLoggerListener.log CATALINA_BASE:         /Users/wangyahao/Desktop/code/apache-tomcat-8.5.58-src-wyh/source
28-Oct-2020 07:18:08.530 信息 [main] org.apache.catalina.startup.VersionLoggerListener.log CATALINA_HOME:         /Users/wangyahao/Desktop/code/apache-tomcat-8.5.58-src-wyh/source
28-Oct-2020 07:18:08.531 信息 [main] org.apache.catalina.startup.VersionLoggerListener.log Command line argument: -agentlib:jdwp=transport=dt_socket,address=127.0.0.1:62956,suspend=y,server=n
28-Oct-2020 07:18:08.531 信息 [main] org.apache.catalina.startup.VersionLoggerListener.log Command line argument: -Dcatalina.home=/Users/wangyahao/Desktop/code/apache-tomcat-8.5.58-src-wyh/source
28-Oct-2020 07:18:08.531 信息 [main] org.apache.catalina.startup.VersionLoggerListener.log Command line argument: -Dcatalina.base=/Users/wangyahao/Desktop/code/apache-tomcat-8.5.58-src-wyh/source
28-Oct-2020 07:18:08.531 信息 [main] org.apache.catalina.startup.VersionLoggerListener.log Command line argument: -Djava.util.logging.manager=org.apache.juli.ClassLoaderLogManager
28-Oct-2020 07:18:08.532 信息 [main] org.apache.catalina.startup.VersionLoggerListener.log Command line argument: -Djava.util.logging.config.file=/Users/wangyahao/Desktop/code/apache-tomcat-8.5.58-src-wyh/source/conf/logging.properties
28-Oct-2020 07:18:08.532 信息 [main] org.apache.catalina.startup.VersionLoggerListener.log Command line argument: -javaagent:/Users/wangyahao/Library/Caches/IntelliJIdea2019.2/captureAgent/debugger-agent.jar
28-Oct-2020 07:18:08.532 信息 [main] org.apache.catalina.startup.VersionLoggerListener.log Command line argument: -Dfile.encoding=UTF-8
28-Oct-2020 07:18:08.532 信息 [main] org.apache.catalina.core.AprLifecycleListener.lifecycleEvent The Apache Tomcat Native library which allows using OpenSSL was not found on the java.library.path: [/Users/wangyahao/Library/Java/Extensions:/Library/Java/Extensions:/Network/Library/Java/Extensions:/System/Library/Java/Extensions:/usr/lib/java:.]
28-Oct-2020 07:18:11.925 信息 [main] org.apache.coyote.AbstractProtocol.init Initializing ProtocolHandler ["http-nio-8080"]
28-Oct-2020 07:18:11.953 信息 [main] org.apache.tomcat.util.net.NioSelectorPool.getSharedSelector Using a shared selector for servlet write/read
28-Oct-2020 07:18:11.970 信息 [main] org.apache.catalina.startup.Catalina.load Initialization processed in 17667 ms
28-Oct-2020 07:18:12.003 信息 [main] org.apache.catalina.core.StandardService.startInternal Starting service [Catalina]
28-Oct-2020 07:18:12.003 信息 [main] org.apache.catalina.core.StandardEngine.startInternal Starting Servlet Engine: Apache Tomcat/@VERSION@
28-Oct-2020 07:18:12.040 信息 [localhost-startStop-1] org.apache.catalina.startup.HostConfig.deployDirectory Deploying web application directory [/Users/wangyahao/Desktop/code/apache-tomcat-8.5.58-src-wyh/source/webapps/web_demo]
28-Oct-2020 07:25:53.561 警告 [localhost-startStop-1] org.apache.tomcat.util.descriptor.web.WebXml.setVersion Unknown version string [4.0]. Default version will be used.
28-Oct-2020 07:25:54.980 信息 [localhost-startStop-1] org.apache.jasper.servlet.TldScanner.scanJars At least one JAR was scanned for TLDs yet contained no TLDs. Enable debug logging for this logger for a complete list of JARs that were scanned but no TLDs were found in them. Skipping unneeded JARs during scanning can improve startup time and JSP compilation time.
28-Oct-2020 07:25:55.011 信息 [localhost-startStop-1] org.apache.catalina.startup.HostConfig.deployDirectory Deployment of web application directory [/Users/wangyahao/Desktop/code/apache-tomcat-8.5.58-src-wyh/source/webapps/web_demo] has finished in [462,971] ms
28-Oct-2020 07:25:55.011 信息 [localhost-startStop-1] org.apache.catalina.startup.HostConfig.deployDirectory Deploying web application directory [/Users/wangyahao/Desktop/code/apache-tomcat-8.5.58-src-wyh/source/webapps/docs]
28-Oct-2020 07:26:49.532 信息 [localhost-startStop-1] org.apache.jasper.servlet.TldScanner.scanJars At least one JAR was scanned for TLDs yet contained no TLDs. Enable debug logging for this logger for a complete list of JARs that were scanned but no TLDs were found in them. Skipping unneeded JARs during scanning can improve startup time and JSP compilation time.
28-Oct-2020 07:26:49.533 信息 [localhost-startStop-1] org.apache.catalina.startup.HostConfig.deployDirectory Deployment of web application directory [/Users/wangyahao/Desktop/code/apache-tomcat-8.5.58-src-wyh/source/webapps/docs] has finished in [54,522] ms
28-Oct-2020 07:26:49.533 信息 [localhost-startStop-1] org.apache.catalina.startup.HostConfig.deployDirectory Deploying web application directory [/Users/wangyahao/Desktop/code/apache-tomcat-8.5.58-src-wyh/source/webapps/manager]
28-Oct-2020 07:26:57.245 信息 [localhost-startStop-1] org.apache.jasper.servlet.TldScanner.scanJars At least one JAR was scanned for TLDs yet contained no TLDs. Enable debug logging for this logger for a complete list of JARs that were scanned but no TLDs were found in them. Skipping unneeded JARs during scanning can improve startup time and JSP compilation time.
28-Oct-2020 07:26:57.251 信息 [localhost-startStop-1] org.apache.catalina.startup.HostConfig.deployDirectory Deployment of web application directory [/Users/wangyahao/Desktop/code/apache-tomcat-8.5.58-src-wyh/source/webapps/manager] has finished in [7,717] ms
28-Oct-2020 07:26:57.251 信息 [localhost-startStop-1] org.apache.catalina.startup.HostConfig.deployDirectory Deploying web application directory [/Users/wangyahao/Desktop/code/apache-tomcat-8.5.58-src-wyh/source/webapps/examples]
28-Oct-2020 07:26:58.150 信息 [localhost-startStop-1] org.apache.jasper.servlet.TldScanner.scanJars At least one JAR was scanned for TLDs yet contained no TLDs. Enable debug logging for this logger for a complete list of JARs that were scanned but no TLDs were found in them. Skipping unneeded JARs during scanning can improve startup time and JSP compilation time.
28-Oct-2020 07:26:58.161 严重 [localhost-startStop-1] org.apache.catalina.core.StandardContext.startInternal One or more listeners failed to start. Full details will be found in the appropriate container log file
28-Oct-2020 07:26:58.162 严重 [localhost-startStop-1] org.apache.catalina.core.StandardContext.startInternal Context [/examples] startup failed due to previous errors
28-Oct-2020 07:26:58.169 信息 [localhost-startStop-1] org.apache.catalina.startup.HostConfig.deployDirectory Deployment of web application directory [/Users/wangyahao/Desktop/code/apache-tomcat-8.5.58-src-wyh/source/webapps/examples] has finished in [918] ms
28-Oct-2020 07:26:58.169 信息 [localhost-startStop-1] org.apache.catalina.startup.HostConfig.deployDirectory Deploying web application directory [/Users/wangyahao/Desktop/code/apache-tomcat-8.5.58-src-wyh/source/webapps/ROOT]
28-Oct-2020 07:27:03.180 信息 [localhost-startStop-1] org.apache.jasper.servlet.TldScanner.scanJars At least one JAR was scanned for TLDs yet contained no TLDs. Enable debug logging for this logger for a complete list of JARs that were scanned but no TLDs were found in them. Skipping unneeded JARs during scanning can improve startup time and JSP compilation time.
28-Oct-2020 07:27:03.181 信息 [localhost-startStop-1] org.apache.catalina.startup.HostConfig.deployDirectory Deployment of web application directory [/Users/wangyahao/Desktop/code/apache-tomcat-8.5.58-src-wyh/source/webapps/ROOT] has finished in [5,012] ms
28-Oct-2020 07:27:03.182 信息 [localhost-startStop-1] org.apache.catalina.startup.HostConfig.deployDirectory Deploying web application directory [/Users/wangyahao/Desktop/code/apache-tomcat-8.5.58-src-wyh/source/webapps/host-manager]
28-Oct-2020 07:27:06.950 信息 [localhost-startStop-1] org.apache.jasper.servlet.TldScanner.scanJars At least one JAR was scanned for TLDs yet contained no TLDs. Enable debug logging for this logger for a complete list of JARs that were scanned but no TLDs were found in them. Skipping unneeded JARs during scanning can improve startup time and JSP compilation time.
28-Oct-2020 07:27:06.952 信息 [localhost-startStop-1] org.apache.catalina.startup.HostConfig.deployDirectory Deployment of web application directory [/Users/wangyahao/Desktop/code/apache-tomcat-8.5.58-src-wyh/source/webapps/host-manager] has finished in [3,770] ms
28-Oct-2020 07:27:06.958 信息 [main] org.apache.coyote.AbstractProtocol.start Starting ProtocolHandler ["http-nio-8080"]
28-Oct-2020 07:27:06.967 信息 [main] org.apache.catalina.startup.Catalina.start Server startup in 534997 ms
